# JRE version: Java(TM) SE Runtime Environment (8.0_51-b16) (build 1.8.0_51-b16)
# Java VM: Java HotSpot(TM) 64-Bit Server VM (25.51-b03 mixed mode windows-amd64 compressed oops)
Heap:
 PSYoungGen      total 76288K, used 3191K [0x000000076b100000, 0x0000000770600000, 0x00000007c0000000)
  eden space 65536K, 4% used [0x000000076b100000,0x000000076b41dfe0,0x000000076f100000)
  from space 10752K, 0% used [0x000000076fb80000,0x000000076fb80000,0x0000000770600000)
  to   space 10752K, 0% used [0x000000076f100000,0x000000076f100000,0x000000076fb80000)
 ParOldGen       total 175104K, used 7351K [0x00000006c1200000, 0x00000006cbd00000, 0x000000076b100000)
  object space 175104K, 4% used [0x00000006c1200000,0x00000006c192dc90,0x00000006cbd00000)
 Metaspace       used 19781K, capacity 20608K, committed 20736K, reserved 1067008K
  class space    used 2771K, capacity 2971K, committed 3072K, reserved 1048576K
GC Heap History (6 events):
Event: 6.180 GC heap before
{Heap before GC invocations=1 (full 0):
 PSYoungGen      total 76288K, used 65536K [0x000000076b100000, 0x0000000770600000, 0x00000007c0000000)
  eden space 65536K, 100% used [0x000000076b100000,0x000000076f100000,0x000000076f100000)
  from space 10752K, 0% used [0x000000076fb80000,0x000000076fb80000,0x0000000770600000)
  to   space 10752K, 0% used [0x000000076f100000,0x000000076f100000,0x000000076fb80000)
 ParOldGen       total 175104K, used 0K [0x00000006c1200000, 0x00000006cbd00000, 0x000000076b100000)
  object space 175104K, 0% used [0x00000006c1200000,0x00000006c1200000,0x00000006cbd00000)
 Metaspace       used 19465K, capacity 20294K, committed 20480K, reserved 1067008K
  class space    used 2757K, capacity 2954K, committed 3072K, reserved 1048576K
Event: 6.200 GC heap after
Heap after GC invocations=1 (full 0):
 PSYoungGen      total 76288K, used 10740K [0x000000076b100000, 0x0000000770600000, 0x00000007c0000000)
  eden space 65536K, 0% used [0x000000076b100000,0x000000076b100000,0x000000076f100000)
  from space 10752K, 99% used [0x000000076f100000,0x000000076fb7d2b8,0x000000076fb80000)
  to   space 10752K, 0% used [0x000000076fb80000,0x000000076fb80000,0x0000000770600000)
 ParOldGen       total 175104K, used 2523K [0x00000006c1200000, 0x00000006cbd00000, 0x000000076b100000)
  object space 175104K, 1% used [0x00000006c1200000,0x00000006c1476f30,0x00000006cbd00000)
 Metaspace       used 19465K, capacity 20294K, committed 20480K, reserved 1067008K
  class space    used 2757K, capacity 2954K, committed 3072K, reserved 1048576K
}
Event: 65.867 GC heap before
{Heap before GC invocations=2 (full 0):
 PSYoungGen      total 76288K, used 45794K [0x000000076b100000, 0x0000000770600000, 0x00000007c0000000)
  eden space 65536K, 53% used [0x000000076b100000,0x000000076d33b6b0,0x000000076f100000)
  from space 10752K, 99% used [0x000000076f100000,0x000000076fb7d2b8,0x000000076fb80000)
  to   space 10752K, 0% used [0x000000076fb80000,0x000000076fb80000,0x0000000770600000)
 ParOldGen       total 175104K, used 2523K [0x00000006c1200000, 0x00000006cbd00000, 0x000000076b100000)
  object space 175104K, 1% used [0x00000006c1200000,0x00000006c1476f30,0x00000006cbd00000)
 Metaspace       used 19766K, capacity 20582K, committed 20736K, reserved 1067008K
  class space    used 2766K, capacity 2964K, committed 3072K, reserved 1048576K
Event: 65.883 GC heap after
Heap after GC invocations=2 (full 0):
 PSYoungGen      total 76288K, used 9494K [0x000000076b100000, 0x0000000770600000, 0x00000007c0000000)
  eden space 65536K, 0% used [0x000000076b100000,0x000000076b100000,0x000000076f100000)
  from space 10752K, 88% used [0x000000076fb80000,0x00000007704c5980,0x0000000770600000)
  to   space 10752K, 0% used [0x000000076f100000,0x000000076f100000,0x000000076fb80000)
 ParOldGen       total 175104K, used 2531K [0x00000006c1200000, 0x00000006cbd00000, 0x000000076b100000)
  object space 175104K, 1% used [0x00000006c1200000,0x00000006c1478f30,0x00000006cbd00000)
 Metaspace       used 19766K, capacity 20582K, committed 20736K, reserved 1067008K
  class space    used 2766K, capacity 2964K, committed 3072K, reserved 1048576K
}
Event: 65.883 GC heap before
{Heap before GC invocations=3 (full 1):
 PSYoungGen      total 76288K, used 9494K [0x000000076b100000, 0x0000000770600000, 0x00000007c0000000)
  eden space 65536K, 0% used [0x000000076b100000,0x000000076b100000,0x000000076f100000)
  from space 10752K, 88% used [0x000000076fb80000,0x00000007704c5980,0x0000000770600000)
  to   space 10752K, 0% used [0x000000076f100000,0x000000076f100000,0x000000076fb80000)
 ParOldGen       total 175104K, used 2531K [0x00000006c1200000, 0x00000006cbd00000, 0x000000076b100000)
  object space 175104K, 1% used [0x00000006c1200000,0x00000006c1478f30,0x00000006cbd00000)
 Metaspace       used 19766K, capacity 20582K, committed 20736K, reserved 1067008K
  class space    used 2766K, capacity 2964K, committed 3072K, reserved 1048576K
Event: 65.965 GC heap after
Heap after GC invocations=3 (full 1):
 PSYoungGen      total 76288K, used 0K [0x000000076b100000, 0x0000000770600000, 0x00000007c0000000)
  eden space 65536K, 0% used [0x000000076b100000,0x000000076b100000,0x000000076f100000)
  from space 10752K, 0% used [0x000000076fb80000,0x000000076fb80000,0x0000000770600000)
  to   space 10752K, 0% used [0x000000076f100000,0x000000076f100000,0x000000076fb80000)
 ParOldGen       total 175104K, used 7351K [0x00000006c1200000, 0x00000006cbd00000, 0x000000076b100000)
  object space 175104K, 4% used [0x00000006c1200000,0x00000006c192dc90,0x00000006cbd00000)
 Metaspace       used 19766K, capacity 20582K, committed 20736K, reserved 1067008K
  class space    used 2766K, capacity 2964K, committed 3072K, reserved 1048576K
}

