# JRE version: Java(TM) SE Runtime Environment (8.0_51-b16) (build 1.8.0_51-b16)
# Java VM: Java HotSpot(TM) 64-Bit Server VM (25.51-b03 mixed mode windows-amd64 compressed oops)
Heap:
 PSYoungGen      total 76288K, used 2485K [0x000000076b100000, 0x0000000770600000, 0x00000007c0000000)
  eden space 65536K, 3% used [0x000000076b100000,0x000000076b36d698,0x000000076f100000)
  from space 10752K, 0% used [0x000000076f100000,0x000000076f100000,0x000000076fb80000)
  to   space 10752K, 0% used [0x000000076fb80000,0x000000076fb80000,0x0000000770600000)
 ParOldGen       total 175104K, used 7501K [0x00000006c1200000, 0x00000006cbd00000, 0x000000076b100000)
  object space 175104K, 4% used [0x00000006c1200000,0x00000006c19535c0,0x00000006cbd00000)
 Metaspace       used 19704K, capacity 20494K, committed 20736K, reserved 1067008K
  class space    used 2751K, capacity 2956K, committed 3072K, reserved 1048576K
GC Heap History (10 events):
Event: 9.633 GC heap before
{Heap before GC invocations=2 (full 0):
 PSYoungGen      total 76288K, used 76260K [0x000000076b100000, 0x0000000770600000, 0x00000007c0000000)
  eden space 65536K, 100% used [0x000000076b100000,0x000000076f100000,0x000000076f100000)
  from space 10752K, 99% used [0x000000076f100000,0x000000076fb792a8,0x000000076fb80000)
  to   space 10752K, 0% used [0x000000076fb80000,0x000000076fb80000,0x0000000770600000)
 ParOldGen       total 175104K, used 2475K [0x00000006c1200000, 0x00000006cbd00000, 0x000000076b100000)
  object space 175104K, 1% used [0x00000006c1200000,0x00000006c146af90,0x00000006cbd00000)
 Metaspace       used 19544K, capacity 20340K, committed 20480K, reserved 1067008K
  class space    used 2745K, capacity 2949K, committed 3072K, reserved 1048576K
Event: 9.659 GC heap after
Heap after GC invocations=2 (full 0):
 PSYoungGen      total 76288K, used 10734K [0x000000076b100000, 0x0000000770600000, 0x00000007c0000000)
  eden space 65536K, 0% used [0x000000076b100000,0x000000076b100000,0x000000076f100000)
  from space 10752K, 99% used [0x000000076fb80000,0x00000007705fb9a0,0x0000000770600000)
  to   space 10752K, 0% used [0x000000076f100000,0x000000076f100000,0x000000076fb80000)
 ParOldGen       total 175104K, used 16620K [0x00000006c1200000, 0x00000006cbd00000, 0x000000076b100000)
  object space 175104K, 9% used [0x00000006c1200000,0x00000006c223b150,0x00000006cbd00000)
 Metaspace       used 19544K, capacity 20340K, committed 20480K, reserved 1067008K
  class space    used 2745K, capacity 2949K, committed 3072K, reserved 1048576K
}
Event: 14.584 GC heap before
{Heap before GC invocations=3 (full 0):
 PSYoungGen      total 76288K, used 76270K [0x000000076b100000, 0x0000000770600000, 0x00000007c0000000)
  eden space 65536K, 100% used [0x000000076b100000,0x000000076f100000,0x000000076f100000)
  from space 10752K, 99% used [0x000000076fb80000,0x00000007705fb9a0,0x0000000770600000)
  to   space 10752K, 0% used [0x000000076f100000,0x000000076f100000,0x000000076fb80000)
 ParOldGen       total 175104K, used 16620K [0x00000006c1200000, 0x00000006cbd00000, 0x000000076b100000)
  object space 175104K, 9% used [0x00000006c1200000,0x00000006c223b150,0x00000006cbd00000)
 Metaspace       used 19592K, capacity 20340K, committed 20480K, reserved 1067008K
  class space    used 2745K, capacity 2949K, committed 3072K, reserved 1048576K
Event: 14.606 GC heap after
Heap after GC invocations=3 (full 0):
 PSYoungGen      total 76288K, used 10738K [0x000000076b100000, 0x0000000770600000, 0x00000007c0000000)
  eden space 65536K, 0% used [0x000000076b100000,0x000000076b100000,0x000000076f100000)
  from space 10752K, 99% used [0x000000076f100000,0x000000076fb7c9b0,0x000000076fb80000)
  to   space 10752K, 0% used [0x000000076fb80000,0x000000076fb80000,0x0000000770600000)
 ParOldGen       total 175104K, used 27601K [0x00000006c1200000, 0x00000006cbd00000, 0x000000076b100000)
  object space 175104K, 15% used [0x00000006c1200000,0x00000006c2cf4790,0x00000006cbd00000)
 Metaspace       used 19592K, capacity 20340K, committed 20480K, reserved 1067008K
  class space    used 2745K, capacity 2949K, committed 3072K, reserved 1048576K
}
Event: 19.448 GC heap before
{Heap before GC invocations=4 (full 0):
 PSYoungGen      total 76288K, used 76274K [0x000000076b100000, 0x0000000770600000, 0x00000007c0000000)
  eden space 65536K, 100% used [0x000000076b100000,0x000000076f100000,0x000000076f100000)
  from space 10752K, 99% used [0x000000076f100000,0x000000076fb7c9b0,0x000000076fb80000)
  to   space 10752K, 0% used [0x000000076fb80000,0x000000076fb80000,0x0000000770600000)
 ParOldGen       total 175104K, used 27601K [0x00000006c1200000, 0x00000006cbd00000, 0x000000076b100000)
  object space 175104K, 15% used [0x00000006c1200000,0x00000006c2cf4790,0x00000006cbd00000)
 Metaspace       used 19638K, capacity 20404K, committed 20736K, reserved 1067008K
  class space    used 2746K, capacity 2949K, committed 3072K, reserved 1048576K
Event: 19.468 GC heap after
Heap after GC invocations=4 (full 0):
 PSYoungGen      total 76288K, used 10730K [0x000000076b100000, 0x0000000770600000, 0x00000007c0000000)
  eden space 65536K, 0% used [0x000000076b100000,0x000000076b100000,0x000000076f100000)
  from space 10752K, 99% used [0x000000076fb80000,0x00000007705fa980,0x0000000770600000)
  to   space 10752K, 0% used [0x000000076f100000,0x000000076f100000,0x000000076fb80000)
 ParOldGen       total 175104K, used 38410K [0x00000006c1200000, 0x00000006cbd00000, 0x000000076b100000)
  object space 175104K, 21% used [0x00000006c1200000,0x00000006c37829d0,0x00000006cbd00000)
 Metaspace       used 19638K, capacity 20404K, committed 20736K, reserved 1067008K
  class space    used 2746K, capacity 2949K, committed 3072K, reserved 1048576K
}
Event: 21.160 GC heap before
{Heap before GC invocations=5 (full 0):
 PSYoungGen      total 76288K, used 36284K [0x000000076b100000, 0x0000000770600000, 0x00000007c0000000)
  eden space 65536K, 38% used [0x000000076b100000,0x000000076c9f49d8,0x000000076f100000)
  from space 10752K, 99% used [0x000000076fb80000,0x00000007705fa980,0x0000000770600000)
  to   space 10752K, 0% used [0x000000076f100000,0x000000076f100000,0x000000076fb80000)
 ParOldGen       total 175104K, used 38410K [0x00000006c1200000, 0x00000006cbd00000, 0x000000076b100000)
  object space 175104K, 21% used [0x00000006c1200000,0x00000006c37829d0,0x00000006cbd00000)
 Metaspace       used 19689K, capacity 20468K, committed 20736K, reserved 1067008K
  class space    used 2746K, capacity 2949K, committed 3072K, reserved 1048576K
Event: 21.164 GC heap after
Heap after GC invocations=5 (full 0):
 PSYoungGen      total 76288K, used 3699K [0x000000076b100000, 0x0000000770600000, 0x00000007c0000000)
  eden space 65536K, 0% used [0x000000076b100000,0x000000076b100000,0x000000076f100000)
  from space 10752K, 34% used [0x000000076f100000,0x000000076f49cc40,0x000000076fb80000)
  to   space 10752K, 0% used [0x000000076fb80000,0x000000076fb80000,0x0000000770600000)
 ParOldGen       total 175104K, used 38418K [0x00000006c1200000, 0x00000006cbd00000, 0x000000076b100000)
  object space 175104K, 21% used [0x00000006c1200000,0x00000006c37849d0,0x00000006cbd00000)
 Metaspace       used 19689K, capacity 20468K, committed 20736K, reserved 1067008K
  class space    used 2746K, capacity 2949K, committed 3072K, reserved 1048576K
}
Event: 21.164 GC heap before
{Heap before GC invocations=6 (full 1):
 PSYoungGen      total 76288K, used 3699K [0x000000076b100000, 0x0000000770600000, 0x00000007c0000000)
  eden space 65536K, 0% used [0x000000076b100000,0x000000076b100000,0x000000076f100000)
  from space 10752K, 34% used [0x000000076f100000,0x000000076f49cc40,0x000000076fb80000)
  to   space 10752K, 0% used [0x000000076fb80000,0x000000076fb80000,0x0000000770600000)
 ParOldGen       total 175104K, used 38418K [0x00000006c1200000, 0x00000006cbd00000, 0x000000076b100000)
  object space 175104K, 21% used [0x00000006c1200000,0x00000006c37849d0,0x00000006cbd00000)
 Metaspace       used 19689K, capacity 20468K, committed 20736K, reserved 1067008K
  class space    used 2746K, capacity 2949K, committed 3072K, reserved 1048576K
Event: 21.194 GC heap after
Heap after GC invocations=6 (full 1):
 PSYoungGen      total 76288K, used 0K [0x000000076b100000, 0x0000000770600000, 0x00000007c0000000)
  eden space 65536K, 0% used [0x000000076b100000,0x000000076b100000,0x000000076f100000)
  from space 10752K, 0% used [0x000000076f100000,0x000000076f100000,0x000000076fb80000)
  to   space 10752K, 0% used [0x000000076fb80000,0x000000076fb80000,0x0000000770600000)
 ParOldGen       total 175104K, used 7501K [0x00000006c1200000, 0x00000006cbd00000, 0x000000076b100000)
  object space 175104K, 4% used [0x00000006c1200000,0x00000006c19535c0,0x00000006cbd00000)
 Metaspace       used 19689K, capacity 20468K, committed 20736K, reserved 1067008K
  class space    used 2746K, capacity 2949K, committed 3072K, reserved 1048576K
}

