# JRE version: Java(TM) SE Runtime Environment (8.0_51-b16) (build 1.8.0_51-b16)
# Java VM: Java HotSpot(TM) 64-Bit Server VM (25.51-b03 mixed mode windows-amd64 compressed oops)
Heap:
 PSYoungGen      total 98304K, used 2472K [0x000000076b100000, 0x0000000774100000, 0x00000007c0000000)
  eden space 52224K, 4% used [0x000000076b100000,0x000000076b36a350,0x000000076e400000)
  from space 46080K, 0% used [0x000000076e400000,0x000000076e400000,0x0000000771100000)
  to   space 47616K, 0% used [0x0000000771280000,0x0000000771280000,0x0000000774100000)
 ParOldGen       total 213504K, used 7358K [0x00000006c1200000, 0x00000006ce280000, 0x000000076b100000)
  object space 213504K, 3% used [0x00000006c1200000,0x00000006c192f9c8,0x00000006ce280000)
 Metaspace       used 20210K, capacity 21032K, committed 21248K, reserved 1067008K
  class space    used 2770K, capacity 2961K, committed 3072K, reserved 1048576K
GC Heap History (10 events):
Event: 56.687 GC heap before
{Heap before GC invocations=11 (full 0):
 PSYoungGen      total 98304K, used 73541K [0x000000076b100000, 0x0000000773e00000, 0x00000007c0000000)
  eden space 54272K, 99% used [0x000000076b100000,0x000000076e5e6ec0,0x000000076e600000)
  from space 44032K, 43% used [0x0000000771300000,0x00000007725ea7f0,0x0000000773e00000)
  to   space 45056K, 0% used [0x000000076e600000,0x000000076e600000,0x0000000771200000)
 ParOldGen       total 175104K, used 134259K [0x00000006c1200000, 0x00000006cbd00000, 0x000000076b100000)
  object space 175104K, 76% used [0x00000006c1200000,0x00000006c951cc10,0x00000006cbd00000)
 Metaspace       used 20096K, capacity 20874K, committed 21248K, reserved 1067008K
  class space    used 2764K, capacity 2954K, committed 3072K, reserved 1048576K
Event: 56.726 GC heap after
Heap after GC invocations=11 (full 0):
 PSYoungGen      total 98304K, used 11040K [0x000000076b100000, 0x0000000773f00000, 0x00000007c0000000)
  eden space 53248K, 0% used [0x000000076b100000,0x000000076b100000,0x000000076e500000)
  from space 45056K, 24% used [0x000000076e600000,0x000000076f0c8150,0x0000000771200000)
  to   space 46080K, 0% used [0x0000000771200000,0x0000000771200000,0x0000000773f00000)
 ParOldGen       total 175104K, used 168149K [0x00000006c1200000, 0x00000006cbd00000, 0x000000076b100000)
  object space 175104K, 96% used [0x00000006c1200000,0x00000006cb635720,0x00000006cbd00000)
 Metaspace       used 20096K, capacity 20874K, committed 21248K, reserved 1067008K
  class space    used 2764K, capacity 2954K, committed 3072K, reserved 1048576K
}
Event: 56.726 GC heap before
{Heap before GC invocations=12 (full 1):
 PSYoungGen      total 98304K, used 11040K [0x000000076b100000, 0x0000000773f00000, 0x00000007c0000000)
  eden space 53248K, 0% used [0x000000076b100000,0x000000076b100000,0x000000076e500000)
  from space 45056K, 24% used [0x000000076e600000,0x000000076f0c8150,0x0000000771200000)
  to   space 46080K, 0% used [0x0000000771200000,0x0000000771200000,0x0000000773f00000)
 ParOldGen       total 175104K, used 168149K [0x00000006c1200000, 0x00000006cbd00000, 0x000000076b100000)
  object space 175104K, 96% used [0x00000006c1200000,0x00000006cb635720,0x00000006cbd00000)
 Metaspace       used 20096K, capacity 20874K, committed 21248K, reserved 1067008K
  class space    used 2764K, capacity 2954K, committed 3072K, reserved 1048576K
Event: 56.827 GC heap after
Heap after GC invocations=12 (full 1):
 PSYoungGen      total 98304K, used 0K [0x000000076b100000, 0x0000000773f00000, 0x00000007c0000000)
  eden space 53248K, 0% used [0x000000076b100000,0x000000076b100000,0x000000076e500000)
  from space 45056K, 0% used [0x000000076e600000,0x000000076e600000,0x0000000771200000)
  to   space 46080K, 0% used [0x0000000771200000,0x0000000771200000,0x0000000773f00000)
 ParOldGen       total 213504K, used 108989K [0x00000006c1200000, 0x00000006ce280000, 0x000000076b100000)
  object space 213504K, 51% used [0x00000006c1200000,0x00000006c7c6f620,0x00000006ce280000)
 Metaspace       used 20096K, capacity 20874K, committed 21248K, reserved 1067008K
  class space    used 2764K, capacity 2954K, committed 3072K, reserved 1048576K
}
Event: 62.456 GC heap before
{Heap before GC invocations=13 (full 1):
 PSYoungGen      total 98304K, used 53248K [0x000000076b100000, 0x0000000773f00000, 0x00000007c0000000)
  eden space 53248K, 100% used [0x000000076b100000,0x000000076e500000,0x000000076e500000)
  from space 45056K, 0% used [0x000000076e600000,0x000000076e600000,0x0000000771200000)
  to   space 46080K, 0% used [0x0000000771200000,0x0000000771200000,0x0000000773f00000)
 ParOldGen       total 213504K, used 108989K [0x00000006c1200000, 0x00000006ce280000, 0x000000076b100000)
  object space 213504K, 51% used [0x00000006c1200000,0x00000006c7c6f620,0x00000006ce280000)
 Metaspace       used 20099K, capacity 20874K, committed 21248K, reserved 1067008K
  class space    used 2764K, capacity 2954K, committed 3072K, reserved 1048576K
Event: 62.461 GC heap after
Heap after GC invocations=13 (full 1):
 PSYoungGen      total 97280K, used 14878K [0x000000076b100000, 0x0000000773e00000, 0x00000007c0000000)
  eden space 52224K, 0% used [0x000000076b100000,0x000000076b100000,0x000000076e400000)
  from space 45056K, 33% used [0x0000000771200000,0x0000000772087af0,0x0000000773e00000)
  to   space 46080K, 0% used [0x000000076e400000,0x000000076e400000,0x0000000771100000)
 ParOldGen       total 213504K, used 108997K [0x00000006c1200000, 0x00000006ce280000, 0x000000076b100000)
  object space 213504K, 51% used [0x00000006c1200000,0x00000006c7c71620,0x00000006ce280000)
 Metaspace       used 20099K, capacity 20874K, committed 21248K, reserved 1067008K
  class space    used 2764K, capacity 2954K, committed 3072K, reserved 1048576K
}
Event: 64.364 GC heap before
{Heap before GC invocations=14 (full 1):
 PSYoungGen      total 97280K, used 31781K [0x000000076b100000, 0x0000000773e00000, 0x00000007c0000000)
  eden space 52224K, 32% used [0x000000076b100000,0x000000076c181c18,0x000000076e400000)
  from space 45056K, 33% used [0x0000000771200000,0x0000000772087af0,0x0000000773e00000)
  to   space 46080K, 0% used [0x000000076e400000,0x000000076e400000,0x0000000771100000)
 ParOldGen       total 213504K, used 108997K [0x00000006c1200000, 0x00000006ce280000, 0x000000076b100000)
  object space 213504K, 51% used [0x00000006c1200000,0x00000006c7c71620,0x00000006ce280000)
 Metaspace       used 20153K, capacity 20942K, committed 21248K, reserved 1067008K
  class space    used 2765K, capacity 2954K, committed 3072K, reserved 1048576K
Event: 64.367 GC heap after
Heap after GC invocations=14 (full 1):
 PSYoungGen      total 98304K, used 449K [0x000000076b100000, 0x0000000774100000, 0x00000007c0000000)
  eden space 52224K, 0% used [0x000000076b100000,0x000000076b100000,0x000000076e400000)
  from space 46080K, 0% used [0x000000076e400000,0x000000076e470410,0x0000000771100000)
  to   space 47616K, 0% used [0x0000000771280000,0x0000000771280000,0x0000000774100000)
 ParOldGen       total 213504K, used 116486K [0x00000006c1200000, 0x00000006ce280000, 0x000000076b100000)
  object space 213504K, 54% used [0x00000006c1200000,0x00000006c83c1bb0,0x00000006ce280000)
 Metaspace       used 20153K, capacity 20942K, committed 21248K, reserved 1067008K
  class space    used 2765K, capacity 2954K, committed 3072K, reserved 1048576K
}
Event: 64.367 GC heap before
{Heap before GC invocations=15 (full 2):
 PSYoungGen      total 98304K, used 449K [0x000000076b100000, 0x0000000774100000, 0x00000007c0000000)
  eden space 52224K, 0% used [0x000000076b100000,0x000000076b100000,0x000000076e400000)
  from space 46080K, 0% used [0x000000076e400000,0x000000076e470410,0x0000000771100000)
  to   space 47616K, 0% used [0x0000000771280000,0x0000000771280000,0x0000000774100000)
 ParOldGen       total 213504K, used 116486K [0x00000006c1200000, 0x00000006ce280000, 0x000000076b100000)
  object space 213504K, 54% used [0x00000006c1200000,0x00000006c83c1bb0,0x00000006ce280000)
 Metaspace       used 20153K, capacity 20942K, committed 21248K, reserved 1067008K
  class space    used 2765K, capacity 2954K, committed 3072K, reserved 1048576K
Event: 64.454 GC heap after
Heap after GC invocations=15 (full 2):
 PSYoungGen      total 98304K, used 0K [0x000000076b100000, 0x0000000774100000, 0x00000007c0000000)
  eden space 52224K, 0% used [0x000000076b100000,0x000000076b100000,0x000000076e400000)
  from space 46080K, 0% used [0x000000076e400000,0x000000076e400000,0x0000000771100000)
  to   space 47616K, 0% used [0x0000000771280000,0x0000000771280000,0x0000000774100000)
 ParOldGen       total 213504K, used 7358K [0x00000006c1200000, 0x00000006ce280000, 0x000000076b100000)
  object space 213504K, 3% used [0x00000006c1200000,0x00000006c192f9c8,0x00000006ce280000)
 Metaspace       used 20153K, capacity 20942K, committed 21248K, reserved 1067008K
  class space    used 2765K, capacity 2954K, committed 3072K, reserved 1048576K
}

