# JRE version: Java(TM) SE Runtime Environment (8.0_51-b16) (build 1.8.0_51-b16)
# Java VM: Java HotSpot(TM) 64-Bit Server VM (25.51-b03 mixed mode windows-amd64 compressed oops)
Heap:
 PSYoungGen      total 86016K, used 4198K [0x000000076b100000, 0x0000000771d80000, 0x00000007c0000000)
  eden space 64000K, 6% used [0x000000076b100000,0x000000076b519bd8,0x000000076ef80000)
  from space 22016K, 0% used [0x0000000770800000,0x0000000770800000,0x0000000771d80000)
  to   space 23552K, 0% used [0x000000076ef80000,0x000000076ef80000,0x0000000770680000)
 ParOldGen       total 83456K, used 49360K [0x00000006c1200000, 0x00000006c6380000, 0x000000076b100000)
  object space 83456K, 59% used [0x00000006c1200000,0x00000006c4234338,0x00000006c6380000)
 Metaspace       used 22919K, capacity 23892K, committed 24240K, reserved 1071104K
  class space    used 3161K, capacity 3381K, committed 3504K, reserved 1048576K
GC Heap History (10 events):
Event: 14.070 GC heap before
{Heap before GC invocations=4 (full 1):
 PSYoungGen      total 76288K, used 65536K [0x000000076b100000, 0x0000000770600000, 0x00000007c0000000)
  eden space 65536K, 100% used [0x000000076b100000,0x000000076f100000,0x000000076f100000)
  from space 10752K, 0% used [0x000000076fb80000,0x000000076fb80000,0x0000000770600000)
  to   space 10752K, 0% used [0x000000076f100000,0x000000076f100000,0x000000076fb80000)
 ParOldGen       total 83456K, used 12849K [0x00000006c1200000, 0x00000006c6380000, 0x000000076b100000)
  object space 83456K, 15% used [0x00000006c1200000,0x00000006c1e8c5e0,0x00000006c6380000)
 Metaspace       used 22574K, capacity 23474K, committed 23600K, reserved 1069056K
  class space    used 3149K, capacity 3362K, committed 3376K, reserved 1048576K
Event: 14.076 GC heap after
Heap after GC invocations=4 (full 1):
 PSYoungGen      total 76288K, used 10710K [0x000000076b100000, 0x0000000770600000, 0x00000007c0000000)
  eden space 65536K, 0% used [0x000000076b100000,0x000000076b100000,0x000000076f100000)
  from space 10752K, 99% used [0x000000076f100000,0x000000076fb75a10,0x000000076fb80000)
  to   space 10752K, 0% used [0x000000076fb80000,0x000000076fb80000,0x0000000770600000)
 ParOldGen       total 83456K, used 13157K [0x00000006c1200000, 0x00000006c6380000, 0x000000076b100000)
  object space 83456K, 15% used [0x00000006c1200000,0x00000006c1ed95f0,0x00000006c6380000)
 Metaspace       used 22574K, capacity 23474K, committed 23600K, reserved 1069056K
  class space    used 3149K, capacity 3362K, committed 3376K, reserved 1048576K
}
Event: 18.907 GC heap before
{Heap before GC invocations=5 (full 1):
 PSYoungGen      total 76288K, used 76246K [0x000000076b100000, 0x0000000770600000, 0x00000007c0000000)
  eden space 65536K, 100% used [0x000000076b100000,0x000000076f100000,0x000000076f100000)
  from space 10752K, 99% used [0x000000076f100000,0x000000076fb75a10,0x000000076fb80000)
  to   space 10752K, 0% used [0x000000076fb80000,0x000000076fb80000,0x0000000770600000)
 ParOldGen       total 83456K, used 13157K [0x00000006c1200000, 0x00000006c6380000, 0x000000076b100000)
  object space 83456K, 15% used [0x00000006c1200000,0x00000006c1ed95f0,0x00000006c6380000)
 Metaspace       used 22653K, capacity 23620K, committed 23856K, reserved 1069056K
  class space    used 3151K, capacity 3365K, committed 3376K, reserved 1048576K
Event: 18.920 GC heap after
Heap after GC invocations=5 (full 1):
 PSYoungGen      total 76288K, used 10729K [0x000000076b100000, 0x0000000770600000, 0x00000007c0000000)
  eden space 65536K, 0% used [0x000000076b100000,0x000000076b100000,0x000000076f100000)
  from space 10752K, 99% used [0x000000076fb80000,0x00000007705fa5f0,0x0000000770600000)
  to   space 10752K, 0% used [0x000000076f100000,0x000000076f100000,0x000000076fb80000)
 ParOldGen       total 83456K, used 23202K [0x00000006c1200000, 0x00000006c6380000, 0x000000076b100000)
  object space 83456K, 27% used [0x00000006c1200000,0x00000006c28a8800,0x00000006c6380000)
 Metaspace       used 22653K, capacity 23620K, committed 23856K, reserved 1069056K
  class space    used 3151K, capacity 3365K, committed 3376K, reserved 1048576K
}
Event: 23.849 GC heap before
{Heap before GC invocations=6 (full 1):
 PSYoungGen      total 76288K, used 76265K [0x000000076b100000, 0x0000000770600000, 0x00000007c0000000)
  eden space 65536K, 100% used [0x000000076b100000,0x000000076f100000,0x000000076f100000)
  from space 10752K, 99% used [0x000000076fb80000,0x00000007705fa5f0,0x0000000770600000)
  to   space 10752K, 0% used [0x000000076f100000,0x000000076f100000,0x000000076fb80000)
 ParOldGen       total 83456K, used 23202K [0x00000006c1200000, 0x00000006c6380000, 0x000000076b100000)
  object space 83456K, 27% used [0x00000006c1200000,0x00000006c28a8800,0x00000006c6380000)
 Metaspace       used 22751K, capacity 23690K, committed 23856K, reserved 1069056K
  class space    used 3152K, capacity 3366K, committed 3376K, reserved 1048576K
Event: 23.858 GC heap after
Heap after GC invocations=6 (full 1):
 PSYoungGen      total 74752K, used 10727K [0x000000076b100000, 0x0000000772080000, 0x00000007c0000000)
  eden space 64000K, 0% used [0x000000076b100000,0x000000076b100000,0x000000076ef80000)
  from space 10752K, 99% used [0x000000076f100000,0x000000076fb79d20,0x000000076fb80000)
  to   space 25088K, 0% used [0x0000000770800000,0x0000000770800000,0x0000000772080000)
 ParOldGen       total 83456K, used 33842K [0x00000006c1200000, 0x00000006c6380000, 0x000000076b100000)
  object space 83456K, 40% used [0x00000006c1200000,0x00000006c330ca40,0x00000006c6380000)
 Metaspace       used 22751K, capacity 23690K, committed 23856K, reserved 1069056K
  class space    used 3152K, capacity 3366K, committed 3376K, reserved 1048576K
}
Event: 26.762 GC heap before
{Heap before GC invocations=7 (full 1):
 PSYoungGen      total 74752K, used 49942K [0x000000076b100000, 0x0000000772080000, 0x00000007c0000000)
  eden space 64000K, 61% used [0x000000076b100000,0x000000076d74be38,0x000000076ef80000)
  from space 10752K, 99% used [0x000000076f100000,0x000000076fb79d20,0x000000076fb80000)
  to   space 25088K, 0% used [0x0000000770800000,0x0000000770800000,0x0000000772080000)
 ParOldGen       total 83456K, used 33842K [0x00000006c1200000, 0x00000006c6380000, 0x000000076b100000)
  object space 83456K, 40% used [0x00000006c1200000,0x00000006c330ca40,0x00000006c6380000)
 Metaspace       used 22853K, capacity 23802K, committed 23856K, reserved 1069056K
  class space    used 3156K, capacity 3374K, committed 3376K, reserved 1048576K
Event: 26.769 GC heap after
Heap after GC invocations=7 (full 1):
 PSYoungGen      total 86016K, used 15993K [0x000000076b100000, 0x0000000771d80000, 0x00000007c0000000)
  eden space 64000K, 0% used [0x000000076b100000,0x000000076b100000,0x000000076ef80000)
  from space 22016K, 72% used [0x0000000770800000,0x000000077179e730,0x0000000771d80000)
  to   space 23552K, 0% used [0x000000076ef80000,0x000000076ef80000,0x0000000770680000)
 ParOldGen       total 83456K, used 33850K [0x00000006c1200000, 0x00000006c6380000, 0x000000076b100000)
  object space 83456K, 40% used [0x00000006c1200000,0x00000006c330ea40,0x00000006c6380000)
 Metaspace       used 22853K, capacity 23802K, committed 23856K, reserved 1069056K
  class space    used 3156K, capacity 3374K, committed 3376K, reserved 1048576K
}
Event: 26.769 GC heap before
{Heap before GC invocations=8 (full 2):
 PSYoungGen      total 86016K, used 15993K [0x000000076b100000, 0x0000000771d80000, 0x00000007c0000000)
  eden space 64000K, 0% used [0x000000076b100000,0x000000076b100000,0x000000076ef80000)
  from space 22016K, 72% used [0x0000000770800000,0x000000077179e730,0x0000000771d80000)
  to   space 23552K, 0% used [0x000000076ef80000,0x000000076ef80000,0x0000000770680000)
 ParOldGen       total 83456K, used 33850K [0x00000006c1200000, 0x00000006c6380000, 0x000000076b100000)
  object space 83456K, 40% used [0x00000006c1200000,0x00000006c330ea40,0x00000006c6380000)
 Metaspace       used 22853K, capacity 23802K, committed 23856K, reserved 1069056K
  class space    used 3156K, capacity 3374K, committed 3376K, reserved 1048576K
Event: 26.831 GC heap after
Heap after GC invocations=8 (full 2):
 PSYoungGen      total 86016K, used 0K [0x000000076b100000, 0x0000000771d80000, 0x00000007c0000000)
  eden space 64000K, 0% used [0x000000076b100000,0x000000076b100000,0x000000076ef80000)
  from space 22016K, 0% used [0x0000000770800000,0x0000000770800000,0x0000000771d80000)
  to   space 23552K, 0% used [0x000000076ef80000,0x000000076ef80000,0x0000000770680000)
 ParOldGen       total 83456K, used 49360K [0x00000006c1200000, 0x00000006c6380000, 0x000000076b100000)
  object space 83456K, 59% used [0x00000006c1200000,0x00000006c4234338,0x00000006c6380000)
 Metaspace       used 22853K, capacity 23802K, committed 23856K, reserved 1069056K
  class space    used 3156K, capacity 3374K, committed 3376K, reserved 1048576K
}

