# JRE version: Java(TM) SE Runtime Environment (8.0_51-b16) (build 1.8.0_51-b16)
# Java VM: Java HotSpot(TM) 64-Bit Server VM (25.51-b03 mixed mode windows-amd64 compressed oops)
Heap:
 PSYoungGen      total 76288K, used 9832K [0x000000076b100000, 0x0000000770600000, 0x00000007c0000000)
  eden space 65536K, 15% used [0x000000076b100000,0x000000076ba9a180,0x000000076f100000)
  from space 10752K, 0% used [0x000000076fb80000,0x000000076fb80000,0x0000000770600000)
  to   space 10752K, 0% used [0x000000076f100000,0x000000076f100000,0x000000076fb80000)
 ParOldGen       total 73728K, used 7873K [0x00000006c1200000, 0x00000006c5a00000, 0x000000076b100000)
  object space 73728K, 10% used [0x00000006c1200000,0x00000006c19b0788,0x00000006c5a00000)
 Metaspace       used 22290K, capacity 23344K, committed 23600K, reserved 1069056K
  class space    used 3097K, capacity 3327K, committed 3376K, reserved 1048576K
GC Heap History (8 events):
Event: 6.728 GC heap before
{Heap before GC invocations=1 (full 0):
 PSYoungGen      total 76288K, used 55791K [0x000000076b100000, 0x0000000770600000, 0x00000007c0000000)
  eden space 65536K, 85% used [0x000000076b100000,0x000000076e77bd70,0x000000076f100000)
  from space 10752K, 0% used [0x000000076fb80000,0x000000076fb80000,0x0000000770600000)
  to   space 10752K, 0% used [0x000000076f100000,0x000000076f100000,0x000000076fb80000)
 ParOldGen       total 175104K, used 0K [0x00000006c1200000, 0x00000006cbd00000, 0x000000076b100000)
  object space 175104K, 0% used [0x00000006c1200000,0x00000006c1200000,0x00000006cbd00000)
 Metaspace       used 20389K, capacity 21256K, committed 21296K, reserved 1067008K
  class space    used 2909K, capacity 3097K, committed 3120K, reserved 1048576K
Event: 6.736 GC heap after
Heap after GC invocations=1 (full 0):
 PSYoungGen      total 76288K, used 10142K [0x000000076b100000, 0x0000000770600000, 0x00000007c0000000)
  eden space 65536K, 0% used [0x000000076b100000,0x000000076b100000,0x000000076f100000)
  from space 10752K, 94% used [0x000000076f100000,0x000000076fae79a0,0x000000076fb80000)
  to   space 10752K, 0% used [0x000000076fb80000,0x000000076fb80000,0x0000000770600000)
 ParOldGen       total 175104K, used 88K [0x00000006c1200000, 0x00000006cbd00000, 0x000000076b100000)
  object space 175104K, 0% used [0x00000006c1200000,0x00000006c1216010,0x00000006cbd00000)
 Metaspace       used 20389K, capacity 21256K, committed 21296K, reserved 1067008K
  class space    used 2909K, capacity 3097K, committed 3120K, reserved 1048576K
}
Event: 6.737 GC heap before
{Heap before GC invocations=2 (full 1):
 PSYoungGen      total 76288K, used 10142K [0x000000076b100000, 0x0000000770600000, 0x00000007c0000000)
  eden space 65536K, 0% used [0x000000076b100000,0x000000076b100000,0x000000076f100000)
  from space 10752K, 94% used [0x000000076f100000,0x000000076fae79a0,0x000000076fb80000)
  to   space 10752K, 0% used [0x000000076fb80000,0x000000076fb80000,0x0000000770600000)
 ParOldGen       total 175104K, used 88K [0x00000006c1200000, 0x00000006cbd00000, 0x000000076b100000)
  object space 175104K, 0% used [0x00000006c1200000,0x00000006c1216010,0x00000006cbd00000)
 Metaspace       used 20389K, capacity 21256K, committed 21296K, reserved 1067008K
  class space    used 2909K, capacity 3097K, committed 3120K, reserved 1048576K
Event: 6.762 GC heap after
Heap after GC invocations=2 (full 1):
 PSYoungGen      total 76288K, used 0K [0x000000076b100000, 0x0000000770600000, 0x00000007c0000000)
  eden space 65536K, 0% used [0x000000076b100000,0x000000076b100000,0x000000076f100000)
  from space 10752K, 0% used [0x000000076f100000,0x000000076f100000,0x000000076fb80000)
  to   space 10752K, 0% used [0x000000076fb80000,0x000000076fb80000,0x0000000770600000)
 ParOldGen       total 73728K, used 7989K [0x00000006c1200000, 0x00000006c5a00000, 0x000000076b100000)
  object space 73728K, 10% used [0x00000006c1200000,0x00000006c19cd4d0,0x00000006c5a00000)
 Metaspace       used 20389K, capacity 21256K, committed 21296K, reserved 1067008K
  class space    used 2909K, capacity 3097K, committed 3120K, reserved 1048576K
}
Event: 29.579 GC heap before
{Heap before GC invocations=3 (full 1):
 PSYoungGen      total 76288K, used 12113K [0x000000076b100000, 0x0000000770600000, 0x00000007c0000000)
  eden space 65536K, 18% used [0x000000076b100000,0x000000076bcd4618,0x000000076f100000)
  from space 10752K, 0% used [0x000000076f100000,0x000000076f100000,0x000000076fb80000)
  to   space 10752K, 0% used [0x000000076fb80000,0x000000076fb80000,0x0000000770600000)
 ParOldGen       total 73728K, used 7989K [0x00000006c1200000, 0x00000006c5a00000, 0x000000076b100000)
  object space 73728K, 10% used [0x00000006c1200000,0x00000006c19cd4d0,0x00000006c5a00000)
 Metaspace       used 22060K, capacity 22994K, committed 23088K, reserved 1069056K
  class space    used 3092K, capacity 3320K, committed 3376K, reserved 1048576K
Event: 29.582 GC heap after
Heap after GC invocations=3 (full 1):
 PSYoungGen      total 76288K, used 416K [0x000000076b100000, 0x0000000770600000, 0x00000007c0000000)
  eden space 65536K, 0% used [0x000000076b100000,0x000000076b100000,0x000000076f100000)
  from space 10752K, 3% used [0x000000076fb80000,0x000000076fbe8000,0x0000000770600000)
  to   space 10752K, 0% used [0x000000076f100000,0x000000076f100000,0x000000076fb80000)
 ParOldGen       total 73728K, used 7997K [0x00000006c1200000, 0x00000006c5a00000, 0x000000076b100000)
  object space 73728K, 10% used [0x00000006c1200000,0x00000006c19cf4d0,0x00000006c5a00000)
 Metaspace       used 22060K, capacity 22994K, committed 23088K, reserved 1069056K
  class space    used 3092K, capacity 3320K, committed 3376K, reserved 1048576K
}
Event: 29.582 GC heap before
{Heap before GC invocations=4 (full 2):
 PSYoungGen      total 76288K, used 416K [0x000000076b100000, 0x0000000770600000, 0x00000007c0000000)
  eden space 65536K, 0% used [0x000000076b100000,0x000000076b100000,0x000000076f100000)
  from space 10752K, 3% used [0x000000076fb80000,0x000000076fbe8000,0x0000000770600000)
  to   space 10752K, 0% used [0x000000076f100000,0x000000076f100000,0x000000076fb80000)
 ParOldGen       total 73728K, used 7997K [0x00000006c1200000, 0x00000006c5a00000, 0x000000076b100000)
  object space 73728K, 10% used [0x00000006c1200000,0x00000006c19cf4d0,0x00000006c5a00000)
 Metaspace       used 22060K, capacity 22994K, committed 23088K, reserved 1069056K
  class space    used 3092K, capacity 3320K, committed 3376K, reserved 1048576K
Event: 29.674 GC heap after
Heap after GC invocations=4 (full 2):
 PSYoungGen      total 76288K, used 0K [0x000000076b100000, 0x0000000770600000, 0x00000007c0000000)
  eden space 65536K, 0% used [0x000000076b100000,0x000000076b100000,0x000000076f100000)
  from space 10752K, 0% used [0x000000076fb80000,0x000000076fb80000,0x0000000770600000)
  to   space 10752K, 0% used [0x000000076f100000,0x000000076f100000,0x000000076fb80000)
 ParOldGen       total 73728K, used 7873K [0x00000006c1200000, 0x00000006c5a00000, 0x000000076b100000)
  object space 73728K, 10% used [0x00000006c1200000,0x00000006c19b0788,0x00000006c5a00000)
 Metaspace       used 22060K, capacity 22994K, committed 23088K, reserved 1069056K
  class space    used 3092K, capacity 3320K, committed 3376K, reserved 1048576K
}

