# JRE version: Java(TM) SE Runtime Environment (8.0_51-b16) (build 1.8.0_51-b16)
# Java VM: Java HotSpot(TM) 64-Bit Server VM (25.51-b03 mixed mode windows-amd64 compressed oops)
Heap:
 PSYoungGen      total 72192K, used 245K [0x000000076b100000, 0x0000000773100000, 0x00000007c0000000)
  eden space 14336K, 1% used [0x000000076b100000,0x000000076b13d5e8,0x000000076bf00000)
  from space 57856K, 0% used [0x000000076f880000,0x000000076f880000,0x0000000773100000)
  to   space 58368K, 0% used [0x000000076bf00000,0x000000076bf00000,0x000000076f800000)
 ParOldGen       total 457216K, used 7334K [0x00000006c1200000, 0x00000006dd080000, 0x000000076b100000)
  object space 457216K, 1% used [0x00000006c1200000,0x00000006c1929888,0x00000006dd080000)
 Metaspace       used 20327K, capacity 21172K, committed 21504K, reserved 1067008K
  class space    used 2765K, capacity 2961K, committed 3072K, reserved 1048576K
GC Heap History (10 events):
Event: 198.863 GC heap before
{Heap before GC invocations=63 (full 6):
 PSYoungGen      total 78336K, used 14275K [0x000000076b100000, 0x0000000773b80000, 0x00000007c0000000)
  eden space 14336K, 99% used [0x000000076b100000,0x000000076bef0d40,0x000000076bf00000)
  from space 64000K, 0% used [0x000000076fd00000,0x000000076fd00000,0x0000000773b80000)
  to   space 63488K, 0% used [0x000000076bf00000,0x000000076bf00000,0x000000076fd00000)
 ParOldGen       total 457216K, used 357007K [0x00000006c1200000, 0x00000006dd080000, 0x000000076b100000)
  object space 457216K, 78% used [0x00000006c1200000,0x00000006d6ea3ef0,0x00000006dd080000)
 Metaspace       used 20217K, capacity 21078K, committed 21248K, reserved 1067008K
  class space    used 2760K, capacity 2954K, committed 3072K, reserved 1048576K
Event: 198.867 GC heap after
Heap after GC invocations=63 (full 6):
 PSYoungGen      total 20992K, used 6283K [0x000000076b100000, 0x0000000773900000, 0x00000007c0000000)
  eden space 14336K, 0% used [0x000000076b100000,0x000000076b100000,0x000000076bf00000)
  from space 6656K, 94% used [0x000000076bf00000,0x000000076c522c50,0x000000076c580000)
  to   space 62464K, 0% used [0x000000076fc00000,0x000000076fc00000,0x0000000773900000)
 ParOldGen       total 457216K, used 357007K [0x00000006c1200000, 0x00000006dd080000, 0x000000076b100000)
  object space 457216K, 78% used [0x00000006c1200000,0x00000006d6ea3ef0,0x00000006dd080000)
 Metaspace       used 20217K, capacity 21078K, committed 21248K, reserved 1067008K
  class space    used 2760K, capacity 2954K, committed 3072K, reserved 1048576K
}
Event: 200.616 GC heap before
{Heap before GC invocations=64 (full 6):
 PSYoungGen      total 20992K, used 20619K [0x000000076b100000, 0x0000000773900000, 0x00000007c0000000)
  eden space 14336K, 100% used [0x000000076b100000,0x000000076bf00000,0x000000076bf00000)
  from space 6656K, 94% used [0x000000076bf00000,0x000000076c522c50,0x000000076c580000)
  to   space 62464K, 0% used [0x000000076fc00000,0x000000076fc00000,0x0000000773900000)
 ParOldGen       total 457216K, used 357007K [0x00000006c1200000, 0x00000006dd080000, 0x000000076b100000)
  object space 457216K, 78% used [0x00000006c1200000,0x00000006d6ea3ef0,0x00000006dd080000)
 Metaspace       used 20217K, capacity 21078K, committed 21248K, reserved 1067008K
  class space    used 2760K, capacity 2954K, committed 3072K, reserved 1048576K
Event: 200.620 GC heap after
Heap after GC invocations=64 (full 6):
 PSYoungGen      total 73728K, used 9821K [0x000000076b100000, 0x0000000773600000, 0x00000007c0000000)
  eden space 14336K, 0% used [0x000000076b100000,0x000000076b100000,0x000000076bf00000)
  from space 59392K, 16% used [0x000000076fc00000,0x00000007705975e0,0x0000000773600000)
  to   space 60928K, 0% used [0x000000076bf00000,0x000000076bf00000,0x000000076fa80000)
 ParOldGen       total 457216K, used 357007K [0x00000006c1200000, 0x00000006dd080000, 0x000000076b100000)
  object space 457216K, 78% used [0x00000006c1200000,0x00000006d6ea3ef0,0x00000006dd080000)
 Metaspace       used 20217K, capacity 21078K, committed 21248K, reserved 1067008K
  class space    used 2760K, capacity 2954K, committed 3072K, reserved 1048576K
}
Event: 202.202 GC heap before
{Heap before GC invocations=65 (full 6):
 PSYoungGen      total 73728K, used 24157K [0x000000076b100000, 0x0000000773600000, 0x00000007c0000000)
  eden space 14336K, 100% used [0x000000076b100000,0x000000076bf00000,0x000000076bf00000)
  from space 59392K, 16% used [0x000000076fc00000,0x00000007705975e0,0x0000000773600000)
  to   space 60928K, 0% used [0x000000076bf00000,0x000000076bf00000,0x000000076fa80000)
 ParOldGen       total 457216K, used 357007K [0x00000006c1200000, 0x00000006dd080000, 0x000000076b100000)
  object space 457216K, 78% used [0x00000006c1200000,0x00000006d6ea3ef0,0x00000006dd080000)
 Metaspace       used 20239K, capacity 21078K, committed 21248K, reserved 1067008K
  class space    used 2760K, capacity 2954K, committed 3072K, reserved 1048576K
Event: 202.208 GC heap after
Heap after GC invocations=65 (full 6):
 PSYoungGen      total 23040K, used 8537K [0x000000076b100000, 0x0000000773200000, 0x00000007c0000000)
  eden space 14336K, 0% used [0x000000076b100000,0x000000076b100000,0x000000076bf00000)
  from space 8704K, 98% used [0x000000076bf00000,0x000000076c7565b0,0x000000076c780000)
  to   space 58880K, 0% used [0x000000076f880000,0x000000076f880000,0x0000000773200000)
 ParOldGen       total 457216K, used 361847K [0x00000006c1200000, 0x00000006dd080000, 0x000000076b100000)
  object space 457216K, 79% used [0x00000006c1200000,0x00000006d735dff0,0x00000006dd080000)
 Metaspace       used 20239K, capacity 21078K, committed 21248K, reserved 1067008K
  class space    used 2760K, capacity 2954K, committed 3072K, reserved 1048576K
}
Event: 219.020 GC heap before
{Heap before GC invocations=66 (full 6):
 PSYoungGen      total 23040K, used 18521K [0x000000076b100000, 0x0000000773200000, 0x00000007c0000000)
  eden space 14336K, 69% used [0x000000076b100000,0x000000076bac0018,0x000000076bf00000)
  from space 8704K, 98% used [0x000000076bf00000,0x000000076c7565b0,0x000000076c780000)
  to   space 58880K, 0% used [0x000000076f880000,0x000000076f880000,0x0000000773200000)
 ParOldGen       total 457216K, used 361847K [0x00000006c1200000, 0x00000006dd080000, 0x000000076b100000)
  object space 457216K, 79% used [0x00000006c1200000,0x00000006d735dff0,0x00000006dd080000)
 Metaspace       used 20309K, capacity 21146K, committed 21504K, reserved 1067008K
  class space    used 2760K, capacity 2954K, committed 3072K, reserved 1048576K
Event: 219.024 GC heap after
Heap after GC invocations=66 (full 6):
 PSYoungGen      total 72192K, used 513K [0x000000076b100000, 0x0000000773100000, 0x00000007c0000000)
  eden space 14336K, 0% used [0x000000076b100000,0x000000076b100000,0x000000076bf00000)
  from space 57856K, 0% used [0x000000076f880000,0x000000076f900410,0x0000000773100000)
  to   space 58368K, 0% used [0x000000076bf00000,0x000000076bf00000,0x000000076f800000)
 ParOldGen       total 457216K, used 362113K [0x00000006c1200000, 0x00000006dd080000, 0x000000076b100000)
  object space 457216K, 79% used [0x00000006c1200000,0x00000006d73a0400,0x00000006dd080000)
 Metaspace       used 20309K, capacity 21146K, committed 21504K, reserved 1067008K
  class space    used 2760K, capacity 2954K, committed 3072K, reserved 1048576K
}
Event: 219.024 GC heap before
{Heap before GC invocations=67 (full 7):
 PSYoungGen      total 72192K, used 513K [0x000000076b100000, 0x0000000773100000, 0x00000007c0000000)
  eden space 14336K, 0% used [0x000000076b100000,0x000000076b100000,0x000000076bf00000)
  from space 57856K, 0% used [0x000000076f880000,0x000000076f900410,0x0000000773100000)
  to   space 58368K, 0% used [0x000000076bf00000,0x000000076bf00000,0x000000076f800000)
 ParOldGen       total 457216K, used 362113K [0x00000006c1200000, 0x00000006dd080000, 0x000000076b100000)
  object space 457216K, 79% used [0x00000006c1200000,0x00000006d73a0400,0x00000006dd080000)
 Metaspace       used 20309K, capacity 21146K, committed 21504K, reserved 1067008K
  class space    used 2760K, capacity 2954K, committed 3072K, reserved 1048576K
Event: 219.113 GC heap after
Heap after GC invocations=67 (full 7):
 PSYoungGen      total 72192K, used 0K [0x000000076b100000, 0x0000000773100000, 0x00000007c0000000)
  eden space 14336K, 0% used [0x000000076b100000,0x000000076b100000,0x000000076bf00000)
  from space 57856K, 0% used [0x000000076f880000,0x000000076f880000,0x0000000773100000)
  to   space 58368K, 0% used [0x000000076bf00000,0x000000076bf00000,0x000000076f800000)
 ParOldGen       total 457216K, used 7334K [0x00000006c1200000, 0x00000006dd080000, 0x000000076b100000)
  object space 457216K, 1% used [0x00000006c1200000,0x00000006c1929888,0x00000006dd080000)
 Metaspace       used 20309K, capacity 21146K, committed 21504K, reserved 1067008K
  class space    used 2760K, capacity 2954K, committed 3072K, reserved 1048576K
}

