# JRE version: Java(TM) SE Runtime Environment (8.0_51-b16) (build 1.8.0_51-b16)
# Java VM: Java HotSpot(TM) 64-Bit Server VM (25.51-b03 mixed mode windows-amd64 compressed oops)
Heap:
 PSYoungGen      total 78848K, used 622K [0x000000076b100000, 0x0000000772080000, 0x00000007c0000000)
  eden space 44544K, 1% used [0x000000076b100000,0x000000076b19ba00,0x000000076dc80000)
  from space 34304K, 0% used [0x000000076dc80000,0x000000076dc80000,0x000000076fe00000)
  to   space 34816K, 0% used [0x000000076fe80000,0x000000076fe80000,0x0000000772080000)
 ParOldGen       total 295424K, used 7404K [0x00000006c1200000, 0x00000006d3280000, 0x000000076b100000)
  object space 295424K, 2% used [0x00000006c1200000,0x00000006c193b1b8,0x00000006d3280000)
 Metaspace       used 20488K, capacity 21372K, committed 21504K, reserved 1067008K
  class space    used 2790K, capacity 2999K, committed 3072K, reserved 1048576K
GC Heap History (10 events):
Event: 182.594 GC heap before
{Heap before GC invocations=25 (full 2):
 PSYoungGen      total 81408K, used 54583K [0x000000076b100000, 0x0000000772580000, 0x00000007c0000000)
  eden space 45568K, 100% used [0x000000076b100000,0x000000076dd80000,0x000000076dd80000)
  from space 35840K, 25% used [0x0000000770280000,0x0000000770b4dce0,0x0000000772580000)
  to   space 36864K, 0% used [0x000000076dd80000,0x000000076dd80000,0x0000000770180000)
 ParOldGen       total 256000K, used 222139K [0x00000006c1200000, 0x00000006d0c00000, 0x000000076b100000)
  object space 256000K, 86% used [0x00000006c1200000,0x00000006ceaeedd8,0x00000006d0c00000)
 Metaspace       used 20204K, capacity 21030K, committed 21248K, reserved 1067008K
  class space    used 2762K, capacity 2956K, committed 3072K, reserved 1048576K
Event: 182.608 GC heap after
Heap after GC invocations=25 (full 2):
 PSYoungGen      total 53760K, used 8589K [0x000000076b100000, 0x0000000772400000, 0x00000007c0000000)
  eden space 45056K, 0% used [0x000000076b100000,0x000000076b100000,0x000000076dd00000)
  from space 8704K, 98% used [0x000000076dd80000,0x000000076e5e35a0,0x000000076e600000)
  to   space 36352K, 0% used [0x0000000770080000,0x0000000770080000,0x0000000772400000)
 ParOldGen       total 256000K, used 236529K [0x00000006c1200000, 0x00000006d0c00000, 0x000000076b100000)
  object space 256000K, 92% used [0x00000006c1200000,0x00000006cf8fc4d8,0x00000006d0c00000)
 Metaspace       used 20204K, capacity 21030K, committed 21248K, reserved 1067008K
  class space    used 2762K, capacity 2956K, committed 3072K, reserved 1048576K
}
Event: 182.608 GC heap before
{Heap before GC invocations=26 (full 3):
 PSYoungGen      total 53760K, used 8589K [0x000000076b100000, 0x0000000772400000, 0x00000007c0000000)
  eden space 45056K, 0% used [0x000000076b100000,0x000000076b100000,0x000000076dd00000)
  from space 8704K, 98% used [0x000000076dd80000,0x000000076e5e35a0,0x000000076e600000)
  to   space 36352K, 0% used [0x0000000770080000,0x0000000770080000,0x0000000772400000)
 ParOldGen       total 256000K, used 236529K [0x00000006c1200000, 0x00000006d0c00000, 0x000000076b100000)
  object space 256000K, 92% used [0x00000006c1200000,0x00000006cf8fc4d8,0x00000006d0c00000)
 Metaspace       used 20204K, capacity 21030K, committed 21248K, reserved 1067008K
  class space    used 2762K, capacity 2956K, committed 3072K, reserved 1048576K
Event: 182.913 GC heap after
Heap after GC invocations=26 (full 3):
 PSYoungGen      total 53760K, used 0K [0x000000076b100000, 0x0000000772400000, 0x00000007c0000000)
  eden space 45056K, 0% used [0x000000076b100000,0x000000076b100000,0x000000076dd00000)
  from space 8704K, 0% used [0x000000076dd80000,0x000000076dd80000,0x000000076e600000)
  to   space 36352K, 0% used [0x0000000770080000,0x0000000770080000,0x0000000772400000)
 ParOldGen       total 295424K, used 206963K [0x00000006c1200000, 0x00000006d3280000, 0x000000076b100000)
  object space 295424K, 70% used [0x00000006c1200000,0x00000006cdc1cf18,0x00000006d3280000)
 Metaspace       used 20204K, capacity 21030K, committed 21248K, reserved 1067008K
  class space    used 2762K, capacity 2956K, committed 3072K, reserved 1048576K
}
Event: 186.723 GC heap before
{Heap before GC invocations=27 (full 3):
 PSYoungGen      total 53760K, used 44969K [0x000000076b100000, 0x0000000772400000, 0x00000007c0000000)
  eden space 45056K, 99% used [0x000000076b100000,0x000000076dcea430,0x000000076dd00000)
  from space 8704K, 0% used [0x000000076dd80000,0x000000076dd80000,0x000000076e600000)
  to   space 36352K, 0% used [0x0000000770080000,0x0000000770080000,0x0000000772400000)
 ParOldGen       total 295424K, used 206963K [0x00000006c1200000, 0x00000006d3280000, 0x000000076b100000)
  object space 295424K, 70% used [0x00000006c1200000,0x00000006cdc1cf18,0x00000006d3280000)
 Metaspace       used 20204K, capacity 21030K, committed 21248K, reserved 1067008K
  class space    used 2762K, capacity 2956K, committed 3072K, reserved 1048576K
Event: 186.728 GC heap after
Heap after GC invocations=27 (full 3):
 PSYoungGen      total 76288K, used 14192K [0x000000076b100000, 0x0000000771f80000, 0x00000007c0000000)
  eden space 44544K, 0% used [0x000000076b100000,0x000000076b100000,0x000000076dc80000)
  from space 31744K, 44% used [0x0000000770080000,0x0000000770e5c2d0,0x0000000771f80000)
  to   space 34304K, 0% used [0x000000076dc80000,0x000000076dc80000,0x000000076fe00000)
 ParOldGen       total 295424K, used 206963K [0x00000006c1200000, 0x00000006d3280000, 0x000000076b100000)
  object space 295424K, 70% used [0x00000006c1200000,0x00000006cdc1cf18,0x00000006d3280000)
 Metaspace       used 20204K, capacity 21030K, committed 21248K, reserved 1067008K
  class space    used 2762K, capacity 2956K, committed 3072K, reserved 1048576K
}
Event: 232.472 GC heap before
{Heap before GC invocations=28 (full 3):
 PSYoungGen      total 76288K, used 32129K [0x000000076b100000, 0x0000000771f80000, 0x00000007c0000000)
  eden space 44544K, 40% used [0x000000076b100000,0x000000076c284478,0x000000076dc80000)
  from space 31744K, 44% used [0x0000000770080000,0x0000000770e5c2d0,0x0000000771f80000)
  to   space 34304K, 0% used [0x000000076dc80000,0x000000076dc80000,0x000000076fe00000)
 ParOldGen       total 295424K, used 206963K [0x00000006c1200000, 0x00000006d3280000, 0x000000076b100000)
  object space 295424K, 70% used [0x00000006c1200000,0x00000006cdc1cf18,0x00000006d3280000)
 Metaspace       used 20470K, capacity 21348K, committed 21504K, reserved 1067008K
  class space    used 2786K, capacity 2993K, committed 3072K, reserved 1048576K
Event: 232.477 GC heap after
Heap after GC invocations=28 (full 3):
 PSYoungGen      total 78848K, used 641K [0x000000076b100000, 0x0000000772080000, 0x00000007c0000000)
  eden space 44544K, 0% used [0x000000076b100000,0x000000076b100000,0x000000076dc80000)
  from space 34304K, 1% used [0x000000076dc80000,0x000000076dd20410,0x000000076fe00000)
  to   space 34816K, 0% used [0x000000076fe80000,0x000000076fe80000,0x0000000772080000)
 ParOldGen       total 295424K, used 206971K [0x00000006c1200000, 0x00000006d3280000, 0x000000076b100000)
  object space 295424K, 70% used [0x00000006c1200000,0x00000006cdc1ef18,0x00000006d3280000)
 Metaspace       used 20470K, capacity 21348K, committed 21504K, reserved 1067008K
  class space    used 2786K, capacity 2993K, committed 3072K, reserved 1048576K
}
Event: 232.477 GC heap before
{Heap before GC invocations=29 (full 4):
 PSYoungGen      total 78848K, used 641K [0x000000076b100000, 0x0000000772080000, 0x00000007c0000000)
  eden space 44544K, 0% used [0x000000076b100000,0x000000076b100000,0x000000076dc80000)
  from space 34304K, 1% used [0x000000076dc80000,0x000000076dd20410,0x000000076fe00000)
  to   space 34816K, 0% used [0x000000076fe80000,0x000000076fe80000,0x0000000772080000)
 ParOldGen       total 295424K, used 206971K [0x00000006c1200000, 0x00000006d3280000, 0x000000076b100000)
  object space 295424K, 70% used [0x00000006c1200000,0x00000006cdc1ef18,0x00000006d3280000)
 Metaspace       used 20470K, capacity 21348K, committed 21504K, reserved 1067008K
  class space    used 2786K, capacity 2993K, committed 3072K, reserved 1048576K
Event: 232.584 GC heap after
Heap after GC invocations=29 (full 4):
 PSYoungGen      total 78848K, used 0K [0x000000076b100000, 0x0000000772080000, 0x00000007c0000000)
  eden space 44544K, 0% used [0x000000076b100000,0x000000076b100000,0x000000076dc80000)
  from space 34304K, 0% used [0x000000076dc80000,0x000000076dc80000,0x000000076fe00000)
  to   space 34816K, 0% used [0x000000076fe80000,0x000000076fe80000,0x0000000772080000)
 ParOldGen       total 295424K, used 7404K [0x00000006c1200000, 0x00000006d3280000, 0x000000076b100000)
  object space 295424K, 2% used [0x00000006c1200000,0x00000006c193b1b8,0x00000006d3280000)
 Metaspace       used 20470K, capacity 21348K, committed 21504K, reserved 1067008K
  class space    used 2786K, capacity 2993K, committed 3072K, reserved 1048576K
}

