# JRE version: Java(TM) SE Runtime Environment (8.0_51-b16) (build 1.8.0_51-b16)
# Java VM: Java HotSpot(TM) 64-Bit Server VM (25.51-b03 mixed mode windows-amd64 compressed oops)
Heap:
 PSYoungGen      total 90624K, used 2945K [0x000000076b100000, 0x0000000772500000, 0x00000007c0000000)
  eden space 62464K, 4% used [0x000000076b100000,0x000000076b3e04d0,0x000000076ee00000)
  from space 28160K, 0% used [0x000000076ee00000,0x000000076ee00000,0x0000000770980000)
  to   space 28160K, 0% used [0x0000000770980000,0x0000000770980000,0x0000000772500000)
 ParOldGen       total 128000K, used 65586K [0x00000006c1200000, 0x00000006c8f00000, 0x000000076b100000)
  object space 128000K, 51% used [0x00000006c1200000,0x00000006c520ca58,0x00000006c8f00000)
 Metaspace       used 23128K, capacity 24144K, committed 24448K, reserved 1071104K
  class space    used 3156K, capacity 3381K, committed 3456K, reserved 1048576K
GC Heap History (10 events):
Event: 22.237 GC heap before
{Heap before GC invocations=5 (full 0):
 PSYoungGen      total 76288K, used 66468K [0x000000076b100000, 0x0000000770600000, 0x00000007c0000000)
  eden space 65536K, 85% used [0x000000076b100000,0x000000076e793a18,0x000000076f100000)
  from space 10752K, 98% used [0x000000076fb80000,0x00000007705d59a0,0x0000000770600000)
  to   space 10752K, 0% used [0x000000076f100000,0x000000076f100000,0x000000076fb80000)
 ParOldGen       total 175104K, used 38223K [0x00000006c1200000, 0x00000006cbd00000, 0x000000076b100000)
  object space 175104K, 21% used [0x00000006c1200000,0x00000006c3753c50,0x00000006cbd00000)
 Metaspace       used 20356K, capacity 21100K, committed 21248K, reserved 1067008K
  class space    used 2825K, capacity 3013K, committed 3072K, reserved 1048576K
Event: 22.243 GC heap after
Heap after GC invocations=5 (full 0):
 PSYoungGen      total 74752K, used 10702K [0x000000076b100000, 0x0000000772780000, 0x00000007c0000000)
  eden space 64000K, 0% used [0x000000076b100000,0x000000076b100000,0x000000076ef80000)
  from space 10752K, 99% used [0x000000076f100000,0x000000076fb739c0,0x000000076fb80000)
  to   space 28672K, 0% used [0x0000000770b80000,0x0000000770b80000,0x0000000772780000)
 ParOldGen       total 175104K, used 46031K [0x00000006c1200000, 0x00000006cbd00000, 0x000000076b100000)
  object space 175104K, 26% used [0x00000006c1200000,0x00000006c3ef3df0,0x00000006cbd00000)
 Metaspace       used 20356K, capacity 21100K, committed 21248K, reserved 1067008K
  class space    used 2825K, capacity 3013K, committed 3072K, reserved 1048576K
}
Event: 22.243 GC heap before
{Heap before GC invocations=6 (full 1):
 PSYoungGen      total 74752K, used 10702K [0x000000076b100000, 0x0000000772780000, 0x00000007c0000000)
  eden space 64000K, 0% used [0x000000076b100000,0x000000076b100000,0x000000076ef80000)
  from space 10752K, 99% used [0x000000076f100000,0x000000076fb739c0,0x000000076fb80000)
  to   space 28672K, 0% used [0x0000000770b80000,0x0000000770b80000,0x0000000772780000)
 ParOldGen       total 175104K, used 46031K [0x00000006c1200000, 0x00000006cbd00000, 0x000000076b100000)
  object space 175104K, 26% used [0x00000006c1200000,0x00000006c3ef3df0,0x00000006cbd00000)
 Metaspace       used 20356K, capacity 21100K, committed 21248K, reserved 1067008K
  class space    used 2825K, capacity 3013K, committed 3072K, reserved 1048576K
Event: 22.272 GC heap after
Heap after GC invocations=6 (full 1):
 PSYoungGen      total 74752K, used 0K [0x000000076b100000, 0x0000000772780000, 0x00000007c0000000)
  eden space 64000K, 0% used [0x000000076b100000,0x000000076b100000,0x000000076ef80000)
  from space 10752K, 0% used [0x000000076f100000,0x000000076f100000,0x000000076fb80000)
  to   space 28672K, 0% used [0x0000000770b80000,0x0000000770b80000,0x0000000772780000)
 ParOldGen       total 128000K, used 48519K [0x00000006c1200000, 0x00000006c8f00000, 0x000000076b100000)
  object space 128000K, 37% used [0x00000006c1200000,0x00000006c4161dc8,0x00000006c8f00000)
 Metaspace       used 20356K, capacity 21100K, committed 21248K, reserved 1067008K
  class space    used 2825K, capacity 3013K, committed 3072K, reserved 1048576K
}
Event: 26.680 GC heap before
{Heap before GC invocations=7 (full 1):
 PSYoungGen      total 74752K, used 63780K [0x000000076b100000, 0x0000000772780000, 0x00000007c0000000)
  eden space 64000K, 99% used [0x000000076b100000,0x000000076ef492c0,0x000000076ef80000)
  from space 10752K, 0% used [0x000000076f100000,0x000000076f100000,0x000000076fb80000)
  to   space 28672K, 0% used [0x0000000770b80000,0x0000000770b80000,0x0000000772780000)
 ParOldGen       total 128000K, used 48519K [0x00000006c1200000, 0x00000006c8f00000, 0x000000076b100000)
  object space 128000K, 37% used [0x00000006c1200000,0x00000006c4161dc8,0x00000006c8f00000)
 Metaspace       used 22817K, capacity 23732K, committed 23936K, reserved 1069056K
  class space    used 3145K, capacity 3363K, committed 3456K, reserved 1048576K
Event: 26.683 GC heap after
Heap after GC invocations=7 (full 1):
 PSYoungGen      total 88576K, used 10549K [0x000000076b100000, 0x0000000772500000, 0x00000007c0000000)
  eden space 62464K, 0% used [0x000000076b100000,0x000000076b100000,0x000000076ee00000)
  from space 26112K, 40% used [0x0000000770b80000,0x00000007715cd600,0x0000000772500000)
  to   space 28160K, 0% used [0x000000076ee00000,0x000000076ee00000,0x0000000770980000)
 ParOldGen       total 128000K, used 48527K [0x00000006c1200000, 0x00000006c8f00000, 0x000000076b100000)
  object space 128000K, 37% used [0x00000006c1200000,0x00000006c4163dc8,0x00000006c8f00000)
 Metaspace       used 22817K, capacity 23732K, committed 23936K, reserved 1069056K
  class space    used 3145K, capacity 3363K, committed 3456K, reserved 1048576K
}
Event: 39.568 GC heap before
{Heap before GC invocations=8 (full 1):
 PSYoungGen      total 88576K, used 57277K [0x000000076b100000, 0x0000000772500000, 0x00000007c0000000)
  eden space 62464K, 74% used [0x000000076b100000,0x000000076dea2008,0x000000076ee00000)
  from space 26112K, 40% used [0x0000000770b80000,0x00000007715cd600,0x0000000772500000)
  to   space 28160K, 0% used [0x000000076ee00000,0x000000076ee00000,0x0000000770980000)
 ParOldGen       total 128000K, used 48527K [0x00000006c1200000, 0x00000006c8f00000, 0x000000076b100000)
  object space 128000K, 37% used [0x00000006c1200000,0x00000006c4163dc8,0x00000006c8f00000)
 Metaspace       used 23054K, capacity 24054K, committed 24192K, reserved 1071104K
  class space    used 3151K, capacity 3374K, committed 3456K, reserved 1048576K
Event: 39.571 GC heap after
Heap after GC invocations=8 (full 1):
 PSYoungGen      total 90624K, used 18541K [0x000000076b100000, 0x0000000772500000, 0x00000007c0000000)
  eden space 62464K, 0% used [0x000000076b100000,0x000000076b100000,0x000000076ee00000)
  from space 28160K, 65% used [0x000000076ee00000,0x000000077001b7a0,0x0000000770980000)
  to   space 28160K, 0% used [0x0000000770980000,0x0000000770980000,0x0000000772500000)
 ParOldGen       total 128000K, used 48535K [0x00000006c1200000, 0x00000006c8f00000, 0x000000076b100000)
  object space 128000K, 37% used [0x00000006c1200000,0x00000006c4165dc8,0x00000006c8f00000)
 Metaspace       used 23054K, capacity 24054K, committed 24192K, reserved 1071104K
  class space    used 3151K, capacity 3374K, committed 3456K, reserved 1048576K
}
Event: 39.571 GC heap before
{Heap before GC invocations=9 (full 2):
 PSYoungGen      total 90624K, used 18541K [0x000000076b100000, 0x0000000772500000, 0x00000007c0000000)
  eden space 62464K, 0% used [0x000000076b100000,0x000000076b100000,0x000000076ee00000)
  from space 28160K, 65% used [0x000000076ee00000,0x000000077001b7a0,0x0000000770980000)
  to   space 28160K, 0% used [0x0000000770980000,0x0000000770980000,0x0000000772500000)
 ParOldGen       total 128000K, used 48535K [0x00000006c1200000, 0x00000006c8f00000, 0x000000076b100000)
  object space 128000K, 37% used [0x00000006c1200000,0x00000006c4165dc8,0x00000006c8f00000)
 Metaspace       used 23054K, capacity 24054K, committed 24192K, reserved 1071104K
  class space    used 3151K, capacity 3374K, committed 3456K, reserved 1048576K
Event: 39.633 GC heap after
Heap after GC invocations=9 (full 2):
 PSYoungGen      total 90624K, used 0K [0x000000076b100000, 0x0000000772500000, 0x00000007c0000000)
  eden space 62464K, 0% used [0x000000076b100000,0x000000076b100000,0x000000076ee00000)
  from space 28160K, 0% used [0x000000076ee00000,0x000000076ee00000,0x0000000770980000)
  to   space 28160K, 0% used [0x0000000770980000,0x0000000770980000,0x0000000772500000)
 ParOldGen       total 128000K, used 65586K [0x00000006c1200000, 0x00000006c8f00000, 0x000000076b100000)
  object space 128000K, 51% used [0x00000006c1200000,0x00000006c520ca58,0x00000006c8f00000)
 Metaspace       used 23054K, capacity 24054K, committed 24192K, reserved 1071104K
  class space    used 3151K, capacity 3374K, committed 3456K, reserved 1048576K
}

