# JRE version: Java(TM) SE Runtime Environment (8.0_51-b16) (build 1.8.0_51-b16)
# Java VM: Java HotSpot(TM) 64-Bit Server VM (25.51-b03 mixed mode windows-amd64 compressed oops)
Heap:
 PSYoungGen      total 86528K, used 641K [0x000000076b100000, 0x0000000773580000, 0x00000007c0000000)
  eden space 38400K, 1% used [0x000000076b100000,0x000000076b1a0790,0x000000076d680000)
  from space 48128K, 0% used [0x0000000770680000,0x0000000770680000,0x0000000773580000)
  to   space 48640K, 0% used [0x000000076d680000,0x000000076d680000,0x0000000770600000)
 ParOldGen       total 290816K, used 7347K [0x00000006c1200000, 0x00000006d2e00000, 0x000000076b100000)
  object space 290816K, 2% used [0x00000006c1200000,0x00000006c192cde0,0x00000006d2e00000)
 Metaspace       used 20219K, capacity 21048K, committed 21248K, reserved 1067008K
  class space    used 2771K, capacity 2963K, committed 3072K, reserved 1048576K
GC Heap History (10 events):
Event: 133.894 GC heap before
{Heap before GC invocations=28 (full 3):
 PSYoungGen      total 76800K, used 57645K [0x000000076b100000, 0x0000000772180000, 0x00000007c0000000)
  eden space 43520K, 99% used [0x000000076b100000,0x000000076db57078,0x000000076db80000)
  from space 33280K, 42% used [0x0000000770100000,0x0000000770ef46d0,0x0000000772180000)
  to   space 35840K, 0% used [0x000000076db80000,0x000000076db80000,0x000000076fe80000)
 ParOldGen       total 290816K, used 202611K [0x00000006c1200000, 0x00000006d2e00000, 0x000000076b100000)
  object space 290816K, 69% used [0x00000006c1200000,0x00000006cd7dce60,0x00000006d2e00000)
 Metaspace       used 20172K, capacity 21022K, committed 21248K, reserved 1067008K
  class space    used 2765K, capacity 2956K, committed 3072K, reserved 1048576K
Event: 133.899 GC heap after
Heap after GC invocations=28 (full 3):
 PSYoungGen      total 78848K, used 26992K [0x000000076b100000, 0x0000000772600000, 0x00000007c0000000)
  eden space 43008K, 0% used [0x000000076b100000,0x000000076b100000,0x000000076db00000)
  from space 35840K, 75% used [0x000000076db80000,0x000000076f5dc080,0x000000076fe80000)
  to   space 38400K, 0% used [0x0000000770080000,0x0000000770080000,0x0000000772600000)
 ParOldGen       total 290816K, used 202611K [0x00000006c1200000, 0x00000006d2e00000, 0x000000076b100000)
  object space 290816K, 69% used [0x00000006c1200000,0x00000006cd7dce60,0x00000006d2e00000)
 Metaspace       used 20172K, capacity 21022K, committed 21248K, reserved 1067008K
  class space    used 2765K, capacity 2956K, committed 3072K, reserved 1048576K
}
Event: 137.859 GC heap before
{Heap before GC invocations=29 (full 3):
 PSYoungGen      total 78848K, used 69742K [0x000000076b100000, 0x0000000772600000, 0x00000007c0000000)
  eden space 43008K, 99% used [0x000000076b100000,0x000000076dabf958,0x000000076db00000)
  from space 35840K, 75% used [0x000000076db80000,0x000000076f5dc080,0x000000076fe80000)
  to   space 38400K, 0% used [0x0000000770080000,0x0000000770080000,0x0000000772600000)
 ParOldGen       total 290816K, used 202611K [0x00000006c1200000, 0x00000006d2e00000, 0x000000076b100000)
  object space 290816K, 69% used [0x00000006c1200000,0x00000006cd7dce60,0x00000006d2e00000)
 Metaspace       used 20172K, capacity 21022K, committed 21248K, reserved 1067008K
  class space    used 2765K, capacity 2956K, committed 3072K, reserved 1048576K
Event: 137.864 GC heap after
Heap after GC invocations=29 (full 3):
 PSYoungGen      total 77312K, used 33158K [0x000000076b100000, 0x0000000772d80000, 0x00000007c0000000)
  eden space 38912K, 0% used [0x000000076b100000,0x000000076b100000,0x000000076d700000)
  from space 38400K, 86% used [0x0000000770080000,0x00000007720e1ac0,0x0000000772600000)
  to   space 42496K, 0% used [0x000000076d700000,0x000000076d700000,0x0000000770080000)
 ParOldGen       total 290816K, used 202611K [0x00000006c1200000, 0x00000006d2e00000, 0x000000076b100000)
  object space 290816K, 69% used [0x00000006c1200000,0x00000006cd7dce60,0x00000006d2e00000)
 Metaspace       used 20172K, capacity 21022K, committed 21248K, reserved 1067008K
  class space    used 2765K, capacity 2956K, committed 3072K, reserved 1048576K
}
Event: 141.560 GC heap before
{Heap before GC invocations=30 (full 3):
 PSYoungGen      total 77312K, used 72070K [0x000000076b100000, 0x0000000772d80000, 0x00000007c0000000)
  eden space 38912K, 100% used [0x000000076b100000,0x000000076d700000,0x000000076d700000)
  from space 38400K, 86% used [0x0000000770080000,0x00000007720e1ac0,0x0000000772600000)
  to   space 42496K, 0% used [0x000000076d700000,0x000000076d700000,0x0000000770080000)
 ParOldGen       total 290816K, used 202611K [0x00000006c1200000, 0x00000006d2e00000, 0x000000076b100000)
  object space 290816K, 69% used [0x00000006c1200000,0x00000006cd7dce60,0x00000006d2e00000)
 Metaspace       used 20172K, capacity 21022K, committed 21248K, reserved 1067008K
  class space    used 2765K, capacity 2956K, committed 3072K, reserved 1048576K
Event: 141.567 GC heap after
Heap after GC invocations=30 (full 3):
 PSYoungGen      total 80896K, used 42491K [0x000000076b100000, 0x0000000773680000, 0x00000007c0000000)
  eden space 38400K, 0% used [0x000000076b100000,0x000000076b100000,0x000000076d680000)
  from space 42496K, 99% used [0x000000076d700000,0x000000077007ecb0,0x0000000770080000)
  to   space 49152K, 0% used [0x0000000770680000,0x0000000770680000,0x0000000773680000)
 ParOldGen       total 290816K, used 202911K [0x00000006c1200000, 0x00000006d2e00000, 0x000000076b100000)
  object space 290816K, 69% used [0x00000006c1200000,0x00000006cd827e70,0x00000006d2e00000)
 Metaspace       used 20172K, capacity 21022K, committed 21248K, reserved 1067008K
  class space    used 2765K, capacity 2956K, committed 3072K, reserved 1048576K
}
Event: 301.047 GC heap before
{Heap before GC invocations=31 (full 3):
 PSYoungGen      total 80896K, used 58751K [0x000000076b100000, 0x0000000773680000, 0x00000007c0000000)
  eden space 38400K, 42% used [0x000000076b100000,0x000000076c0e1230,0x000000076d680000)
  from space 42496K, 99% used [0x000000076d700000,0x000000077007ecb0,0x0000000770080000)
  to   space 49152K, 0% used [0x0000000770680000,0x0000000770680000,0x0000000773680000)
 ParOldGen       total 290816K, used 202911K [0x00000006c1200000, 0x00000006d2e00000, 0x000000076b100000)
  object space 290816K, 69% used [0x00000006c1200000,0x00000006cd827e70,0x00000006d2e00000)
 Metaspace       used 20202K, capacity 21024K, committed 21248K, reserved 1067008K
  class space    used 2766K, capacity 2957K, committed 3072K, reserved 1048576K
Event: 301.057 GC heap after
Heap after GC invocations=31 (full 3):
 PSYoungGen      total 86528K, used 27094K [0x000000076b100000, 0x0000000773580000, 0x00000007c0000000)
  eden space 38400K, 0% used [0x000000076b100000,0x000000076b100000,0x000000076d680000)
  from space 48128K, 56% used [0x0000000770680000,0x00000007720f5980,0x0000000773580000)
  to   space 48640K, 0% used [0x000000076d680000,0x000000076d680000,0x0000000770600000)
 ParOldGen       total 290816K, used 202919K [0x00000006c1200000, 0x00000006d2e00000, 0x000000076b100000)
  object space 290816K, 69% used [0x00000006c1200000,0x00000006cd829e70,0x00000006d2e00000)
 Metaspace       used 20202K, capacity 21024K, committed 21248K, reserved 1067008K
  class space    used 2766K, capacity 2957K, committed 3072K, reserved 1048576K
}
Event: 301.057 GC heap before
{Heap before GC invocations=32 (full 4):
 PSYoungGen      total 86528K, used 27094K [0x000000076b100000, 0x0000000773580000, 0x00000007c0000000)
  eden space 38400K, 0% used [0x000000076b100000,0x000000076b100000,0x000000076d680000)
  from space 48128K, 56% used [0x0000000770680000,0x00000007720f5980,0x0000000773580000)
  to   space 48640K, 0% used [0x000000076d680000,0x000000076d680000,0x0000000770600000)
 ParOldGen       total 290816K, used 202919K [0x00000006c1200000, 0x00000006d2e00000, 0x000000076b100000)
  object space 290816K, 69% used [0x00000006c1200000,0x00000006cd829e70,0x00000006d2e00000)
 Metaspace       used 20202K, capacity 21024K, committed 21248K, reserved 1067008K
  class space    used 2766K, capacity 2957K, committed 3072K, reserved 1048576K
Event: 301.157 GC heap after
Heap after GC invocations=32 (full 4):
 PSYoungGen      total 86528K, used 0K [0x000000076b100000, 0x0000000773580000, 0x00000007c0000000)
  eden space 38400K, 0% used [0x000000076b100000,0x000000076b100000,0x000000076d680000)
  from space 48128K, 0% used [0x0000000770680000,0x0000000770680000,0x0000000773580000)
  to   space 48640K, 0% used [0x000000076d680000,0x000000076d680000,0x0000000770600000)
 ParOldGen       total 290816K, used 7347K [0x00000006c1200000, 0x00000006d2e00000, 0x000000076b100000)
  object space 290816K, 2% used [0x00000006c1200000,0x00000006c192cde0,0x00000006d2e00000)
 Metaspace       used 20202K, capacity 21024K, committed 21248K, reserved 1067008K
  class space    used 2766K, capacity 2957K, committed 3072K, reserved 1048576K
}

