# JRE version: Java(TM) SE Runtime Environment (8.0_51-b16) (build 1.8.0_51-b16)
# Java VM: Java HotSpot(TM) 64-Bit Server VM (25.51-b03 mixed mode windows-amd64 compressed oops)
Heap:
 PSYoungGen      total 76288K, used 14324K [0x000000076b100000, 0x0000000770600000, 0x00000007c0000000)
  eden space 65536K, 21% used [0x000000076b100000,0x000000076befd188,0x000000076f100000)
  from space 10752K, 0% used [0x000000076f100000,0x000000076f100000,0x000000076fb80000)
  to   space 10752K, 0% used [0x000000076fb80000,0x000000076fb80000,0x0000000770600000)
 ParOldGen       total 175104K, used 7134K [0x00000006c1200000, 0x00000006cbd00000, 0x000000076b100000)
  object space 175104K, 4% used [0x00000006c1200000,0x00000006c18f7ba0,0x00000006cbd00000)
 Metaspace       used 18735K, capacity 19504K, committed 19712K, reserved 1067008K
  class space    used 2627K, capacity 2795K, committed 2816K, reserved 1048576K
GC Heap History (4 events):
Event: 61.076 GC heap before
{Heap before GC invocations=1 (full 0):
 PSYoungGen      total 76288K, used 51908K [0x000000076b100000, 0x0000000770600000, 0x00000007c0000000)
  eden space 65536K, 79% used [0x000000076b100000,0x000000076e3b10d8,0x000000076f100000)
  from space 10752K, 0% used [0x000000076fb80000,0x000000076fb80000,0x0000000770600000)
  to   space 10752K, 0% used [0x000000076f100000,0x000000076f100000,0x000000076fb80000)
 ParOldGen       total 175104K, used 0K [0x00000006c1200000, 0x00000006cbd00000, 0x000000076b100000)
  object space 175104K, 0% used [0x00000006c1200000,0x00000006c1200000,0x00000006cbd00000)
 Metaspace       used 18714K, capacity 19478K, committed 19712K, reserved 1067008K
  class space    used 2621K, capacity 2788K, committed 2816K, reserved 1048576K
Event: 61.095 GC heap after
Heap after GC invocations=1 (full 0):
 PSYoungGen      total 76288K, used 9326K [0x000000076b100000, 0x0000000770600000, 0x00000007c0000000)
  eden space 65536K, 0% used [0x000000076b100000,0x000000076b100000,0x000000076f100000)
  from space 10752K, 86% used [0x000000076f100000,0x000000076fa1b990,0x000000076fb80000)
  to   space 10752K, 0% used [0x000000076fb80000,0x000000076fb80000,0x0000000770600000)
 ParOldGen       total 175104K, used 88K [0x00000006c1200000, 0x00000006cbd00000, 0x000000076b100000)
  object space 175104K, 0% used [0x00000006c1200000,0x00000006c1216010,0x00000006cbd00000)
 Metaspace       used 18714K, capacity 19478K, committed 19712K, reserved 1067008K
  class space    used 2621K, capacity 2788K, committed 2816K, reserved 1048576K
}
Event: 61.095 GC heap before
{Heap before GC invocations=2 (full 1):
 PSYoungGen      total 76288K, used 9326K [0x000000076b100000, 0x0000000770600000, 0x00000007c0000000)
  eden space 65536K, 0% used [0x000000076b100000,0x000000076b100000,0x000000076f100000)
  from space 10752K, 86% used [0x000000076f100000,0x000000076fa1b990,0x000000076fb80000)
  to   space 10752K, 0% used [0x000000076fb80000,0x000000076fb80000,0x0000000770600000)
 ParOldGen       total 175104K, used 88K [0x00000006c1200000, 0x00000006cbd00000, 0x000000076b100000)
  object space 175104K, 0% used [0x00000006c1200000,0x00000006c1216010,0x00000006cbd00000)
 Metaspace       used 18714K, capacity 19478K, committed 19712K, reserved 1067008K
  class space    used 2621K, capacity 2788K, committed 2816K, reserved 1048576K
Event: 61.171 GC heap after
Heap after GC invocations=2 (full 1):
 PSYoungGen      total 76288K, used 0K [0x000000076b100000, 0x0000000770600000, 0x00000007c0000000)
  eden space 65536K, 0% used [0x000000076b100000,0x000000076b100000,0x000000076f100000)
  from space 10752K, 0% used [0x000000076f100000,0x000000076f100000,0x000000076fb80000)
  to   space 10752K, 0% used [0x000000076fb80000,0x000000076fb80000,0x0000000770600000)
 ParOldGen       total 175104K, used 7134K [0x00000006c1200000, 0x00000006cbd00000, 0x000000076b100000)
  object space 175104K, 4% used [0x00000006c1200000,0x00000006c18f7ba0,0x00000006cbd00000)
 Metaspace       used 18714K, capacity 19478K, committed 19712K, reserved 1067008K
  class space    used 2621K, capacity 2788K, committed 2816K, reserved 1048576K
}

