# JRE version: Java(TM) SE Runtime Environment (8.0_51-b16) (build 1.8.0_51-b16)
# Java VM: Java HotSpot(TM) 64-Bit Server VM (25.51-b03 mixed mode windows-amd64 compressed oops)
Heap:
 PSYoungGen      total 76288K, used 3686K [0x000000076b100000, 0x0000000770600000, 0x00000007c0000000)
  eden space 65536K, 5% used [0x000000076b100000,0x000000076b499858,0x000000076f100000)
  from space 10752K, 0% used [0x000000076f100000,0x000000076f100000,0x000000076fb80000)
  to   space 10752K, 0% used [0x000000076fb80000,0x000000076fb80000,0x0000000770600000)
 ParOldGen       total 175104K, used 7411K [0x00000006c1200000, 0x00000006cbd00000, 0x000000076b100000)
  object space 175104K, 4% used [0x00000006c1200000,0x00000006c193cc00,0x00000006cbd00000)
 Metaspace       used 20031K, capacity 20896K, committed 20992K, reserved 1067008K
  class space    used 2785K, capacity 2997K, committed 3072K, reserved 1048576K
GC Heap History (8 events):
Event: 6.496 GC heap before
{Heap before GC invocations=1 (full 0):
 PSYoungGen      total 76288K, used 65536K [0x000000076b100000, 0x0000000770600000, 0x00000007c0000000)
  eden space 65536K, 100% used [0x000000076b100000,0x000000076f100000,0x000000076f100000)
  from space 10752K, 0% used [0x000000076fb80000,0x000000076fb80000,0x0000000770600000)
  to   space 10752K, 0% used [0x000000076f100000,0x000000076f100000,0x000000076fb80000)
 ParOldGen       total 175104K, used 0K [0x00000006c1200000, 0x00000006cbd00000, 0x000000076b100000)
  object space 175104K, 0% used [0x00000006c1200000,0x00000006c1200000,0x00000006cbd00000)
 Metaspace       used 19391K, capacity 20238K, committed 20480K, reserved 1067008K
  class space    used 2754K, capacity 2954K, committed 3072K, reserved 1048576K
Event: 6.517 GC heap after
Heap after GC invocations=1 (full 0):
 PSYoungGen      total 76288K, used 10751K [0x000000076b100000, 0x0000000770600000, 0x00000007c0000000)
  eden space 65536K, 0% used [0x000000076b100000,0x000000076b100000,0x000000076f100000)
  from space 10752K, 99% used [0x000000076f100000,0x000000076fb7fe00,0x000000076fb80000)
  to   space 10752K, 0% used [0x000000076fb80000,0x000000076fb80000,0x0000000770600000)
 ParOldGen       total 175104K, used 2444K [0x00000006c1200000, 0x00000006cbd00000, 0x000000076b100000)
  object space 175104K, 1% used [0x00000006c1200000,0x00000006c1463318,0x00000006cbd00000)
 Metaspace       used 19391K, capacity 20238K, committed 20480K, reserved 1067008K
  class space    used 2754K, capacity 2954K, committed 3072K, reserved 1048576K
}
Event: 12.033 GC heap before
{Heap before GC invocations=2 (full 0):
 PSYoungGen      total 76288K, used 76043K [0x000000076b100000, 0x0000000770600000, 0x00000007c0000000)
  eden space 65536K, 99% used [0x000000076b100000,0x000000076f0c31b0,0x000000076f100000)
  from space 10752K, 99% used [0x000000076f100000,0x000000076fb7fe00,0x000000076fb80000)
  to   space 10752K, 0% used [0x000000076fb80000,0x000000076fb80000,0x0000000770600000)
 ParOldGen       total 175104K, used 2444K [0x00000006c1200000, 0x00000006cbd00000, 0x000000076b100000)
  object space 175104K, 1% used [0x00000006c1200000,0x00000006c1463318,0x00000006cbd00000)
 Metaspace       used 19549K, capacity 20366K, committed 20736K, reserved 1067008K
  class space    used 2756K, capacity 2954K, committed 3072K, reserved 1048576K
Event: 12.071 GC heap after
Heap after GC invocations=2 (full 0):
 PSYoungGen      total 76288K, used 10749K [0x000000076b100000, 0x0000000770600000, 0x00000007c0000000)
  eden space 65536K, 0% used [0x000000076b100000,0x000000076b100000,0x000000076f100000)
  from space 10752K, 99% used [0x000000076fb80000,0x00000007705ff5a0,0x0000000770600000)
  to   space 10752K, 0% used [0x000000076f100000,0x000000076f100000,0x000000076fb80000)
 ParOldGen       total 175104K, used 28547K [0x00000006c1200000, 0x00000006cbd00000, 0x000000076b100000)
  object space 175104K, 16% used [0x00000006c1200000,0x00000006c2de0c88,0x00000006cbd00000)
 Metaspace       used 19549K, capacity 20366K, committed 20736K, reserved 1067008K
  class space    used 2756K, capacity 2954K, committed 3072K, reserved 1048576K
}
Event: 61.906 GC heap before
{Heap before GC invocations=3 (full 0):
 PSYoungGen      total 76288K, used 57748K [0x000000076b100000, 0x0000000770600000, 0x00000007c0000000)
  eden space 65536K, 71% used [0x000000076b100000,0x000000076dee5d10,0x000000076f100000)
  from space 10752K, 99% used [0x000000076fb80000,0x00000007705ff5a0,0x0000000770600000)
  to   space 10752K, 0% used [0x000000076f100000,0x000000076f100000,0x000000076fb80000)
 ParOldGen       total 175104K, used 28547K [0x00000006c1200000, 0x00000006cbd00000, 0x000000076b100000)
  object space 175104K, 16% used [0x00000006c1200000,0x00000006c2de0c88,0x00000006cbd00000)
 Metaspace       used 20016K, capacity 20870K, committed 20992K, reserved 1067008K
  class space    used 2780K, capacity 2990K, committed 3072K, reserved 1048576K
Event: 61.919 GC heap after
Heap after GC invocations=3 (full 0):
 PSYoungGen      total 76288K, used 4871K [0x000000076b100000, 0x0000000770600000, 0x00000007c0000000)
  eden space 65536K, 0% used [0x000000076b100000,0x000000076b100000,0x000000076f100000)
  from space 10752K, 45% used [0x000000076f100000,0x000000076f5c1d40,0x000000076fb80000)
  to   space 10752K, 0% used [0x000000076fb80000,0x000000076fb80000,0x0000000770600000)
 ParOldGen       total 175104K, used 28555K [0x00000006c1200000, 0x00000006cbd00000, 0x000000076b100000)
  object space 175104K, 16% used [0x00000006c1200000,0x00000006c2de2c88,0x00000006cbd00000)
 Metaspace       used 20016K, capacity 20870K, committed 20992K, reserved 1067008K
  class space    used 2780K, capacity 2990K, committed 3072K, reserved 1048576K
}
Event: 61.919 GC heap before
{Heap before GC invocations=4 (full 1):
 PSYoungGen      total 76288K, used 4871K [0x000000076b100000, 0x0000000770600000, 0x00000007c0000000)
  eden space 65536K, 0% used [0x000000076b100000,0x000000076b100000,0x000000076f100000)
  from space 10752K, 45% used [0x000000076f100000,0x000000076f5c1d40,0x000000076fb80000)
  to   space 10752K, 0% used [0x000000076fb80000,0x000000076fb80000,0x0000000770600000)
 ParOldGen       total 175104K, used 28555K [0x00000006c1200000, 0x00000006cbd00000, 0x000000076b100000)
  object space 175104K, 16% used [0x00000006c1200000,0x00000006c2de2c88,0x00000006cbd00000)
 Metaspace       used 20016K, capacity 20870K, committed 20992K, reserved 1067008K
  class space    used 2780K, capacity 2990K, committed 3072K, reserved 1048576K
Event: 62.009 GC heap after
Heap after GC invocations=4 (full 1):
 PSYoungGen      total 76288K, used 0K [0x000000076b100000, 0x0000000770600000, 0x00000007c0000000)
  eden space 65536K, 0% used [0x000000076b100000,0x000000076b100000,0x000000076f100000)
  from space 10752K, 0% used [0x000000076f100000,0x000000076f100000,0x000000076fb80000)
  to   space 10752K, 0% used [0x000000076fb80000,0x000000076fb80000,0x0000000770600000)
 ParOldGen       total 175104K, used 7411K [0x00000006c1200000, 0x00000006cbd00000, 0x000000076b100000)
  object space 175104K, 4% used [0x00000006c1200000,0x00000006c193cc00,0x00000006cbd00000)
 Metaspace       used 20016K, capacity 20870K, committed 20992K, reserved 1067008K
  class space    used 2780K, capacity 2990K, committed 3072K, reserved 1048576K
}

