# JRE version: Java(TM) SE Runtime Environment (8.0_51-b16) (build 1.8.0_51-b16)
# Java VM: Java HotSpot(TM) 64-Bit Server VM (25.51-b03 mixed mode windows-amd64 compressed oops)
Heap:
 PSYoungGen      total 76288K, used 5155K [0x000000076b100000, 0x0000000770600000, 0x00000007c0000000)
  eden space 65536K, 7% used [0x000000076b100000,0x000000076b608eb8,0x000000076f100000)
  from space 10752K, 0% used [0x000000076f100000,0x000000076f100000,0x000000076fb80000)
  to   space 10752K, 0% used [0x000000076fb80000,0x000000076fb80000,0x0000000770600000)
 ParOldGen       total 175104K, used 7256K [0x00000006c1200000, 0x00000006cbd00000, 0x000000076b100000)
  object space 175104K, 4% used [0x00000006c1200000,0x00000006c1916238,0x00000006cbd00000)
 Metaspace       used 18939K, capacity 19714K, committed 19840K, reserved 1067008K
  class space    used 2676K, capacity 2870K, committed 2944K, reserved 1048576K
GC Heap History (4 events):
Event: 14.392 GC heap before
{Heap before GC invocations=1 (full 0):
 PSYoungGen      total 76288K, used 53169K [0x000000076b100000, 0x0000000770600000, 0x00000007c0000000)
  eden space 65536K, 81% used [0x000000076b100000,0x000000076e4ec6f8,0x000000076f100000)
  from space 10752K, 0% used [0x000000076fb80000,0x000000076fb80000,0x0000000770600000)
  to   space 10752K, 0% used [0x000000076f100000,0x000000076f100000,0x000000076fb80000)
 ParOldGen       total 175104K, used 0K [0x00000006c1200000, 0x00000006cbd00000, 0x000000076b100000)
  object space 175104K, 0% used [0x00000006c1200000,0x00000006c1200000,0x00000006cbd00000)
 Metaspace       used 18923K, capacity 19688K, committed 19840K, reserved 1067008K
  class space    used 2671K, capacity 2863K, committed 2944K, reserved 1048576K
Event: 14.398 GC heap after
Heap after GC invocations=1 (full 0):
 PSYoungGen      total 76288K, used 7374K [0x000000076b100000, 0x0000000770600000, 0x00000007c0000000)
  eden space 65536K, 0% used [0x000000076b100000,0x000000076b100000,0x000000076f100000)
  from space 10752K, 68% used [0x000000076f100000,0x000000076f833980,0x000000076fb80000)
  to   space 10752K, 0% used [0x000000076fb80000,0x000000076fb80000,0x0000000770600000)
 ParOldGen       total 175104K, used 88K [0x00000006c1200000, 0x00000006cbd00000, 0x000000076b100000)
  object space 175104K, 0% used [0x00000006c1200000,0x00000006c1216010,0x00000006cbd00000)
 Metaspace       used 18923K, capacity 19688K, committed 19840K, reserved 1067008K
  class space    used 2671K, capacity 2863K, committed 2944K, reserved 1048576K
}
Event: 14.398 GC heap before
{Heap before GC invocations=2 (full 1):
 PSYoungGen      total 76288K, used 7374K [0x000000076b100000, 0x0000000770600000, 0x00000007c0000000)
  eden space 65536K, 0% used [0x000000076b100000,0x000000076b100000,0x000000076f100000)
  from space 10752K, 68% used [0x000000076f100000,0x000000076f833980,0x000000076fb80000)
  to   space 10752K, 0% used [0x000000076fb80000,0x000000076fb80000,0x0000000770600000)
 ParOldGen       total 175104K, used 88K [0x00000006c1200000, 0x00000006cbd00000, 0x000000076b100000)
  object space 175104K, 0% used [0x00000006c1200000,0x00000006c1216010,0x00000006cbd00000)
 Metaspace       used 18923K, capacity 19688K, committed 19840K, reserved 1067008K
  class space    used 2671K, capacity 2863K, committed 2944K, reserved 1048576K
Event: 14.423 GC heap after
Heap after GC invocations=2 (full 1):
 PSYoungGen      total 76288K, used 0K [0x000000076b100000, 0x0000000770600000, 0x00000007c0000000)
  eden space 65536K, 0% used [0x000000076b100000,0x000000076b100000,0x000000076f100000)
  from space 10752K, 0% used [0x000000076f100000,0x000000076f100000,0x000000076fb80000)
  to   space 10752K, 0% used [0x000000076fb80000,0x000000076fb80000,0x0000000770600000)
 ParOldGen       total 175104K, used 7256K [0x00000006c1200000, 0x00000006cbd00000, 0x000000076b100000)
  object space 175104K, 4% used [0x00000006c1200000,0x00000006c1916238,0x00000006cbd00000)
 Metaspace       used 18923K, capacity 19688K, committed 19840K, reserved 1067008K
  class space    used 2671K, capacity 2863K, committed 2944K, reserved 1048576K
}

