# JRE version: Java(TM) SE Runtime Environment (8.0_51-b16) (build 1.8.0_51-b16)
# Java VM: Java HotSpot(TM) 64-Bit Server VM (25.51-b03 mixed mode windows-amd64 compressed oops)
Heap:
 PSYoungGen      total 104448K, used 833K [0x000000076b100000, 0x0000000774d00000, 0x00000007c0000000)
  eden space 57344K, 1% used [0x000000076b100000,0x000000076b1d04e8,0x000000076e900000)
  from space 47104K, 0% used [0x000000076e900000,0x000000076e900000,0x0000000771700000)
  to   space 49664K, 0% used [0x0000000771c80000,0x0000000771c80000,0x0000000774d00000)
 ParOldGen       total 175104K, used 7357K [0x00000006c1200000, 0x00000006cbd00000, 0x000000076b100000)
  object space 175104K, 4% used [0x00000006c1200000,0x00000006c192f448,0x00000006cbd00000)
 Metaspace       used 20212K, capacity 21070K, committed 21248K, reserved 1067008K
  class space    used 2772K, capacity 2972K, committed 3072K, reserved 1048576K
GC Heap History (10 events):
Event: 36.023 GC heap before
{Heap before GC invocations=6 (full 0):
 PSYoungGen      total 74752K, used 74652K [0x000000076b100000, 0x0000000773d80000, 0x00000007c0000000)
  eden space 64000K, 99% used [0x000000076b100000,0x000000076ef6a2a0,0x000000076ef80000)
  from space 10752K, 99% used [0x000000076f100000,0x000000076fb7cda0,0x000000076fb80000)
  to   space 39936K, 0% used [0x0000000771680000,0x0000000771680000,0x0000000773d80000)
 ParOldGen       total 175104K, used 77433K [0x00000006c1200000, 0x00000006cbd00000, 0x000000076b100000)
  object space 175104K, 44% used [0x00000006c1200000,0x00000006c5d9e7f8,0x00000006cbd00000)
 Metaspace       used 19876K, capacity 20724K, committed 20992K, reserved 1067008K
  class space    used 2766K, capacity 2965K, committed 3072K, reserved 1048576K
Event: 36.064 GC heap after
Heap after GC invocations=6 (full 0):
 PSYoungGen      total 102400K, used 29037K [0x000000076b100000, 0x0000000773e00000, 0x00000007c0000000)
  eden space 62464K, 0% used [0x000000076b100000,0x000000076b100000,0x000000076ee00000)
  from space 39936K, 72% used [0x0000000771680000,0x00000007732db490,0x0000000773d80000)
  to   space 40960K, 0% used [0x000000076ee00000,0x000000076ee00000,0x0000000771600000)
 ParOldGen       total 175104K, used 77441K [0x00000006c1200000, 0x00000006cbd00000, 0x000000076b100000)
  object space 175104K, 44% used [0x00000006c1200000,0x00000006c5da07f8,0x00000006cbd00000)
 Metaspace       used 19876K, capacity 20724K, committed 20992K, reserved 1067008K
  class space    used 2766K, capacity 2965K, committed 3072K, reserved 1048576K
}
Event: 42.875 GC heap before
{Heap before GC invocations=7 (full 0):
 PSYoungGen      total 102400K, used 91501K [0x000000076b100000, 0x0000000773e00000, 0x00000007c0000000)
  eden space 62464K, 100% used [0x000000076b100000,0x000000076ee00000,0x000000076ee00000)
  from space 39936K, 72% used [0x0000000771680000,0x00000007732db490,0x0000000773d80000)
  to   space 40960K, 0% used [0x000000076ee00000,0x000000076ee00000,0x0000000771600000)
 ParOldGen       total 175104K, used 77441K [0x00000006c1200000, 0x00000006cbd00000, 0x000000076b100000)
  object space 175104K, 44% used [0x00000006c1200000,0x00000006c5da07f8,0x00000006cbd00000)
 Metaspace       used 19959K, capacity 20788K, committed 20992K, reserved 1067008K
  class space    used 2766K, capacity 2965K, committed 3072K, reserved 1048576K
Event: 42.897 GC heap after
Heap after GC invocations=7 (full 0):
 PSYoungGen      total 102400K, used 33330K [0x000000076b100000, 0x0000000774100000, 0x00000007c0000000)
  eden space 61440K, 0% used [0x000000076b100000,0x000000076b100000,0x000000076ed00000)
  from space 40960K, 81% used [0x000000076ee00000,0x0000000770e8cad0,0x0000000771600000)
  to   space 43008K, 0% used [0x0000000771700000,0x0000000771700000,0x0000000774100000)
 ParOldGen       total 175104K, used 80969K [0x00000006c1200000, 0x00000006cbd00000, 0x000000076b100000)
  object space 175104K, 46% used [0x00000006c1200000,0x00000006c6112658,0x00000006cbd00000)
 Metaspace       used 19959K, capacity 20788K, committed 20992K, reserved 1067008K
  class space    used 2766K, capacity 2965K, committed 3072K, reserved 1048576K
}
Event: 49.581 GC heap before
{Heap before GC invocations=8 (full 0):
 PSYoungGen      total 102400K, used 94770K [0x000000076b100000, 0x0000000774100000, 0x00000007c0000000)
  eden space 61440K, 100% used [0x000000076b100000,0x000000076ed00000,0x000000076ed00000)
  from space 40960K, 81% used [0x000000076ee00000,0x0000000770e8cad0,0x0000000771600000)
  to   space 43008K, 0% used [0x0000000771700000,0x0000000771700000,0x0000000774100000)
 ParOldGen       total 175104K, used 80969K [0x00000006c1200000, 0x00000006cbd00000, 0x000000076b100000)
  object space 175104K, 46% used [0x00000006c1200000,0x00000006c6112658,0x00000006cbd00000)
 Metaspace       used 20065K, capacity 20852K, committed 20992K, reserved 1067008K
  class space    used 2766K, capacity 2965K, committed 3072K, reserved 1048576K
Event: 49.597 GC heap after
Heap after GC invocations=8 (full 0):
 PSYoungGen      total 100352K, used 38322K [0x000000076b100000, 0x0000000774800000, 0x00000007c0000000)
  eden space 57344K, 0% used [0x000000076b100000,0x000000076b100000,0x000000076e900000)
  from space 43008K, 89% used [0x0000000771700000,0x0000000773c6cbd0,0x0000000774100000)
  to   space 47104K, 0% used [0x000000076e900000,0x000000076e900000,0x0000000771700000)
 ParOldGen       total 175104K, used 81317K [0x00000006c1200000, 0x00000006cbd00000, 0x000000076b100000)
  object space 175104K, 46% used [0x00000006c1200000,0x00000006c6169668,0x00000006cbd00000)
 Metaspace       used 20065K, capacity 20852K, committed 20992K, reserved 1067008K
  class space    used 2766K, capacity 2965K, committed 3072K, reserved 1048576K
}
Event: 119.013 GC heap before
{Heap before GC invocations=9 (full 0):
 PSYoungGen      total 100352K, used 83123K [0x000000076b100000, 0x0000000774800000, 0x00000007c0000000)
  eden space 57344K, 78% used [0x000000076b100000,0x000000076dcc0178,0x000000076e900000)
  from space 43008K, 89% used [0x0000000771700000,0x0000000773c6cbd0,0x0000000774100000)
  to   space 47104K, 0% used [0x000000076e900000,0x000000076e900000,0x0000000771700000)
 ParOldGen       total 175104K, used 81317K [0x00000006c1200000, 0x00000006cbd00000, 0x000000076b100000)
  object space 175104K, 46% used [0x00000006c1200000,0x00000006c6169668,0x00000006cbd00000)
 Metaspace       used 20199K, capacity 21046K, committed 21248K, reserved 1067008K
  class space    used 2767K, capacity 2966K, committed 3072K, reserved 1048576K
Event: 119.017 GC heap after
Heap after GC invocations=9 (full 0):
 PSYoungGen      total 104448K, used 513K [0x000000076b100000, 0x0000000774d00000, 0x00000007c0000000)
  eden space 57344K, 0% used [0x000000076b100000,0x000000076b100000,0x000000076e900000)
  from space 47104K, 1% used [0x000000076e900000,0x000000076e980410,0x0000000771700000)
  to   space 49664K, 0% used [0x0000000771c80000,0x0000000771c80000,0x0000000774d00000)
 ParOldGen       total 175104K, used 81365K [0x00000006c1200000, 0x00000006cbd00000, 0x000000076b100000)
  object space 175104K, 46% used [0x00000006c1200000,0x00000006c6175668,0x00000006cbd00000)
 Metaspace       used 20199K, capacity 21046K, committed 21248K, reserved 1067008K
  class space    used 2767K, capacity 2966K, committed 3072K, reserved 1048576K
}
Event: 119.017 GC heap before
{Heap before GC invocations=10 (full 1):
 PSYoungGen      total 104448K, used 513K [0x000000076b100000, 0x0000000774d00000, 0x00000007c0000000)
  eden space 57344K, 0% used [0x000000076b100000,0x000000076b100000,0x000000076e900000)
  from space 47104K, 1% used [0x000000076e900000,0x000000076e980410,0x0000000771700000)
  to   space 49664K, 0% used [0x0000000771c80000,0x0000000771c80000,0x0000000774d00000)
 ParOldGen       total 175104K, used 81365K [0x00000006c1200000, 0x00000006cbd00000, 0x000000076b100000)
  object space 175104K, 46% used [0x00000006c1200000,0x00000006c6175668,0x00000006cbd00000)
 Metaspace       used 20199K, capacity 21046K, committed 21248K, reserved 1067008K
  class space    used 2767K, capacity 2966K, committed 3072K, reserved 1048576K
Event: 119.186 GC heap after
Heap after GC invocations=10 (full 1):
 PSYoungGen      total 104448K, used 0K [0x000000076b100000, 0x0000000774d00000, 0x00000007c0000000)
  eden space 57344K, 0% used [0x000000076b100000,0x000000076b100000,0x000000076e900000)
  from space 47104K, 0% used [0x000000076e900000,0x000000076e900000,0x0000000771700000)
  to   space 49664K, 0% used [0x0000000771c80000,0x0000000771c80000,0x0000000774d00000)
 ParOldGen       total 175104K, used 7357K [0x00000006c1200000, 0x00000006cbd00000, 0x000000076b100000)
  object space 175104K, 4% used [0x00000006c1200000,0x00000006c192f448,0x00000006cbd00000)
 Metaspace       used 20199K, capacity 21046K, committed 21248K, reserved 1067008K
  class space    used 2767K, capacity 2966K, committed 3072K, reserved 1048576K
}

