# JRE version: Java(TM) SE Runtime Environment (8.0_51-b16) (build 1.8.0_51-b16)
# Java VM: Java HotSpot(TM) 64-Bit Server VM (25.51-b03 mixed mode windows-amd64 compressed oops)
Heap:
 PSYoungGen      total 76288K, used 3633K [0x000000076b100000, 0x0000000770600000, 0x00000007c0000000)
  eden space 65536K, 5% used [0x000000076b100000,0x000000076b48c6e0,0x000000076f100000)
  from space 10752K, 0% used [0x000000076f100000,0x000000076f100000,0x000000076fb80000)
  to   space 10752K, 0% used [0x000000076fb80000,0x000000076fb80000,0x0000000770600000)
 ParOldGen       total 175104K, used 7301K [0x00000006c1200000, 0x00000006cbd00000, 0x000000076b100000)
  object space 175104K, 4% used [0x00000006c1200000,0x00000006c1921618,0x00000006cbd00000)
 Metaspace       used 19961K, capacity 20792K, committed 20992K, reserved 1067008K
  class space    used 2770K, capacity 2961K, committed 3072K, reserved 1048576K
GC Heap History (10 events):
Event: 41.739 GC heap before
{Heap before GC invocations=2 (full 0):
 PSYoungGen      total 76288K, used 76241K [0x000000076b100000, 0x0000000770600000, 0x00000007c0000000)
  eden space 65536K, 99% used [0x000000076b100000,0x000000076f0f5cc8,0x000000076f100000)
  from space 10752K, 99% used [0x000000076f100000,0x000000076fb7ea00,0x000000076fb80000)
  to   space 10752K, 0% used [0x000000076fb80000,0x000000076fb80000,0x0000000770600000)
 ParOldGen       total 175104K, used 2754K [0x00000006c1200000, 0x00000006cbd00000, 0x000000076b100000)
  object space 175104K, 1% used [0x00000006c1200000,0x00000006c14b0830,0x00000006cbd00000)
 Metaspace       used 19602K, capacity 20446K, committed 20736K, reserved 1067008K
  class space    used 2764K, capacity 2954K, committed 3072K, reserved 1048576K
Event: 41.774 GC heap after
Heap after GC invocations=2 (full 0):
 PSYoungGen      total 76288K, used 10733K [0x000000076b100000, 0x0000000770600000, 0x00000007c0000000)
  eden space 65536K, 0% used [0x000000076b100000,0x000000076b100000,0x000000076f100000)
  from space 10752K, 99% used [0x000000076fb80000,0x00000007705fb700,0x0000000770600000)
  to   space 10752K, 0% used [0x000000076f100000,0x000000076f100000,0x000000076fb80000)
 ParOldGen       total 175104K, used 18242K [0x00000006c1200000, 0x00000006cbd00000, 0x000000076b100000)
  object space 175104K, 10% used [0x00000006c1200000,0x00000006c23d0b50,0x00000006cbd00000)
 Metaspace       used 19602K, capacity 20446K, committed 20736K, reserved 1067008K
  class space    used 2764K, capacity 2954K, committed 3072K, reserved 1048576K
}
Event: 48.353 GC heap before
{Heap before GC invocations=3 (full 0):
 PSYoungGen      total 76288K, used 76220K [0x000000076b100000, 0x0000000770600000, 0x00000007c0000000)
  eden space 65536K, 99% used [0x000000076b100000,0x000000076f0f3ca8,0x000000076f100000)
  from space 10752K, 99% used [0x000000076fb80000,0x00000007705fb700,0x0000000770600000)
  to   space 10752K, 0% used [0x000000076f100000,0x000000076f100000,0x000000076fb80000)
 ParOldGen       total 175104K, used 18242K [0x00000006c1200000, 0x00000006cbd00000, 0x000000076b100000)
  object space 175104K, 10% used [0x00000006c1200000,0x00000006c23d0b50,0x00000006cbd00000)
 Metaspace       used 19654K, capacity 20510K, committed 20736K, reserved 1067008K
  class space    used 2764K, capacity 2954K, committed 3072K, reserved 1048576K
Event: 48.380 GC heap after
Heap after GC invocations=3 (full 0):
 PSYoungGen      total 76288K, used 10742K [0x000000076b100000, 0x0000000770600000, 0x00000007c0000000)
  eden space 65536K, 0% used [0x000000076b100000,0x000000076b100000,0x000000076f100000)
  from space 10752K, 99% used [0x000000076f100000,0x000000076fb7db90,0x000000076fb80000)
  to   space 10752K, 0% used [0x000000076fb80000,0x000000076fb80000,0x0000000770600000)
 ParOldGen       total 175104K, used 32037K [0x00000006c1200000, 0x00000006cbd00000, 0x000000076b100000)
  object space 175104K, 18% used [0x00000006c1200000,0x00000006c3149540,0x00000006cbd00000)
 Metaspace       used 19654K, capacity 20510K, committed 20736K, reserved 1067008K
  class space    used 2764K, capacity 2954K, committed 3072K, reserved 1048576K
}
Event: 56.338 GC heap before
{Heap before GC invocations=4 (full 0):
 PSYoungGen      total 76288K, used 76278K [0x000000076b100000, 0x0000000770600000, 0x00000007c0000000)
  eden space 65536K, 100% used [0x000000076b100000,0x000000076f100000,0x000000076f100000)
  from space 10752K, 99% used [0x000000076f100000,0x000000076fb7db90,0x000000076fb80000)
  to   space 10752K, 0% used [0x000000076fb80000,0x000000076fb80000,0x0000000770600000)
 ParOldGen       total 175104K, used 32037K [0x00000006c1200000, 0x00000006cbd00000, 0x000000076b100000)
  object space 175104K, 18% used [0x00000006c1200000,0x00000006c3149540,0x00000006cbd00000)
 Metaspace       used 19770K, capacity 20574K, committed 20736K, reserved 1067008K
  class space    used 2765K, capacity 2954K, committed 3072K, reserved 1048576K
Event: 56.366 GC heap after
Heap after GC invocations=4 (full 0):
 PSYoungGen      total 76288K, used 10745K [0x000000076b100000, 0x0000000770600000, 0x00000007c0000000)
  eden space 65536K, 0% used [0x000000076b100000,0x000000076b100000,0x000000076f100000)
  from space 10752K, 99% used [0x000000076fb80000,0x00000007705fe5a0,0x0000000770600000)
  to   space 10752K, 0% used [0x000000076f100000,0x000000076f100000,0x000000076fb80000)
 ParOldGen       total 175104K, used 46882K [0x00000006c1200000, 0x00000006cbd00000, 0x000000076b100000)
  object space 175104K, 26% used [0x00000006c1200000,0x00000006c3fc8850,0x00000006cbd00000)
 Metaspace       used 19770K, capacity 20574K, committed 20736K, reserved 1067008K
  class space    used 2765K, capacity 2954K, committed 3072K, reserved 1048576K
}
Event: 85.794 GC heap before
{Heap before GC invocations=5 (full 0):
 PSYoungGen      total 76288K, used 46131K [0x000000076b100000, 0x0000000770600000, 0x00000007c0000000)
  eden space 65536K, 53% used [0x000000076b100000,0x000000076d38e790,0x000000076f100000)
  from space 10752K, 99% used [0x000000076fb80000,0x00000007705fe5a0,0x0000000770600000)
  to   space 10752K, 0% used [0x000000076f100000,0x000000076f100000,0x000000076fb80000)
 ParOldGen       total 175104K, used 46882K [0x00000006c1200000, 0x00000006cbd00000, 0x000000076b100000)
  object space 175104K, 26% used [0x00000006c1200000,0x00000006c3fc8850,0x00000006cbd00000)
 Metaspace       used 19947K, capacity 20768K, committed 20992K, reserved 1067008K
  class space    used 2765K, capacity 2955K, committed 3072K, reserved 1048576K
Event: 85.813 GC heap after
Heap after GC invocations=5 (full 0):
 PSYoungGen      total 76288K, used 4033K [0x000000076b100000, 0x0000000770600000, 0x00000007c0000000)
  eden space 65536K, 0% used [0x000000076b100000,0x000000076b100000,0x000000076f100000)
  from space 10752K, 37% used [0x000000076f100000,0x000000076f4f0430,0x000000076fb80000)
  to   space 10752K, 0% used [0x000000076fb80000,0x000000076fb80000,0x0000000770600000)
 ParOldGen       total 175104K, used 46890K [0x00000006c1200000, 0x00000006cbd00000, 0x000000076b100000)
  object space 175104K, 26% used [0x00000006c1200000,0x00000006c3fca850,0x00000006cbd00000)
 Metaspace       used 19947K, capacity 20768K, committed 20992K, reserved 1067008K
  class space    used 2765K, capacity 2955K, committed 3072K, reserved 1048576K
}
Event: 85.814 GC heap before
{Heap before GC invocations=6 (full 1):
 PSYoungGen      total 76288K, used 4033K [0x000000076b100000, 0x0000000770600000, 0x00000007c0000000)
  eden space 65536K, 0% used [0x000000076b100000,0x000000076b100000,0x000000076f100000)
  from space 10752K, 37% used [0x000000076f100000,0x000000076f4f0430,0x000000076fb80000)
  to   space 10752K, 0% used [0x000000076fb80000,0x000000076fb80000,0x0000000770600000)
 ParOldGen       total 175104K, used 46890K [0x00000006c1200000, 0x00000006cbd00000, 0x000000076b100000)
  object space 175104K, 26% used [0x00000006c1200000,0x00000006c3fca850,0x00000006cbd00000)
 Metaspace       used 19947K, capacity 20768K, committed 20992K, reserved 1067008K
  class space    used 2765K, capacity 2955K, committed 3072K, reserved 1048576K
Event: 85.928 GC heap after
Heap after GC invocations=6 (full 1):
 PSYoungGen      total 76288K, used 0K [0x000000076b100000, 0x0000000770600000, 0x00000007c0000000)
  eden space 65536K, 0% used [0x000000076b100000,0x000000076b100000,0x000000076f100000)
  from space 10752K, 0% used [0x000000076f100000,0x000000076f100000,0x000000076fb80000)
  to   space 10752K, 0% used [0x000000076fb80000,0x000000076fb80000,0x0000000770600000)
 ParOldGen       total 175104K, used 7301K [0x00000006c1200000, 0x00000006cbd00000, 0x000000076b100000)
  object space 175104K, 4% used [0x00000006c1200000,0x00000006c1921618,0x00000006cbd00000)
 Metaspace       used 19947K, capacity 20768K, committed 20992K, reserved 1067008K
  class space    used 2765K, capacity 2955K, committed 3072K, reserved 1048576K
}

