# JRE version: Java(TM) SE Runtime Environment (8.0_51-b16) (build 1.8.0_51-b16)
# Java VM: Java HotSpot(TM) 64-Bit Server VM (25.51-b03 mixed mode windows-amd64 compressed oops)
Heap:
 PSYoungGen      total 76288K, used 2733K [0x000000076b100000, 0x0000000770600000, 0x00000007c0000000)
  eden space 65536K, 4% used [0x000000076b100000,0x000000076b3ab560,0x000000076f100000)
  from space 10752K, 0% used [0x000000076f100000,0x000000076f100000,0x000000076fb80000)
  to   space 10752K, 0% used [0x000000076fb80000,0x000000076fb80000,0x0000000770600000)
 ParOldGen       total 175104K, used 7339K [0x00000006c1200000, 0x00000006cbd00000, 0x000000076b100000)
  object space 175104K, 4% used [0x00000006c1200000,0x00000006c192ac80,0x00000006cbd00000)
 Metaspace       used 20078K, capacity 20872K, committed 20992K, reserved 1067008K
  class space    used 2773K, capacity 2963K, committed 3072K, reserved 1048576K
GC Heap History (10 events):
Event: 204.099 GC heap before
{Heap before GC invocations=2 (full 0):
 PSYoungGen      total 76288K, used 76235K [0x000000076b100000, 0x0000000770600000, 0x00000007c0000000)
  eden space 65536K, 99% used [0x000000076b100000,0x000000076f0f46d8,0x000000076f100000)
  from space 10752K, 99% used [0x000000076f100000,0x000000076fb7e708,0x000000076fb80000)
  to   space 10752K, 0% used [0x000000076fb80000,0x000000076fb80000,0x0000000770600000)
 ParOldGen       total 175104K, used 332K [0x00000006c1200000, 0x00000006cbd00000, 0x000000076b100000)
  object space 175104K, 0% used [0x00000006c1200000,0x00000006c1253060,0x00000006cbd00000)
 Metaspace       used 19910K, capacity 20712K, committed 20992K, reserved 1067008K
  class space    used 2764K, capacity 2955K, committed 3072K, reserved 1048576K
Event: 204.145 GC heap after
Heap after GC invocations=2 (full 0):
 PSYoungGen      total 76288K, used 10729K [0x000000076b100000, 0x0000000770600000, 0x00000007c0000000)
  eden space 65536K, 0% used [0x000000076b100000,0x000000076b100000,0x000000076f100000)
  from space 10752K, 99% used [0x000000076fb80000,0x00000007705fa510,0x0000000770600000)
  to   space 10752K, 0% used [0x000000076f100000,0x000000076f100000,0x000000076fb80000)
 ParOldGen       total 175104K, used 22212K [0x00000006c1200000, 0x00000006cbd00000, 0x000000076b100000)
  object space 175104K, 12% used [0x00000006c1200000,0x00000006c27b10e0,0x00000006cbd00000)
 Metaspace       used 19910K, capacity 20712K, committed 20992K, reserved 1067008K
  class space    used 2764K, capacity 2955K, committed 3072K, reserved 1048576K
}
Event: 218.021 GC heap before
{Heap before GC invocations=3 (full 0):
 PSYoungGen      total 76288K, used 76265K [0x000000076b100000, 0x0000000770600000, 0x00000007c0000000)
  eden space 65536K, 100% used [0x000000076b100000,0x000000076f100000,0x000000076f100000)
  from space 10752K, 99% used [0x000000076fb80000,0x00000007705fa510,0x0000000770600000)
  to   space 10752K, 0% used [0x000000076f100000,0x000000076f100000,0x000000076fb80000)
 ParOldGen       total 175104K, used 22212K [0x00000006c1200000, 0x00000006cbd00000, 0x000000076b100000)
  object space 175104K, 12% used [0x00000006c1200000,0x00000006c27b10e0,0x00000006cbd00000)
 Metaspace       used 19959K, capacity 20776K, committed 20992K, reserved 1067008K
  class space    used 2765K, capacity 2955K, committed 3072K, reserved 1048576K
Event: 218.050 GC heap after
Heap after GC invocations=3 (full 0):
 PSYoungGen      total 76288K, used 10742K [0x000000076b100000, 0x0000000770600000, 0x00000007c0000000)
  eden space 65536K, 0% used [0x000000076b100000,0x000000076b100000,0x000000076f100000)
  from space 10752K, 99% used [0x000000076f100000,0x000000076fb7d980,0x000000076fb80000)
  to   space 10752K, 0% used [0x000000076fb80000,0x000000076fb80000,0x0000000770600000)
 ParOldGen       total 175104K, used 38466K [0x00000006c1200000, 0x00000006cbd00000, 0x000000076b100000)
  object space 175104K, 21% used [0x00000006c1200000,0x00000006c3790b10,0x00000006cbd00000)
 Metaspace       used 19959K, capacity 20776K, committed 20992K, reserved 1067008K
  class space    used 2765K, capacity 2955K, committed 3072K, reserved 1048576K
}
Event: 234.362 GC heap before
{Heap before GC invocations=4 (full 0):
 PSYoungGen      total 76288K, used 76022K [0x000000076b100000, 0x0000000770600000, 0x00000007c0000000)
  eden space 65536K, 99% used [0x000000076b100000,0x000000076f0c01b8,0x000000076f100000)
  from space 10752K, 99% used [0x000000076f100000,0x000000076fb7d980,0x000000076fb80000)
  to   space 10752K, 0% used [0x000000076fb80000,0x000000076fb80000,0x0000000770600000)
 ParOldGen       total 175104K, used 38466K [0x00000006c1200000, 0x00000006cbd00000, 0x000000076b100000)
  object space 175104K, 21% used [0x00000006c1200000,0x00000006c3790b10,0x00000006cbd00000)
 Metaspace       used 20040K, capacity 20840K, committed 20992K, reserved 1067008K
  class space    used 2765K, capacity 2955K, committed 3072K, reserved 1048576K
Event: 234.386 GC heap after
Heap after GC invocations=4 (full 0):
 PSYoungGen      total 76288K, used 10750K [0x000000076b100000, 0x0000000770600000, 0x00000007c0000000)
  eden space 65536K, 0% used [0x000000076b100000,0x000000076b100000,0x000000076f100000)
  from space 10752K, 99% used [0x000000076fb80000,0x00000007705ff990,0x0000000770600000)
  to   space 10752K, 0% used [0x000000076f100000,0x000000076f100000,0x000000076fb80000)
 ParOldGen       total 175104K, used 52883K [0x00000006c1200000, 0x00000006cbd00000, 0x000000076b100000)
  object space 175104K, 30% used [0x00000006c1200000,0x00000006c45a4e10,0x00000006cbd00000)
 Metaspace       used 20040K, capacity 20840K, committed 20992K, reserved 1067008K
  class space    used 2765K, capacity 2955K, committed 3072K, reserved 1048576K
}
Event: 267.948 GC heap before
{Heap before GC invocations=5 (full 0):
 PSYoungGen      total 76288K, used 29611K [0x000000076b100000, 0x0000000770600000, 0x00000007c0000000)
  eden space 65536K, 28% used [0x000000076b100000,0x000000076c36b2d0,0x000000076f100000)
  from space 10752K, 99% used [0x000000076fb80000,0x00000007705ff990,0x0000000770600000)
  to   space 10752K, 0% used [0x000000076f100000,0x000000076f100000,0x000000076fb80000)
 ParOldGen       total 175104K, used 52883K [0x00000006c1200000, 0x00000006cbd00000, 0x000000076b100000)
  object space 175104K, 30% used [0x00000006c1200000,0x00000006c45a4e10,0x00000006cbd00000)
 Metaspace       used 20064K, capacity 20848K, committed 20992K, reserved 1067008K
  class space    used 2769K, capacity 2957K, committed 3072K, reserved 1048576K
Event: 267.965 GC heap after
Heap after GC invocations=5 (full 0):
 PSYoungGen      total 76288K, used 4434K [0x000000076b100000, 0x0000000770600000, 0x00000007c0000000)
  eden space 65536K, 0% used [0x000000076b100000,0x000000076b100000,0x000000076f100000)
  from space 10752K, 41% used [0x000000076f100000,0x000000076f554850,0x000000076fb80000)
  to   space 10752K, 0% used [0x000000076fb80000,0x000000076fb80000,0x0000000770600000)
 ParOldGen       total 175104K, used 52891K [0x00000006c1200000, 0x00000006cbd00000, 0x000000076b100000)
  object space 175104K, 30% used [0x00000006c1200000,0x00000006c45a6e10,0x00000006cbd00000)
 Metaspace       used 20064K, capacity 20848K, committed 20992K, reserved 1067008K
  class space    used 2769K, capacity 2957K, committed 3072K, reserved 1048576K
}
Event: 267.965 GC heap before
{Heap before GC invocations=6 (full 1):
 PSYoungGen      total 76288K, used 4434K [0x000000076b100000, 0x0000000770600000, 0x00000007c0000000)
  eden space 65536K, 0% used [0x000000076b100000,0x000000076b100000,0x000000076f100000)
  from space 10752K, 41% used [0x000000076f100000,0x000000076f554850,0x000000076fb80000)
  to   space 10752K, 0% used [0x000000076fb80000,0x000000076fb80000,0x0000000770600000)
 ParOldGen       total 175104K, used 52891K [0x00000006c1200000, 0x00000006cbd00000, 0x000000076b100000)
  object space 175104K, 30% used [0x00000006c1200000,0x00000006c45a6e10,0x00000006cbd00000)
 Metaspace       used 20064K, capacity 20848K, committed 20992K, reserved 1067008K
  class space    used 2769K, capacity 2957K, committed 3072K, reserved 1048576K
Event: 268.064 GC heap after
Heap after GC invocations=6 (full 1):
 PSYoungGen      total 76288K, used 0K [0x000000076b100000, 0x0000000770600000, 0x00000007c0000000)
  eden space 65536K, 0% used [0x000000076b100000,0x000000076b100000,0x000000076f100000)
  from space 10752K, 0% used [0x000000076f100000,0x000000076f100000,0x000000076fb80000)
  to   space 10752K, 0% used [0x000000076fb80000,0x000000076fb80000,0x0000000770600000)
 ParOldGen       total 175104K, used 7339K [0x00000006c1200000, 0x00000006cbd00000, 0x000000076b100000)
  object space 175104K, 4% used [0x00000006c1200000,0x00000006c192ac80,0x00000006cbd00000)
 Metaspace       used 20064K, capacity 20848K, committed 20992K, reserved 1067008K
  class space    used 2769K, capacity 2957K, committed 3072K, reserved 1048576K
}

