# JRE version: Java(TM) SE Runtime Environment (8.0_51-b16) (build 1.8.0_51-b16)
# Java VM: Java HotSpot(TM) 64-Bit Server VM (25.51-b03 mixed mode windows-amd64 compressed oops)
Heap:
 PSYoungGen      total 76288K, used 12396K [0x000000076b100000, 0x0000000770600000, 0x00000007c0000000)
  eden space 65536K, 18% used [0x000000076b100000,0x000000076bd1b100,0x000000076f100000)
  from space 10752K, 0% used [0x000000076fb80000,0x000000076fb80000,0x0000000770600000)
  to   space 10752K, 0% used [0x000000076f100000,0x000000076f100000,0x000000076fb80000)
 ParOldGen       total 175104K, used 12333K [0x00000006c1200000, 0x00000006cbd00000, 0x000000076b100000)
  object space 175104K, 7% used [0x00000006c1200000,0x00000006c1e0b650,0x00000006cbd00000)
 Metaspace       used 22577K, capacity 23560K, committed 23680K, reserved 1069056K
  class space    used 3145K, capacity 3369K, committed 3456K, reserved 1048576K
GC Heap History (6 events):
Event: 3.145 GC heap before
{Heap before GC invocations=1 (full 0):
 PSYoungGen      total 76288K, used 65536K [0x000000076b100000, 0x0000000770600000, 0x00000007c0000000)
  eden space 65536K, 100% used [0x000000076b100000,0x000000076f100000,0x000000076f100000)
  from space 10752K, 0% used [0x000000076fb80000,0x000000076fb80000,0x0000000770600000)
  to   space 10752K, 0% used [0x000000076f100000,0x000000076f100000,0x000000076fb80000)
 ParOldGen       total 175104K, used 0K [0x00000006c1200000, 0x00000006cbd00000, 0x000000076b100000)
  object space 175104K, 0% used [0x00000006c1200000,0x00000006c1200000,0x00000006cbd00000)
 Metaspace       used 19377K, capacity 20136K, committed 20480K, reserved 1067008K
  class space    used 2741K, capacity 2949K, committed 3072K, reserved 1048576K
Event: 3.166 GC heap after
Heap after GC invocations=1 (full 0):
 PSYoungGen      total 76288K, used 10739K [0x000000076b100000, 0x0000000770600000, 0x00000007c0000000)
  eden space 65536K, 0% used [0x000000076b100000,0x000000076b100000,0x000000076f100000)
  from space 10752K, 99% used [0x000000076f100000,0x000000076fb7cff0,0x000000076fb80000)
  to   space 10752K, 0% used [0x000000076fb80000,0x000000076fb80000,0x0000000770600000)
 ParOldGen       total 175104K, used 2459K [0x00000006c1200000, 0x00000006cbd00000, 0x000000076b100000)
  object space 175104K, 1% used [0x00000006c1200000,0x00000006c1466f38,0x00000006cbd00000)
 Metaspace       used 19377K, capacity 20136K, committed 20480K, reserved 1067008K
  class space    used 2741K, capacity 2949K, committed 3072K, reserved 1048576K
}
Event: 4.554 GC heap before
{Heap before GC invocations=2 (full 0):
 PSYoungGen      total 76288K, used 32640K [0x000000076b100000, 0x0000000770600000, 0x00000007c0000000)
  eden space 65536K, 33% used [0x000000076b100000,0x000000076c6630b0,0x000000076f100000)
  from space 10752K, 99% used [0x000000076f100000,0x000000076fb7cff0,0x000000076fb80000)
  to   space 10752K, 0% used [0x000000076fb80000,0x000000076fb80000,0x0000000770600000)
 ParOldGen       total 175104K, used 2459K [0x00000006c1200000, 0x00000006cbd00000, 0x000000076b100000)
  object space 175104K, 1% used [0x00000006c1200000,0x00000006c1466f38,0x00000006cbd00000)
 Metaspace       used 19448K, capacity 20268K, committed 20480K, reserved 1067008K
  class space    used 2741K, capacity 2949K, committed 3072K, reserved 1048576K
Event: 4.559 GC heap after
Heap after GC invocations=2 (full 0):
 PSYoungGen      total 76288K, used 10383K [0x000000076b100000, 0x0000000770600000, 0x00000007c0000000)
  eden space 65536K, 0% used [0x000000076b100000,0x000000076b100000,0x000000076f100000)
  from space 10752K, 96% used [0x000000076fb80000,0x00000007705a3ff0,0x0000000770600000)
  to   space 10752K, 0% used [0x000000076f100000,0x000000076f100000,0x000000076fb80000)
 ParOldGen       total 175104K, used 2467K [0x00000006c1200000, 0x00000006cbd00000, 0x000000076b100000)
  object space 175104K, 1% used [0x00000006c1200000,0x00000006c1468f38,0x00000006cbd00000)
 Metaspace       used 19448K, capacity 20268K, committed 20480K, reserved 1067008K
  class space    used 2741K, capacity 2949K, committed 3072K, reserved 1048576K
}
Event: 4.559 GC heap before
{Heap before GC invocations=3 (full 1):
 PSYoungGen      total 76288K, used 10383K [0x000000076b100000, 0x0000000770600000, 0x00000007c0000000)
  eden space 65536K, 0% used [0x000000076b100000,0x000000076b100000,0x000000076f100000)
  from space 10752K, 96% used [0x000000076fb80000,0x00000007705a3ff0,0x0000000770600000)
  to   space 10752K, 0% used [0x000000076f100000,0x000000076f100000,0x000000076fb80000)
 ParOldGen       total 175104K, used 2467K [0x00000006c1200000, 0x00000006cbd00000, 0x000000076b100000)
  object space 175104K, 1% used [0x00000006c1200000,0x00000006c1468f38,0x00000006cbd00000)
 Metaspace       used 19448K, capacity 20268K, committed 20480K, reserved 1067008K
  class space    used 2741K, capacity 2949K, committed 3072K, reserved 1048576K
Event: 4.588 GC heap after
Heap after GC invocations=3 (full 1):
 PSYoungGen      total 76288K, used 0K [0x000000076b100000, 0x0000000770600000, 0x00000007c0000000)
  eden space 65536K, 0% used [0x000000076b100000,0x000000076b100000,0x000000076f100000)
  from space 10752K, 0% used [0x000000076fb80000,0x000000076fb80000,0x0000000770600000)
  to   space 10752K, 0% used [0x000000076f100000,0x000000076f100000,0x000000076fb80000)
 ParOldGen       total 175104K, used 12333K [0x00000006c1200000, 0x00000006cbd00000, 0x000000076b100000)
  object space 175104K, 7% used [0x00000006c1200000,0x00000006c1e0b650,0x00000006cbd00000)
 Metaspace       used 19448K, capacity 20268K, committed 20480K, reserved 1067008K
  class space    used 2741K, capacity 2949K, committed 3072K, reserved 1048576K
}

