# JRE version: Java(TM) SE Runtime Environment (8.0_51-b16) (build 1.8.0_51-b16)
# Java VM: Java HotSpot(TM) 64-Bit Server VM (25.51-b03 mixed mode windows-amd64 compressed oops)
Heap:
 PSYoungGen      total 76288K, used 8432K [0x000000076b100000, 0x0000000770600000, 0x00000007c0000000)
  eden space 65536K, 12% used [0x000000076b100000,0x000000076b93c1f8,0x000000076f100000)
  from space 10752K, 0% used [0x000000076f100000,0x000000076f100000,0x000000076fb80000)
  to   space 10752K, 0% used [0x000000076fb80000,0x000000076fb80000,0x0000000770600000)
 ParOldGen       total 175104K, used 7210K [0x00000006c1200000, 0x00000006cbd00000, 0x000000076b100000)
  object space 175104K, 4% used [0x00000006c1200000,0x00000006c190abd0,0x00000006cbd00000)
 Metaspace       used 18935K, capacity 19754K, committed 20096K, reserved 1067008K
  class space    used 2673K, capacity 2860K, committed 2944K, reserved 1048576K
GC Heap History (4 events):
Event: 12.429 GC heap before
{Heap before GC invocations=1 (full 0):
 PSYoungGen      total 76288K, used 53169K [0x000000076b100000, 0x0000000770600000, 0x00000007c0000000)
  eden space 65536K, 81% used [0x000000076b100000,0x000000076e4ec7e8,0x000000076f100000)
  from space 10752K, 0% used [0x000000076fb80000,0x000000076fb80000,0x0000000770600000)
  to   space 10752K, 0% used [0x000000076f100000,0x000000076f100000,0x000000076fb80000)
 ParOldGen       total 175104K, used 0K [0x00000006c1200000, 0x00000006cbd00000, 0x000000076b100000)
  object space 175104K, 0% used [0x00000006c1200000,0x00000006c1200000,0x00000006cbd00000)
 Metaspace       used 18848K, capacity 19600K, committed 19840K, reserved 1067008K
  class space    used 2668K, capacity 2853K, committed 2944K, reserved 1048576K
Event: 12.435 GC heap after
Heap after GC invocations=1 (full 0):
 PSYoungGen      total 76288K, used 7293K [0x000000076b100000, 0x0000000770600000, 0x00000007c0000000)
  eden space 65536K, 0% used [0x000000076b100000,0x000000076b100000,0x000000076f100000)
  from space 10752K, 67% used [0x000000076f100000,0x000000076f81f570,0x000000076fb80000)
  to   space 10752K, 0% used [0x000000076fb80000,0x000000076fb80000,0x0000000770600000)
 ParOldGen       total 175104K, used 88K [0x00000006c1200000, 0x00000006cbd00000, 0x000000076b100000)
  object space 175104K, 0% used [0x00000006c1200000,0x00000006c1216010,0x00000006cbd00000)
 Metaspace       used 18848K, capacity 19600K, committed 19840K, reserved 1067008K
  class space    used 2668K, capacity 2853K, committed 2944K, reserved 1048576K
}
Event: 12.435 GC heap before
{Heap before GC invocations=2 (full 1):
 PSYoungGen      total 76288K, used 7293K [0x000000076b100000, 0x0000000770600000, 0x00000007c0000000)
  eden space 65536K, 0% used [0x000000076b100000,0x000000076b100000,0x000000076f100000)
  from space 10752K, 67% used [0x000000076f100000,0x000000076f81f570,0x000000076fb80000)
  to   space 10752K, 0% used [0x000000076fb80000,0x000000076fb80000,0x0000000770600000)
 ParOldGen       total 175104K, used 88K [0x00000006c1200000, 0x00000006cbd00000, 0x000000076b100000)
  object space 175104K, 0% used [0x00000006c1200000,0x00000006c1216010,0x00000006cbd00000)
 Metaspace       used 18848K, capacity 19600K, committed 19840K, reserved 1067008K
  class space    used 2668K, capacity 2853K, committed 2944K, reserved 1048576K
Event: 12.461 GC heap after
Heap after GC invocations=2 (full 1):
 PSYoungGen      total 76288K, used 0K [0x000000076b100000, 0x0000000770600000, 0x00000007c0000000)
  eden space 65536K, 0% used [0x000000076b100000,0x000000076b100000,0x000000076f100000)
  from space 10752K, 0% used [0x000000076f100000,0x000000076f100000,0x000000076fb80000)
  to   space 10752K, 0% used [0x000000076fb80000,0x000000076fb80000,0x0000000770600000)
 ParOldGen       total 175104K, used 7210K [0x00000006c1200000, 0x00000006cbd00000, 0x000000076b100000)
  object space 175104K, 4% used [0x00000006c1200000,0x00000006c190abd0,0x00000006cbd00000)
 Metaspace       used 18848K, capacity 19600K, committed 19840K, reserved 1067008K
  class space    used 2668K, capacity 2853K, committed 2944K, reserved 1048576K
}

