# JRE version: Java(TM) SE Runtime Environment (8.0_51-b16) (build 1.8.0_51-b16)
# Java VM: Java HotSpot(TM) 64-Bit Server VM (25.51-b03 mixed mode windows-amd64 compressed oops)
Heap:
 PSYoungGen      total 93184K, used 5641K [0x000000076b100000, 0x0000000772980000, 0x00000007c0000000)
  eden space 64000K, 8% used [0x000000076b100000,0x000000076b6826f0,0x000000076ef80000)
  from space 29184K, 0% used [0x0000000770d00000,0x0000000770d00000,0x0000000772980000)
  to   space 29696K, 0% used [0x000000076ef80000,0x000000076ef80000,0x0000000770c80000)
 ParOldGen       total 74240K, used 51099K [0x00000006c1200000, 0x00000006c5a80000, 0x000000076b100000)
  object space 74240K, 68% used [0x00000006c1200000,0x00000006c43e6fc8,0x00000006c5a80000)
 Metaspace       used 24963K, capacity 25856K, committed 26112K, reserved 1071104K
  class space    used 3351K, capacity 3527K, committed 3584K, reserved 1048576K
GC Heap History (10 events):
Event: 23.623 GC heap before
{Heap before GC invocations=4 (full 1):
 PSYoungGen      total 76288K, used 76281K [0x000000076b100000, 0x0000000770600000, 0x00000007c0000000)
  eden space 65536K, 100% used [0x000000076b100000,0x000000076f100000,0x000000076f100000)
  from space 10752K, 99% used [0x000000076fb80000,0x00000007705fe668,0x0000000770600000)
  to   space 10752K, 0% used [0x000000076f100000,0x000000076f100000,0x000000076fb80000)
 ParOldGen       total 74240K, used 9886K [0x00000006c1200000, 0x00000006c5a80000, 0x000000076b100000)
  object space 74240K, 13% used [0x00000006c1200000,0x00000006c1ba78e0,0x00000006c5a80000)
 Metaspace       used 24284K, capacity 25046K, committed 25344K, reserved 1071104K
  class space    used 3315K, capacity 3480K, committed 3584K, reserved 1048576K
Event: 23.638 GC heap after
Heap after GC invocations=4 (full 1):
 PSYoungGen      total 76288K, used 10735K [0x000000076b100000, 0x0000000770600000, 0x00000007c0000000)
  eden space 65536K, 0% used [0x000000076b100000,0x000000076b100000,0x000000076f100000)
  from space 10752K, 99% used [0x000000076f100000,0x000000076fb7bf48,0x000000076fb80000)
  to   space 10752K, 0% used [0x000000076fb80000,0x000000076fb80000,0x0000000770600000)
 ParOldGen       total 74240K, used 22269K [0x00000006c1200000, 0x00000006c5a80000, 0x000000076b100000)
  object space 74240K, 29% used [0x00000006c1200000,0x00000006c27bf448,0x00000006c5a80000)
 Metaspace       used 24284K, capacity 25046K, committed 25344K, reserved 1071104K
  class space    used 3315K, capacity 3480K, committed 3584K, reserved 1048576K
}
Event: 26.180 GC heap before
{Heap before GC invocations=5 (full 1):
 PSYoungGen      total 76288K, used 76271K [0x000000076b100000, 0x0000000770600000, 0x00000007c0000000)
  eden space 65536K, 100% used [0x000000076b100000,0x000000076f100000,0x000000076f100000)
  from space 10752K, 99% used [0x000000076f100000,0x000000076fb7bf48,0x000000076fb80000)
  to   space 10752K, 0% used [0x000000076fb80000,0x000000076fb80000,0x0000000770600000)
 ParOldGen       total 74240K, used 22269K [0x00000006c1200000, 0x00000006c5a80000, 0x000000076b100000)
  object space 74240K, 29% used [0x00000006c1200000,0x00000006c27bf448,0x00000006c5a80000)
 Metaspace       used 24399K, capacity 25174K, committed 25600K, reserved 1071104K
  class space    used 3315K, capacity 3480K, committed 3584K, reserved 1048576K
Event: 26.190 GC heap after
Heap after GC invocations=5 (full 1):
 PSYoungGen      total 76288K, used 10731K [0x000000076b100000, 0x0000000770600000, 0x00000007c0000000)
  eden space 65536K, 0% used [0x000000076b100000,0x000000076b100000,0x000000076f100000)
  from space 10752K, 99% used [0x000000076fb80000,0x00000007705fafc0,0x0000000770600000)
  to   space 10752K, 0% used [0x000000076f100000,0x000000076f100000,0x000000076fb80000)
 ParOldGen       total 74240K, used 34902K [0x00000006c1200000, 0x00000006c5a80000, 0x000000076b100000)
  object space 74240K, 47% used [0x00000006c1200000,0x00000006c3415a00,0x00000006c5a80000)
 Metaspace       used 24399K, capacity 25174K, committed 25600K, reserved 1071104K
  class space    used 3315K, capacity 3480K, committed 3584K, reserved 1048576K
}
Event: 159.845 GC heap before
{Heap before GC invocations=6 (full 1):
 PSYoungGen      total 76288K, used 76267K [0x000000076b100000, 0x0000000770600000, 0x00000007c0000000)
  eden space 65536K, 100% used [0x000000076b100000,0x000000076f100000,0x000000076f100000)
  from space 10752K, 99% used [0x000000076fb80000,0x00000007705fafc0,0x0000000770600000)
  to   space 10752K, 0% used [0x000000076f100000,0x000000076f100000,0x000000076fb80000)
 ParOldGen       total 74240K, used 34902K [0x00000006c1200000, 0x00000006c5a80000, 0x000000076b100000)
  object space 74240K, 47% used [0x00000006c1200000,0x00000006c3415a00,0x00000006c5a80000)
 Metaspace       used 24560K, capacity 25366K, committed 25600K, reserved 1071104K
  class space    used 3315K, capacity 3480K, committed 3584K, reserved 1048576K
Event: 159.865 GC heap after
Heap after GC invocations=6 (full 1):
 PSYoungGen      total 74752K, used 10732K [0x000000076b100000, 0x0000000772a80000, 0x00000007c0000000)
  eden space 64000K, 0% used [0x000000076b100000,0x000000076b100000,0x000000076ef80000)
  from space 10752K, 99% used [0x000000076f100000,0x000000076fb7b1e8,0x000000076fb80000)
  to   space 30208K, 0% used [0x0000000770d00000,0x0000000770d00000,0x0000000772a80000)
 ParOldGen       total 74240K, used 47016K [0x00000006c1200000, 0x00000006c5a80000, 0x000000076b100000)
  object space 74240K, 63% used [0x00000006c1200000,0x00000006c3fea2d8,0x00000006c5a80000)
 Metaspace       used 24560K, capacity 25366K, committed 25600K, reserved 1071104K
  class space    used 3315K, capacity 3480K, committed 3584K, reserved 1048576K
}
Event: 560.349 GC heap before
{Heap before GC invocations=7 (full 1):
 PSYoungGen      total 74752K, used 16916K [0x000000076b100000, 0x0000000772a80000, 0x00000007c0000000)
  eden space 64000K, 9% used [0x000000076b100000,0x000000076b70a0f0,0x000000076ef80000)
  from space 10752K, 99% used [0x000000076f100000,0x000000076fb7b1e8,0x000000076fb80000)
  to   space 30208K, 0% used [0x0000000770d00000,0x0000000770d00000,0x0000000772a80000)
 ParOldGen       total 74240K, used 47016K [0x00000006c1200000, 0x00000006c5a80000, 0x000000076b100000)
  object space 74240K, 63% used [0x00000006c1200000,0x00000006c3fea2d8,0x00000006c5a80000)
 Metaspace       used 24896K, capacity 25768K, committed 26112K, reserved 1071104K
  class space    used 3346K, capacity 3521K, committed 3584K, reserved 1048576K
Event: 560.363 GC heap after
Heap after GC invocations=7 (full 1):
 PSYoungGen      total 93184K, used 12012K [0x000000076b100000, 0x0000000772980000, 0x00000007c0000000)
  eden space 64000K, 0% used [0x000000076b100000,0x000000076b100000,0x000000076ef80000)
  from space 29184K, 41% used [0x0000000770d00000,0x00000007718bb0a8,0x0000000772980000)
  to   space 29696K, 0% used [0x000000076ef80000,0x000000076ef80000,0x0000000770c80000)
 ParOldGen       total 74240K, used 47024K [0x00000006c1200000, 0x00000006c5a80000, 0x000000076b100000)
  object space 74240K, 63% used [0x00000006c1200000,0x00000006c3fec2d8,0x00000006c5a80000)
 Metaspace       used 24896K, capacity 25768K, committed 26112K, reserved 1071104K
  class space    used 3346K, capacity 3521K, committed 3584K, reserved 1048576K
}
Event: 560.363 GC heap before
{Heap before GC invocations=8 (full 2):
 PSYoungGen      total 93184K, used 12012K [0x000000076b100000, 0x0000000772980000, 0x00000007c0000000)
  eden space 64000K, 0% used [0x000000076b100000,0x000000076b100000,0x000000076ef80000)
  from space 29184K, 41% used [0x0000000770d00000,0x00000007718bb0a8,0x0000000772980000)
  to   space 29696K, 0% used [0x000000076ef80000,0x000000076ef80000,0x0000000770c80000)
 ParOldGen       total 74240K, used 47024K [0x00000006c1200000, 0x00000006c5a80000, 0x000000076b100000)
  object space 74240K, 63% used [0x00000006c1200000,0x00000006c3fec2d8,0x00000006c5a80000)
 Metaspace       used 24896K, capacity 25768K, committed 26112K, reserved 1071104K
  class space    used 3346K, capacity 3521K, committed 3584K, reserved 1048576K
Event: 560.625 GC heap after
Heap after GC invocations=8 (full 2):
 PSYoungGen      total 93184K, used 0K [0x000000076b100000, 0x0000000772980000, 0x00000007c0000000)
  eden space 64000K, 0% used [0x000000076b100000,0x000000076b100000,0x000000076ef80000)
  from space 29184K, 0% used [0x0000000770d00000,0x0000000770d00000,0x0000000772980000)
  to   space 29696K, 0% used [0x000000076ef80000,0x000000076ef80000,0x0000000770c80000)
 ParOldGen       total 74240K, used 51099K [0x00000006c1200000, 0x00000006c5a80000, 0x000000076b100000)
  object space 74240K, 68% used [0x00000006c1200000,0x00000006c43e6fc8,0x00000006c5a80000)
 Metaspace       used 24896K, capacity 25768K, committed 26112K, reserved 1071104K
  class space    used 3346K, capacity 3521K, committed 3584K, reserved 1048576K
}

