# JRE version: Java(TM) SE Runtime Environment (8.0_51-b16) (build 1.8.0_51-b16)
# Java VM: Java HotSpot(TM) 64-Bit Server VM (25.51-b03 mixed mode windows-amd64 compressed oops)
Heap:
 PSYoungGen      total 55296K, used 1382K [0x000000076b100000, 0x0000000773680000, 0x00000007c0000000)
  eden space 47616K, 2% used [0x000000076b100000,0x000000076b259b18,0x000000076df80000)
  from space 7680K, 0% used [0x000000076df80000,0x000000076df80000,0x000000076e700000)
  to   space 44544K, 0% used [0x0000000770b00000,0x0000000770b00000,0x0000000773680000)
 ParOldGen       total 197120K, used 67012K [0x00000006c1200000, 0x00000006cd280000, 0x000000076b100000)
  object space 197120K, 33% used [0x00000006c1200000,0x00000006c53710a0,0x00000006cd280000)
 Metaspace       used 25136K, capacity 26032K, committed 26368K, reserved 1073152K
  class space    used 3345K, capacity 3529K, committed 3584K, reserved 1048576K
GC Heap History (10 events):
Event: 89.736 GC heap before
{Heap before GC invocations=15 (full 1):
 PSYoungGen      total 61440K, used 61118K [0x000000076b100000, 0x0000000773f80000, 0x00000007c0000000)
  eden space 50688K, 100% used [0x000000076b100000,0x000000076e280000,0x000000076e280000)
  from space 10752K, 97% used [0x000000076e380000,0x000000076edafb50,0x000000076ee00000)
  to   space 47616K, 0% used [0x0000000771100000,0x0000000771100000,0x0000000773f80000)
 ParOldGen       total 197120K, used 113991K [0x00000006c1200000, 0x00000006cd280000, 0x000000076b100000)
  object space 197120K, 57% used [0x00000006c1200000,0x00000006c8151ef0,0x00000006cd280000)
 Metaspace       used 24850K, capacity 25718K, committed 25856K, reserved 1071104K
  class space    used 3324K, capacity 3490K, committed 3584K, reserved 1048576K
Event: 89.743 GC heap after
Heap after GC invocations=15 (full 1):
 PSYoungGen      total 95232K, used 9774K [0x000000076b100000, 0x0000000773d80000, 0x00000007c0000000)
  eden space 49664K, 0% used [0x000000076b100000,0x000000076b100000,0x000000076e180000)
  from space 45568K, 21% used [0x0000000771100000,0x0000000771a8b990,0x0000000773d80000)
  to   space 47104K, 0% used [0x000000076e180000,0x000000076e180000,0x0000000770f80000)
 ParOldGen       total 197120K, used 123510K [0x00000006c1200000, 0x00000006cd280000, 0x000000076b100000)
  object space 197120K, 62% used [0x00000006c1200000,0x00000006c8a9d860,0x00000006cd280000)
 Metaspace       used 24850K, capacity 25718K, committed 25856K, reserved 1071104K
  class space    used 3324K, capacity 3490K, committed 3584K, reserved 1048576K
}
Event: 91.788 GC heap before
{Heap before GC invocations=16 (full 1):
 PSYoungGen      total 95232K, used 59438K [0x000000076b100000, 0x0000000773d80000, 0x00000007c0000000)
  eden space 49664K, 100% used [0x000000076b100000,0x000000076e180000,0x000000076e180000)
  from space 45568K, 21% used [0x0000000771100000,0x0000000771a8b990,0x0000000773d80000)
  to   space 47104K, 0% used [0x000000076e180000,0x000000076e180000,0x0000000770f80000)
 ParOldGen       total 197120K, used 123510K [0x00000006c1200000, 0x00000006cd280000, 0x000000076b100000)
  object space 197120K, 62% used [0x00000006c1200000,0x00000006c8a9d860,0x00000006cd280000)
 Metaspace       used 24918K, capacity 25782K, committed 26112K, reserved 1071104K
  class space    used 3324K, capacity 3490K, committed 3584K, reserved 1048576K
Event: 91.796 GC heap after
Heap after GC invocations=16 (full 1):
 PSYoungGen      total 57856K, used 9159K [0x000000076b100000, 0x0000000773b80000, 0x00000007c0000000)
  eden space 48640K, 0% used [0x000000076b100000,0x000000076b100000,0x000000076e080000)
  from space 9216K, 99% used [0x000000076e180000,0x000000076ea71d08,0x000000076ea80000)
  to   space 46592K, 0% used [0x0000000770e00000,0x0000000770e00000,0x0000000773b80000)
 ParOldGen       total 197120K, used 132520K [0x00000006c1200000, 0x00000006cd280000, 0x000000076b100000)
  object space 197120K, 67% used [0x00000006c1200000,0x00000006c936a2d8,0x00000006cd280000)
 Metaspace       used 24918K, capacity 25782K, committed 26112K, reserved 1071104K
  class space    used 3324K, capacity 3490K, committed 3584K, reserved 1048576K
}
Event: 93.904 GC heap before
{Heap before GC invocations=17 (full 1):
 PSYoungGen      total 57856K, used 57799K [0x000000076b100000, 0x0000000773b80000, 0x00000007c0000000)
  eden space 48640K, 100% used [0x000000076b100000,0x000000076e080000,0x000000076e080000)
  from space 9216K, 99% used [0x000000076e180000,0x000000076ea71d08,0x000000076ea80000)
  to   space 46592K, 0% used [0x0000000770e00000,0x0000000770e00000,0x0000000773b80000)
 ParOldGen       total 197120K, used 132520K [0x00000006c1200000, 0x00000006cd280000, 0x000000076b100000)
  object space 197120K, 67% used [0x00000006c1200000,0x00000006c936a2d8,0x00000006cd280000)
 Metaspace       used 24931K, capacity 25782K, committed 26112K, reserved 1071104K
  class space    used 3324K, capacity 3490K, committed 3584K, reserved 1048576K
Event: 93.913 GC heap after
Heap after GC invocations=17 (full 1):
 PSYoungGen      total 91136K, used 9797K [0x000000076b100000, 0x0000000773880000, 0x00000007c0000000)
  eden space 47616K, 0% used [0x000000076b100000,0x000000076b100000,0x000000076df80000)
  from space 43520K, 22% used [0x0000000770e00000,0x0000000771791458,0x0000000773880000)
  to   space 45568K, 0% used [0x000000076df80000,0x000000076df80000,0x0000000770c00000)
 ParOldGen       total 197120K, used 141525K [0x00000006c1200000, 0x00000006cd280000, 0x000000076b100000)
  object space 197120K, 71% used [0x00000006c1200000,0x00000006c9c355b0,0x00000006cd280000)
 Metaspace       used 24931K, capacity 25782K, committed 26112K, reserved 1071104K
  class space    used 3324K, capacity 3490K, committed 3584K, reserved 1048576K
}
Event: 151.778 GC heap before
{Heap before GC invocations=18 (full 1):
 PSYoungGen      total 91136K, used 50305K [0x000000076b100000, 0x0000000773880000, 0x00000007c0000000)
  eden space 47616K, 85% used [0x000000076b100000,0x000000076d88f1a0,0x000000076df80000)
  from space 43520K, 22% used [0x0000000770e00000,0x0000000771791458,0x0000000773880000)
  to   space 45568K, 0% used [0x000000076df80000,0x000000076df80000,0x0000000770c00000)
 ParOldGen       total 197120K, used 141525K [0x00000006c1200000, 0x00000006cd280000, 0x000000076b100000)
  object space 197120K, 71% used [0x00000006c1200000,0x00000006c9c355b0,0x00000006cd280000)
 Metaspace       used 25086K, capacity 25944K, committed 26112K, reserved 1071104K
  class space    used 3340K, capacity 3523K, committed 3584K, reserved 1048576K
Event: 151.791 GC heap after
Heap after GC invocations=18 (full 1):
 PSYoungGen      total 55296K, used 7594K [0x000000076b100000, 0x0000000773680000, 0x00000007c0000000)
  eden space 47616K, 0% used [0x000000076b100000,0x000000076b100000,0x000000076df80000)
  from space 7680K, 98% used [0x000000076df80000,0x000000076e6ea9e0,0x000000076e700000)
  to   space 44544K, 0% used [0x0000000770b00000,0x0000000770b00000,0x0000000773680000)
 ParOldGen       total 197120K, used 150317K [0x00000006c1200000, 0x00000006cd280000, 0x000000076b100000)
  object space 197120K, 76% used [0x00000006c1200000,0x00000006ca4cb7f0,0x00000006cd280000)
 Metaspace       used 25086K, capacity 25944K, committed 26112K, reserved 1071104K
  class space    used 3340K, capacity 3523K, committed 3584K, reserved 1048576K
}
Event: 151.791 GC heap before
{Heap before GC invocations=19 (full 2):
 PSYoungGen      total 55296K, used 7594K [0x000000076b100000, 0x0000000773680000, 0x00000007c0000000)
  eden space 47616K, 0% used [0x000000076b100000,0x000000076b100000,0x000000076df80000)
  from space 7680K, 98% used [0x000000076df80000,0x000000076e6ea9e0,0x000000076e700000)
  to   space 44544K, 0% used [0x0000000770b00000,0x0000000770b00000,0x0000000773680000)
 ParOldGen       total 197120K, used 150317K [0x00000006c1200000, 0x00000006cd280000, 0x000000076b100000)
  object space 197120K, 76% used [0x00000006c1200000,0x00000006ca4cb7f0,0x00000006cd280000)
 Metaspace       used 25086K, capacity 25944K, committed 26112K, reserved 1071104K
  class space    used 3340K, capacity 3523K, committed 3584K, reserved 1048576K
Event: 151.936 GC heap after
Heap after GC invocations=19 (full 2):
 PSYoungGen      total 55296K, used 0K [0x000000076b100000, 0x0000000773680000, 0x00000007c0000000)
  eden space 47616K, 0% used [0x000000076b100000,0x000000076b100000,0x000000076df80000)
  from space 7680K, 0% used [0x000000076df80000,0x000000076df80000,0x000000076e700000)
  to   space 44544K, 0% used [0x0000000770b00000,0x0000000770b00000,0x0000000773680000)
 ParOldGen       total 197120K, used 67012K [0x00000006c1200000, 0x00000006cd280000, 0x000000076b100000)
  object space 197120K, 33% used [0x00000006c1200000,0x00000006c53710a0,0x00000006cd280000)
 Metaspace       used 25086K, capacity 25944K, committed 26112K, reserved 1071104K
  class space    used 3340K, capacity 3523K, committed 3584K, reserved 1048576K
}

