# JRE version: Java(TM) SE Runtime Environment (8.0_51-b16) (build 1.8.0_51-b16)
# Java VM: Java HotSpot(TM) 64-Bit Server VM (25.51-b03 mixed mode windows-amd64 compressed oops)
Heap:
 PSYoungGen      total 91136K, used 3830K [0x000000076b100000, 0x0000000772800000, 0x00000007c0000000)
  eden space 62464K, 6% used [0x000000076b100000,0x000000076b4bdb28,0x000000076ee00000)
  from space 28672K, 0% used [0x000000076ee00000,0x000000076ee00000,0x0000000770a00000)
  to   space 29696K, 0% used [0x0000000770b00000,0x0000000770b00000,0x0000000772800000)
 ParOldGen       total 175104K, used 67317K [0x00000006c1200000, 0x00000006cbd00000, 0x000000076b100000)
  object space 175104K, 38% used [0x00000006c1200000,0x00000006c53bd720,0x00000006cbd00000)
 Metaspace       used 19893K, capacity 20746K, committed 20992K, reserved 1067008K
  class space    used 2757K, capacity 2956K, committed 3072K, reserved 1048576K
GC Heap History (10 events):
Event: 19.407 GC heap before
{Heap before GC invocations=4 (full 0):
 PSYoungGen      total 76288K, used 76270K [0x000000076b100000, 0x0000000770600000, 0x00000007c0000000)
  eden space 65536K, 100% used [0x000000076b100000,0x000000076f100000,0x000000076f100000)
  from space 10752K, 99% used [0x000000076f100000,0x000000076fb7b9c0,0x000000076fb80000)
  to   space 10752K, 0% used [0x000000076fb80000,0x000000076fb80000,0x0000000770600000)
 ParOldGen       total 175104K, used 27389K [0x00000006c1200000, 0x00000006cbd00000, 0x000000076b100000)
  object space 175104K, 15% used [0x00000006c1200000,0x00000006c2cbf668,0x00000006cbd00000)
 Metaspace       used 19612K, capacity 20392K, committed 20736K, reserved 1067008K
  class space    used 2747K, capacity 2949K, committed 3072K, reserved 1048576K
Event: 19.426 GC heap after
Heap after GC invocations=4 (full 0):
 PSYoungGen      total 76288K, used 10750K [0x000000076b100000, 0x0000000770600000, 0x00000007c0000000)
  eden space 65536K, 0% used [0x000000076b100000,0x000000076b100000,0x000000076f100000)
  from space 10752K, 99% used [0x000000076fb80000,0x00000007705ff9b0,0x0000000770600000)
  to   space 10752K, 0% used [0x000000076f100000,0x000000076f100000,0x000000076fb80000)
 ParOldGen       total 175104K, used 38189K [0x00000006c1200000, 0x00000006cbd00000, 0x000000076b100000)
  object space 175104K, 21% used [0x00000006c1200000,0x00000006c374b708,0x00000006cbd00000)
 Metaspace       used 19612K, capacity 20392K, committed 20736K, reserved 1067008K
  class space    used 2747K, capacity 2949K, committed 3072K, reserved 1048576K
}
Event: 24.430 GC heap before
{Heap before GC invocations=5 (full 0):
 PSYoungGen      total 76288K, used 76286K [0x000000076b100000, 0x0000000770600000, 0x00000007c0000000)
  eden space 65536K, 100% used [0x000000076b100000,0x000000076f100000,0x000000076f100000)
  from space 10752K, 99% used [0x000000076fb80000,0x00000007705ff9b0,0x0000000770600000)
  to   space 10752K, 0% used [0x000000076f100000,0x000000076f100000,0x000000076fb80000)
 ParOldGen       total 175104K, used 38189K [0x00000006c1200000, 0x00000006cbd00000, 0x000000076b100000)
  object space 175104K, 21% used [0x00000006c1200000,0x00000006c374b708,0x00000006cbd00000)
 Metaspace       used 19722K, capacity 20456K, committed 20736K, reserved 1067008K
  class space    used 2747K, capacity 2949K, committed 3072K, reserved 1048576K
Event: 24.450 GC heap after
Heap after GC invocations=5 (full 0):
 PSYoungGen      total 74752K, used 10574K [0x000000076b100000, 0x0000000772780000, 0x00000007c0000000)
  eden space 64000K, 0% used [0x000000076b100000,0x000000076b100000,0x000000076ef80000)
  from space 10752K, 98% used [0x000000076f100000,0x000000076fb539c0,0x000000076fb80000)
  to   space 28672K, 0% used [0x0000000770b80000,0x0000000770b80000,0x0000000772780000)
 ParOldGen       total 175104K, used 48698K [0x00000006c1200000, 0x00000006cbd00000, 0x000000076b100000)
  object space 175104K, 27% used [0x00000006c1200000,0x00000006c418e938,0x00000006cbd00000)
 Metaspace       used 19722K, capacity 20456K, committed 20736K, reserved 1067008K
  class space    used 2747K, capacity 2949K, committed 3072K, reserved 1048576K
}
Event: 29.320 GC heap before
{Heap before GC invocations=6 (full 0):
 PSYoungGen      total 74752K, used 74574K [0x000000076b100000, 0x0000000772780000, 0x00000007c0000000)
  eden space 64000K, 100% used [0x000000076b100000,0x000000076ef80000,0x000000076ef80000)
  from space 10752K, 98% used [0x000000076f100000,0x000000076fb539c0,0x000000076fb80000)
  to   space 28672K, 0% used [0x0000000770b80000,0x0000000770b80000,0x0000000772780000)
 ParOldGen       total 175104K, used 48698K [0x00000006c1200000, 0x00000006cbd00000, 0x000000076b100000)
  object space 175104K, 27% used [0x00000006c1200000,0x00000006c418e938,0x00000006cbd00000)
 Metaspace       used 19779K, capacity 20588K, committed 20736K, reserved 1067008K
  class space    used 2747K, capacity 2949K, committed 3072K, reserved 1048576K
Event: 29.336 GC heap after
Heap after GC invocations=6 (full 0):
 PSYoungGen      total 89600K, used 21320K [0x000000076b100000, 0x0000000772600000, 0x00000007c0000000)
  eden space 62464K, 0% used [0x000000076b100000,0x000000076b100000,0x000000076ee00000)
  from space 27136K, 78% used [0x0000000770b80000,0x0000000772052200,0x0000000772600000)
  to   space 28672K, 0% used [0x000000076ee00000,0x000000076ee00000,0x0000000770a00000)
 ParOldGen       total 175104K, used 48706K [0x00000006c1200000, 0x00000006cbd00000, 0x000000076b100000)
  object space 175104K, 27% used [0x00000006c1200000,0x00000006c4190938,0x00000006cbd00000)
 Metaspace       used 19779K, capacity 20588K, committed 20736K, reserved 1067008K
  class space    used 2747K, capacity 2949K, committed 3072K, reserved 1048576K
}
Event: 32.565 GC heap before
{Heap before GC invocations=7 (full 0):
 PSYoungGen      total 89600K, used 63718K [0x000000076b100000, 0x0000000772600000, 0x00000007c0000000)
  eden space 62464K, 67% used [0x000000076b100000,0x000000076da677c0,0x000000076ee00000)
  from space 27136K, 78% used [0x0000000770b80000,0x0000000772052200,0x0000000772600000)
  to   space 28672K, 0% used [0x000000076ee00000,0x000000076ee00000,0x0000000770a00000)
 ParOldGen       total 175104K, used 48706K [0x00000006c1200000, 0x00000006cbd00000, 0x000000076b100000)
  object space 175104K, 27% used [0x00000006c1200000,0x00000006c4190938,0x00000006cbd00000)
 Metaspace       used 19878K, capacity 20720K, committed 20992K, reserved 1067008K
  class space    used 2752K, capacity 2949K, committed 3072K, reserved 1048576K
Event: 32.570 GC heap after
Heap after GC invocations=7 (full 0):
 PSYoungGen      total 91136K, used 23614K [0x000000076b100000, 0x0000000772800000, 0x00000007c0000000)
  eden space 62464K, 0% used [0x000000076b100000,0x000000076b100000,0x000000076ee00000)
  from space 28672K, 82% used [0x000000076ee00000,0x000000077050f8e0,0x0000000770a00000)
  to   space 29696K, 0% used [0x0000000770b00000,0x0000000770b00000,0x0000000772800000)
 ParOldGen       total 175104K, used 52158K [0x00000006c1200000, 0x00000006cbd00000, 0x000000076b100000)
  object space 175104K, 29% used [0x00000006c1200000,0x00000006c44ef958,0x00000006cbd00000)
 Metaspace       used 19878K, capacity 20720K, committed 20992K, reserved 1067008K
  class space    used 2752K, capacity 2949K, committed 3072K, reserved 1048576K
}
Event: 32.570 GC heap before
{Heap before GC invocations=8 (full 1):
 PSYoungGen      total 91136K, used 23614K [0x000000076b100000, 0x0000000772800000, 0x00000007c0000000)
  eden space 62464K, 0% used [0x000000076b100000,0x000000076b100000,0x000000076ee00000)
  from space 28672K, 82% used [0x000000076ee00000,0x000000077050f8e0,0x0000000770a00000)
  to   space 29696K, 0% used [0x0000000770b00000,0x0000000770b00000,0x0000000772800000)
 ParOldGen       total 175104K, used 52158K [0x00000006c1200000, 0x00000006cbd00000, 0x000000076b100000)
  object space 175104K, 29% used [0x00000006c1200000,0x00000006c44ef958,0x00000006cbd00000)
 Metaspace       used 19878K, capacity 20720K, committed 20992K, reserved 1067008K
  class space    used 2752K, capacity 2949K, committed 3072K, reserved 1048576K
Event: 32.606 GC heap after
Heap after GC invocations=8 (full 1):
 PSYoungGen      total 91136K, used 0K [0x000000076b100000, 0x0000000772800000, 0x00000007c0000000)
  eden space 62464K, 0% used [0x000000076b100000,0x000000076b100000,0x000000076ee00000)
  from space 28672K, 0% used [0x000000076ee00000,0x000000076ee00000,0x0000000770a00000)
  to   space 29696K, 0% used [0x0000000770b00000,0x0000000770b00000,0x0000000772800000)
 ParOldGen       total 175104K, used 67317K [0x00000006c1200000, 0x00000006cbd00000, 0x000000076b100000)
  object space 175104K, 38% used [0x00000006c1200000,0x00000006c53bd720,0x00000006cbd00000)
 Metaspace       used 19878K, capacity 20720K, committed 20992K, reserved 1067008K
  class space    used 2752K, capacity 2949K, committed 3072K, reserved 1048576K
}

