# JRE version: Java(TM) SE Runtime Environment (8.0_51-b16) (build 1.8.0_51-b16)
# Java VM: Java HotSpot(TM) 64-Bit Server VM (25.51-b03 mixed mode windows-amd64 compressed oops)
Heap:
 PSYoungGen      total 57856K, used 15855K [0x000000076b100000, 0x000000076fd80000, 0x00000007c0000000)
  eden space 39424K, 19% used [0x000000076b100000,0x000000076b8a3d20,0x000000076d780000)
  from space 18432K, 43% used [0x000000076eb80000,0x000000076f358190,0x000000076fd80000)
  to   space 19456K, 0% used [0x000000076d780000,0x000000076d780000,0x000000076ea80000)
 ParOldGen       total 310272K, used 276675K [0x00000006c1200000, 0x00000006d4100000, 0x000000076b100000)
  object space 310272K, 89% used [0x00000006c1200000,0x00000006d2030dc8,0x00000006d4100000)
 Metaspace       used 20226K, capacity 21064K, committed 21248K, reserved 1067008K
  class space    used 2754K, capacity 2967K, committed 3072K, reserved 1048576K
GC Heap History (10 events):
Event: 121.304 GC heap before
{Heap before GC invocations=32 (full 2):
 PSYoungGen      total 50176K, used 49941K [0x000000076b100000, 0x0000000770800000, 0x00000007c0000000)
  eden space 41984K, 100% used [0x000000076b100000,0x000000076da00000,0x000000076da00000)
  from space 8192K, 97% used [0x000000076da80000,0x000000076e245580,0x000000076e280000)
  to   space 23552K, 0% used [0x000000076f100000,0x000000076f100000,0x0000000770800000)
 ParOldGen       total 310272K, used 241716K [0x00000006c1200000, 0x00000006d4100000, 0x000000076b100000)
  object space 310272K, 77% used [0x00000006c1200000,0x00000006cfe0d278,0x00000006d4100000)
 Metaspace       used 20118K, capacity 20970K, committed 21248K, reserved 1067008K
  class space    used 2748K, capacity 2960K, committed 3072K, reserved 1048576K
Event: 121.313 GC heap after
Heap after GC invocations=32 (full 2):
 PSYoungGen      total 62464K, used 7573K [0x000000076b100000, 0x0000000770580000, 0x00000007c0000000)
  eden space 41472K, 0% used [0x000000076b100000,0x000000076b100000,0x000000076d980000)
  from space 20992K, 36% used [0x000000076f100000,0x000000076f865580,0x0000000770580000)
  to   space 22528K, 0% used [0x000000076d980000,0x000000076d980000,0x000000076ef80000)
 ParOldGen       total 310272K, used 248897K [0x00000006c1200000, 0x00000006d4100000, 0x000000076b100000)
  object space 310272K, 80% used [0x00000006c1200000,0x00000006d05107f8,0x00000006d4100000)
 Metaspace       used 20118K, capacity 20970K, committed 21248K, reserved 1067008K
  class space    used 2748K, capacity 2960K, committed 3072K, reserved 1048576K
}
Event: 124.443 GC heap before
{Heap before GC invocations=33 (full 2):
 PSYoungGen      total 62464K, used 48899K [0x000000076b100000, 0x0000000770580000, 0x00000007c0000000)
  eden space 41472K, 99% used [0x000000076b100000,0x000000076d95b6a0,0x000000076d980000)
  from space 20992K, 36% used [0x000000076f100000,0x000000076f865580,0x0000000770580000)
  to   space 22528K, 0% used [0x000000076d980000,0x000000076d980000,0x000000076ef80000)
 ParOldGen       total 310272K, used 248897K [0x00000006c1200000, 0x00000006d4100000, 0x000000076b100000)
  object space 310272K, 80% used [0x00000006c1200000,0x00000006d05107f8,0x00000006d4100000)
 Metaspace       used 20118K, capacity 20970K, committed 21248K, reserved 1067008K
  class space    used 2748K, capacity 2960K, committed 3072K, reserved 1048576K
Event: 124.453 GC heap after
Heap after GC invocations=33 (full 2):
 PSYoungGen      total 49664K, used 8415K [0x000000076b100000, 0x0000000770300000, 0x00000007c0000000)
  eden space 40960K, 0% used [0x000000076b100000,0x000000076b100000,0x000000076d900000)
  from space 8704K, 96% used [0x000000076d980000,0x000000076e1b7cc0,0x000000076e200000)
  to   space 21504K, 0% used [0x000000076ee00000,0x000000076ee00000,0x0000000770300000)
 ParOldGen       total 310272K, used 256071K [0x00000006c1200000, 0x00000006d4100000, 0x000000076b100000)
  object space 310272K, 82% used [0x00000006c1200000,0x00000006d0c11d78,0x00000006d4100000)
 Metaspace       used 20118K, capacity 20970K, committed 21248K, reserved 1067008K
  class space    used 2748K, capacity 2960K, committed 3072K, reserved 1048576K
}
Event: 127.637 GC heap before
{Heap before GC invocations=34 (full 2):
 PSYoungGen      total 49664K, used 49375K [0x000000076b100000, 0x0000000770300000, 0x00000007c0000000)
  eden space 40960K, 100% used [0x000000076b100000,0x000000076d900000,0x000000076d900000)
  from space 8704K, 96% used [0x000000076d980000,0x000000076e1b7cc0,0x000000076e200000)
  to   space 21504K, 0% used [0x000000076ee00000,0x000000076ee00000,0x0000000770300000)
 ParOldGen       total 310272K, used 256071K [0x00000006c1200000, 0x00000006d4100000, 0x000000076b100000)
  object space 310272K, 82% used [0x00000006c1200000,0x00000006d0c11d78,0x00000006d4100000)
 Metaspace       used 20124K, capacity 20970K, committed 21248K, reserved 1067008K
  class space    used 2748K, capacity 2960K, committed 3072K, reserved 1048576K
Event: 127.648 GC heap after
Heap after GC invocations=34 (full 2):
 PSYoungGen      total 60416K, used 8182K [0x000000076b100000, 0x0000000770180000, 0x00000007c0000000)
  eden space 40448K, 0% used [0x000000076b100000,0x000000076b100000,0x000000076d880000)
  from space 19968K, 40% used [0x000000076ee00000,0x000000076f5fd990,0x0000000770180000)
  to   space 20992K, 0% used [0x000000076d880000,0x000000076d880000,0x000000076ed00000)
 ParOldGen       total 310272K, used 262936K [0x00000006c1200000, 0x00000006d4100000, 0x000000076b100000)
  object space 310272K, 84% used [0x00000006c1200000,0x00000006d12c62e8,0x00000006d4100000)
 Metaspace       used 20124K, capacity 20970K, committed 21248K, reserved 1067008K
  class space    used 2748K, capacity 2960K, committed 3072K, reserved 1048576K
}
Event: 130.754 GC heap before
{Heap before GC invocations=35 (full 2):
 PSYoungGen      total 60416K, used 48523K [0x000000076b100000, 0x0000000770180000, 0x00000007c0000000)
  eden space 40448K, 99% used [0x000000076b100000,0x000000076d865550,0x000000076d880000)
  from space 19968K, 40% used [0x000000076ee00000,0x000000076f5fd990,0x0000000770180000)
  to   space 20992K, 0% used [0x000000076d880000,0x000000076d880000,0x000000076ed00000)
 ParOldGen       total 310272K, used 262936K [0x00000006c1200000, 0x00000006d4100000, 0x000000076b100000)
  object space 310272K, 84% used [0x00000006c1200000,0x00000006d12c62e8,0x00000006d4100000)
 Metaspace       used 20131K, capacity 20970K, committed 21248K, reserved 1067008K
  class space    used 2748K, capacity 2960K, committed 3072K, reserved 1048576K
Event: 130.765 GC heap after
Heap after GC invocations=35 (full 2):
 PSYoungGen      total 48128K, used 8083K [0x000000076b100000, 0x000000076ff00000, 0x00000007c0000000)
  eden space 39936K, 0% used [0x000000076b100000,0x000000076b100000,0x000000076d800000)
  from space 8192K, 98% used [0x000000076d880000,0x000000076e064cb0,0x000000076e080000)
  to   space 19968K, 0% used [0x000000076eb80000,0x000000076eb80000,0x000000076ff00000)
 ParOldGen       total 310272K, used 269810K [0x00000006c1200000, 0x00000006d4100000, 0x000000076b100000)
  object space 310272K, 86% used [0x00000006c1200000,0x00000006d197c858,0x00000006d4100000)
 Metaspace       used 20131K, capacity 20970K, committed 21248K, reserved 1067008K
  class space    used 2748K, capacity 2960K, committed 3072K, reserved 1048576K
}
Event: 133.729 GC heap before
{Heap before GC invocations=36 (full 2):
 PSYoungGen      total 48128K, used 48019K [0x000000076b100000, 0x000000076ff00000, 0x00000007c0000000)
  eden space 39936K, 100% used [0x000000076b100000,0x000000076d800000,0x000000076d800000)
  from space 8192K, 98% used [0x000000076d880000,0x000000076e064cb0,0x000000076e080000)
  to   space 19968K, 0% used [0x000000076eb80000,0x000000076eb80000,0x000000076ff00000)
 ParOldGen       total 310272K, used 269810K [0x00000006c1200000, 0x00000006d4100000, 0x000000076b100000)
  object space 310272K, 86% used [0x00000006c1200000,0x00000006d197c858,0x00000006d4100000)
 Metaspace       used 20162K, capacity 20974K, committed 21248K, reserved 1067008K
  class space    used 2748K, capacity 2960K, committed 3072K, reserved 1048576K
Event: 133.736 GC heap after
Heap after GC invocations=36 (full 2):
 PSYoungGen      total 57856K, used 8032K [0x000000076b100000, 0x000000076fd80000, 0x00000007c0000000)
  eden space 39424K, 0% used [0x000000076b100000,0x000000076b100000,0x000000076d780000)
  from space 18432K, 43% used [0x000000076eb80000,0x000000076f358190,0x000000076fd80000)
  to   space 19456K, 0% used [0x000000076d780000,0x000000076d780000,0x000000076ea80000)
 ParOldGen       total 310272K, used 276675K [0x00000006c1200000, 0x00000006d4100000, 0x000000076b100000)
  object space 310272K, 89% used [0x00000006c1200000,0x00000006d2030dc8,0x00000006d4100000)
 Metaspace       used 20162K, capacity 20974K, committed 21248K, reserved 1067008K
  class space    used 2748K, capacity 2960K, committed 3072K, reserved 1048576K
}

