# JRE version: Java(TM) SE Runtime Environment (8.0_51-b16) (build 1.8.0_51-b16)
# Java VM: Java HotSpot(TM) 64-Bit Server VM (25.51-b03 mixed mode windows-amd64 compressed oops)
Heap:
 PSYoungGen      total 76288K, used 2494K [0x000000076b100000, 0x0000000770600000, 0x00000007c0000000)
  eden space 65536K, 3% used [0x000000076b100000,0x000000076b36f818,0x000000076f100000)
  from space 10752K, 0% used [0x000000076fb80000,0x000000076fb80000,0x0000000770600000)
  to   space 10752K, 0% used [0x000000076f100000,0x000000076f100000,0x000000076fb80000)
 ParOldGen       total 175104K, used 7279K [0x00000006c1200000, 0x00000006cbd00000, 0x000000076b100000)
  object space 175104K, 4% used [0x00000006c1200000,0x00000006c191bdf0,0x00000006cbd00000)
 Metaspace       used 19766K, capacity 20586K, committed 20736K, reserved 1067008K
  class space    used 2756K, capacity 2966K, committed 3072K, reserved 1048576K
GC Heap History (10 events):
Event: 2.747 GC heap before
{Heap before GC invocations=1 (full 0):
 PSYoungGen      total 76288K, used 65536K [0x000000076b100000, 0x0000000770600000, 0x00000007c0000000)
  eden space 65536K, 100% used [0x000000076b100000,0x000000076f100000,0x000000076f100000)
  from space 10752K, 0% used [0x000000076fb80000,0x000000076fb80000,0x0000000770600000)
  to   space 10752K, 0% used [0x000000076f100000,0x000000076f100000,0x000000076fb80000)
 ParOldGen       total 175104K, used 0K [0x00000006c1200000, 0x00000006cbd00000, 0x000000076b100000)
  object space 175104K, 0% used [0x00000006c1200000,0x00000006c1200000,0x00000006cbd00000)
 Metaspace       used 19354K, capacity 20172K, committed 20480K, reserved 1067008K
  class space    used 2749K, capacity 2959K, committed 3072K, reserved 1048576K
Event: 2.767 GC heap after
Heap after GC invocations=1 (full 0):
 PSYoungGen      total 76288K, used 10729K [0x000000076b100000, 0x0000000770600000, 0x00000007c0000000)
  eden space 65536K, 0% used [0x000000076b100000,0x000000076b100000,0x000000076f100000)
  from space 10752K, 99% used [0x000000076f100000,0x000000076fb7a708,0x000000076fb80000)
  to   space 10752K, 0% used [0x000000076fb80000,0x000000076fb80000,0x0000000770600000)
 ParOldGen       total 175104K, used 2475K [0x00000006c1200000, 0x00000006cbd00000, 0x000000076b100000)
  object space 175104K, 1% used [0x00000006c1200000,0x00000006c146af90,0x00000006cbd00000)
 Metaspace       used 19354K, capacity 20172K, committed 20480K, reserved 1067008K
  class space    used 2749K, capacity 2959K, committed 3072K, reserved 1048576K
}
Event: 7.479 GC heap before
{Heap before GC invocations=2 (full 0):
 PSYoungGen      total 76288K, used 76071K [0x000000076b100000, 0x0000000770600000, 0x00000007c0000000)
  eden space 65536K, 99% used [0x000000076b100000,0x000000076f0cf7c0,0x000000076f100000)
  from space 10752K, 99% used [0x000000076f100000,0x000000076fb7a708,0x000000076fb80000)
  to   space 10752K, 0% used [0x000000076fb80000,0x000000076fb80000,0x0000000770600000)
 ParOldGen       total 175104K, used 2475K [0x00000006c1200000, 0x00000006cbd00000, 0x000000076b100000)
  object space 175104K, 1% used [0x00000006c1200000,0x00000006c146af90,0x00000006cbd00000)
 Metaspace       used 19519K, capacity 20304K, committed 20480K, reserved 1067008K
  class space    used 2750K, capacity 2959K, committed 3072K, reserved 1048576K
Event: 7.499 GC heap after
Heap after GC invocations=2 (full 0):
 PSYoungGen      total 76288K, used 10740K [0x000000076b100000, 0x0000000770600000, 0x00000007c0000000)
  eden space 65536K, 0% used [0x000000076b100000,0x000000076b100000,0x000000076f100000)
  from space 10752K, 99% used [0x000000076fb80000,0x00000007705fd000,0x0000000770600000)
  to   space 10752K, 0% used [0x000000076f100000,0x000000076f100000,0x000000076fb80000)
 ParOldGen       total 175104K, used 8965K [0x00000006c1200000, 0x00000006cbd00000, 0x000000076b100000)
  object space 175104K, 5% used [0x00000006c1200000,0x00000006c1ac14e0,0x00000006cbd00000)
 Metaspace       used 19519K, capacity 20304K, committed 20480K, reserved 1067008K
  class space    used 2750K, capacity 2959K, committed 3072K, reserved 1048576K
}
Event: 12.310 GC heap before
{Heap before GC invocations=3 (full 0):
 PSYoungGen      total 76288K, used 76276K [0x000000076b100000, 0x0000000770600000, 0x00000007c0000000)
  eden space 65536K, 100% used [0x000000076b100000,0x000000076f100000,0x000000076f100000)
  from space 10752K, 99% used [0x000000076fb80000,0x00000007705fd000,0x0000000770600000)
  to   space 10752K, 0% used [0x000000076f100000,0x000000076f100000,0x000000076fb80000)
 ParOldGen       total 175104K, used 8965K [0x00000006c1200000, 0x00000006cbd00000, 0x000000076b100000)
  object space 175104K, 5% used [0x00000006c1200000,0x00000006c1ac14e0,0x00000006cbd00000)
 Metaspace       used 19613K, capacity 20368K, committed 20736K, reserved 1067008K
  class space    used 2750K, capacity 2959K, committed 3072K, reserved 1048576K
Event: 12.335 GC heap after
Heap after GC invocations=3 (full 0):
 PSYoungGen      total 76288K, used 10729K [0x000000076b100000, 0x0000000770600000, 0x00000007c0000000)
  eden space 65536K, 0% used [0x000000076b100000,0x000000076b100000,0x000000076f100000)
  from space 10752K, 99% used [0x000000076f100000,0x000000076fb7a5b0,0x000000076fb80000)
  to   space 10752K, 0% used [0x000000076fb80000,0x000000076fb80000,0x0000000770600000)
 ParOldGen       total 175104K, used 23931K [0x00000006c1200000, 0x00000006cbd00000, 0x000000076b100000)
  object space 175104K, 13% used [0x00000006c1200000,0x00000006c295eeb0,0x00000006cbd00000)
 Metaspace       used 19613K, capacity 20368K, committed 20736K, reserved 1067008K
  class space    used 2750K, capacity 2959K, committed 3072K, reserved 1048576K
}
Event: 18.431 GC heap before
{Heap before GC invocations=4 (full 0):
 PSYoungGen      total 76288K, used 45866K [0x000000076b100000, 0x0000000770600000, 0x00000007c0000000)
  eden space 65536K, 53% used [0x000000076b100000,0x000000076d350550,0x000000076f100000)
  from space 10752K, 99% used [0x000000076f100000,0x000000076fb7a5b0,0x000000076fb80000)
  to   space 10752K, 0% used [0x000000076fb80000,0x000000076fb80000,0x0000000770600000)
 ParOldGen       total 175104K, used 23931K [0x00000006c1200000, 0x00000006cbd00000, 0x000000076b100000)
  object space 175104K, 13% used [0x00000006c1200000,0x00000006c295eeb0,0x00000006cbd00000)
 Metaspace       used 19751K, capacity 20560K, committed 20736K, reserved 1067008K
  class space    used 2751K, capacity 2959K, committed 3072K, reserved 1048576K
Event: 18.435 GC heap after
Heap after GC invocations=4 (full 0):
 PSYoungGen      total 76288K, used 4193K [0x000000076b100000, 0x0000000770600000, 0x00000007c0000000)
  eden space 65536K, 0% used [0x000000076b100000,0x000000076b100000,0x000000076f100000)
  from space 10752K, 38% used [0x000000076fb80000,0x000000076ff98450,0x0000000770600000)
  to   space 10752K, 0% used [0x000000076f100000,0x000000076f100000,0x000000076fb80000)
 ParOldGen       total 175104K, used 23939K [0x00000006c1200000, 0x00000006cbd00000, 0x000000076b100000)
  object space 175104K, 13% used [0x00000006c1200000,0x00000006c2960eb0,0x00000006cbd00000)
 Metaspace       used 19751K, capacity 20560K, committed 20736K, reserved 1067008K
  class space    used 2751K, capacity 2959K, committed 3072K, reserved 1048576K
}
Event: 18.435 GC heap before
{Heap before GC invocations=5 (full 1):
 PSYoungGen      total 76288K, used 4193K [0x000000076b100000, 0x0000000770600000, 0x00000007c0000000)
  eden space 65536K, 0% used [0x000000076b100000,0x000000076b100000,0x000000076f100000)
  from space 10752K, 38% used [0x000000076fb80000,0x000000076ff98450,0x0000000770600000)
  to   space 10752K, 0% used [0x000000076f100000,0x000000076f100000,0x000000076fb80000)
 ParOldGen       total 175104K, used 23939K [0x00000006c1200000, 0x00000006cbd00000, 0x000000076b100000)
  object space 175104K, 13% used [0x00000006c1200000,0x00000006c2960eb0,0x00000006cbd00000)
 Metaspace       used 19751K, capacity 20560K, committed 20736K, reserved 1067008K
  class space    used 2751K, capacity 2959K, committed 3072K, reserved 1048576K
Event: 18.463 GC heap after
Heap after GC invocations=5 (full 1):
 PSYoungGen      total 76288K, used 0K [0x000000076b100000, 0x0000000770600000, 0x00000007c0000000)
  eden space 65536K, 0% used [0x000000076b100000,0x000000076b100000,0x000000076f100000)
  from space 10752K, 0% used [0x000000076fb80000,0x000000076fb80000,0x0000000770600000)
  to   space 10752K, 0% used [0x000000076f100000,0x000000076f100000,0x000000076fb80000)
 ParOldGen       total 175104K, used 7279K [0x00000006c1200000, 0x00000006cbd00000, 0x000000076b100000)
  object space 175104K, 4% used [0x00000006c1200000,0x00000006c191bdf0,0x00000006cbd00000)
 Metaspace       used 19751K, capacity 20560K, committed 20736K, reserved 1067008K
  class space    used 2751K, capacity 2959K, committed 3072K, reserved 1048576K
}

