# JRE version: Java(TM) SE Runtime Environment (8.0_92-b14) (build 1.8.0_92-b14)
# Java VM: Java HotSpot(TM) 64-Bit Server VM (25.92-b14 mixed mode windows-amd64 compressed oops)
Heap:
 PSYoungGen      total 220672K, used 70097K [0x00000000d5f80000, 0x00000000f9080000, 0x0000000100000000)
  eden space 220160K, 31% used [0x00000000d5f80000,0x00000000da3ec430,0x00000000e3680000)
  from space 512K, 6% used [0x00000000f9000000,0x00000000f9008000,0x00000000f9080000)
  to   space 512K, 0% used [0x00000000f8f80000,0x00000000f8f80000,0x00000000f9000000)
 ParOldGen       total 87552K, used 19110K [0x0000000081e00000, 0x0000000087380000, 0x00000000d5f80000)
  object space 87552K, 21% used [0x0000000081e00000,0x00000000830a9bd0,0x0000000087380000)
 Metaspace       used 19382K, capacity 20218K, committed 20480K, reserved 1067008K
  class space    used 2554K, capacity 2748K, committed 2816K, reserved 1048576K
GC Heap History (10 events):
Event: 50.910 GC heap before
{Heap before GC invocations=486 (full 1):
 PSYoungGen      total 180224K, used 179744K [0x00000000d5f80000, 0x00000000f9080000, 0x0000000100000000)
  eden space 179712K, 100% used [0x00000000d5f80000,0x00000000e0f00000,0x00000000e0f00000)
  from space 512K, 6% used [0x00000000f9000000,0x00000000f9008000,0x00000000f9080000)
  to   space 512K, 0% used [0x00000000f8f80000,0x00000000f8f80000,0x00000000f9000000)
 ParOldGen       total 87552K, used 19110K [0x0000000081e00000, 0x0000000087380000, 0x00000000d5f80000)
  object space 87552K, 21% used [0x0000000081e00000,0x00000000830a9bd0,0x0000000087380000)
 Metaspace       used 19382K, capacity 20218K, committed 20480K, reserved 1067008K
  class space    used 2554K, capacity 2748K, committed 2816K, reserved 1048576K
Event: 50.910 GC heap after
Heap after GC invocations=486 (full 1):
 PSYoungGen      total 173056K, used 0K [0x00000000d5f80000, 0x00000000f9080000, 0x0000000100000000)
  eden space 172544K, 0% used [0x00000000d5f80000,0x00000000d5f80000,0x00000000e0800000)
  from space 512K, 0% used [0x00000000f8f80000,0x00000000f8f80000,0x00000000f9000000)
  to   space 512K, 0% used [0x00000000f9000000,0x00000000f9000000,0x00000000f9080000)
 ParOldGen       total 87552K, used 19110K [0x0000000081e00000, 0x0000000087380000, 0x00000000d5f80000)
  object space 87552K, 21% used [0x0000000081e00000,0x00000000830a9bd0,0x0000000087380000)
 Metaspace       used 19382K, capacity 20218K, committed 20480K, reserved 1067008K
  class space    used 2554K, capacity 2748K, committed 2816K, reserved 1048576K
}
Event: 50.971 GC heap before
{Heap before GC invocations=487 (full 1):
 PSYoungGen      total 173056K, used 172544K [0x00000000d5f80000, 0x00000000f9080000, 0x0000000100000000)
  eden space 172544K, 100% used [0x00000000d5f80000,0x00000000e0800000,0x00000000e0800000)
  from space 512K, 0% used [0x00000000f8f80000,0x00000000f8f80000,0x00000000f9000000)
  to   space 512K, 0% used [0x00000000f9000000,0x00000000f9000000,0x00000000f9080000)
 ParOldGen       total 87552K, used 19110K [0x0000000081e00000, 0x0000000087380000, 0x00000000d5f80000)
  object space 87552K, 21% used [0x0000000081e00000,0x00000000830a9bd0,0x0000000087380000)
 Metaspace       used 19382K, capacity 20218K, committed 20480K, reserved 1067008K
  class space    used 2554K, capacity 2748K, committed 2816K, reserved 1048576K
Event: 50.972 GC heap after
Heap after GC invocations=487 (full 1):
 PSYoungGen      total 165888K, used 32K [0x00000000d5f80000, 0x00000000f9080000, 0x0000000100000000)
  eden space 165376K, 0% used [0x00000000d5f80000,0x00000000d5f80000,0x00000000e0100000)
  from space 512K, 6% used [0x00000000f9000000,0x00000000f9008000,0x00000000f9080000)
  to   space 512K, 0% used [0x00000000f8f80000,0x00000000f8f80000,0x00000000f9000000)
 ParOldGen       total 87552K, used 19110K [0x0000000081e00000, 0x0000000087380000, 0x00000000d5f80000)
  object space 87552K, 21% used [0x0000000081e00000,0x00000000830a9bd0,0x0000000087380000)
 Metaspace       used 19382K, capacity 20218K, committed 20480K, reserved 1067008K
  class space    used 2554K, capacity 2748K, committed 2816K, reserved 1048576K
}
Event: 51.030 GC heap before
{Heap before GC invocations=488 (full 1):
 PSYoungGen      total 165888K, used 165408K [0x00000000d5f80000, 0x00000000f9080000, 0x0000000100000000)
  eden space 165376K, 100% used [0x00000000d5f80000,0x00000000e0100000,0x00000000e0100000)
  from space 512K, 6% used [0x00000000f9000000,0x00000000f9008000,0x00000000f9080000)
  to   space 512K, 0% used [0x00000000f8f80000,0x00000000f8f80000,0x00000000f9000000)
 ParOldGen       total 87552K, used 19110K [0x0000000081e00000, 0x0000000087380000, 0x00000000d5f80000)
  object space 87552K, 21% used [0x0000000081e00000,0x00000000830a9bd0,0x0000000087380000)
 Metaspace       used 19382K, capacity 20218K, committed 20480K, reserved 1067008K
  class space    used 2554K, capacity 2748K, committed 2816K, reserved 1048576K
Event: 51.030 GC heap after
Heap after GC invocations=488 (full 1):
 PSYoungGen      total 159232K, used 32K [0x00000000d5f80000, 0x00000000f9080000, 0x0000000100000000)
  eden space 158720K, 0% used [0x00000000d5f80000,0x00000000d5f80000,0x00000000dfa80000)
  from space 512K, 6% used [0x00000000f8f80000,0x00000000f8f88000,0x00000000f9000000)
  to   space 512K, 0% used [0x00000000f9000000,0x00000000f9000000,0x00000000f9080000)
 ParOldGen       total 87552K, used 19110K [0x0000000081e00000, 0x0000000087380000, 0x00000000d5f80000)
  object space 87552K, 21% used [0x0000000081e00000,0x00000000830a9bd0,0x0000000087380000)
 Metaspace       used 19382K, capacity 20218K, committed 20480K, reserved 1067008K
  class space    used 2554K, capacity 2748K, committed 2816K, reserved 1048576K
}
Event: 51.086 GC heap before
{Heap before GC invocations=489 (full 1):
 PSYoungGen      total 159232K, used 158752K [0x00000000d5f80000, 0x00000000f9080000, 0x0000000100000000)
  eden space 158720K, 100% used [0x00000000d5f80000,0x00000000dfa80000,0x00000000dfa80000)
  from space 512K, 6% used [0x00000000f8f80000,0x00000000f8f88000,0x00000000f9000000)
  to   space 512K, 0% used [0x00000000f9000000,0x00000000f9000000,0x00000000f9080000)
 ParOldGen       total 87552K, used 19110K [0x0000000081e00000, 0x0000000087380000, 0x00000000d5f80000)
  object space 87552K, 21% used [0x0000000081e00000,0x00000000830a9bd0,0x0000000087380000)
 Metaspace       used 19382K, capacity 20218K, committed 20480K, reserved 1067008K
  class space    used 2554K, capacity 2748K, committed 2816K, reserved 1048576K
Event: 51.087 GC heap after
Heap after GC invocations=489 (full 1):
 PSYoungGen      total 153088K, used 32K [0x00000000d5f80000, 0x00000000f9080000, 0x0000000100000000)
  eden space 152576K, 0% used [0x00000000d5f80000,0x00000000d5f80000,0x00000000df480000)
  from space 512K, 6% used [0x00000000f9000000,0x00000000f9008000,0x00000000f9080000)
  to   space 512K, 0% used [0x00000000f8f80000,0x00000000f8f80000,0x00000000f9000000)
 ParOldGen       total 87552K, used 19110K [0x0000000081e00000, 0x0000000087380000, 0x00000000d5f80000)
  object space 87552K, 21% used [0x0000000081e00000,0x00000000830a9bd0,0x0000000087380000)
 Metaspace       used 19382K, capacity 20218K, committed 20480K, reserved 1067008K
  class space    used 2554K, capacity 2748K, committed 2816K, reserved 1048576K
}
Event: 51.141 GC heap before
{Heap before GC invocations=490 (full 1):
 PSYoungGen      total 153088K, used 152608K [0x00000000d5f80000, 0x00000000f9080000, 0x0000000100000000)
  eden space 152576K, 100% used [0x00000000d5f80000,0x00000000df480000,0x00000000df480000)
  from space 512K, 6% used [0x00000000f9000000,0x00000000f9008000,0x00000000f9080000)
  to   space 512K, 0% used [0x00000000f8f80000,0x00000000f8f80000,0x00000000f9000000)
 ParOldGen       total 87552K, used 19110K [0x0000000081e00000, 0x0000000087380000, 0x00000000d5f80000)
  object space 87552K, 21% used [0x0000000081e00000,0x00000000830a9bd0,0x0000000087380000)
 Metaspace       used 19382K, capacity 20218K, committed 20480K, reserved 1067008K
  class space    used 2554K, capacity 2748K, committed 2816K, reserved 1048576K
Event: 51.141 GC heap after
Heap after GC invocations=490 (full 1):
 PSYoungGen      total 183808K, used 0K [0x00000000d5f80000, 0x00000000f9080000, 0x0000000100000000)
  eden space 183296K, 0% used [0x00000000d5f80000,0x00000000d5f80000,0x00000000e1280000)
  from space 512K, 0% used [0x00000000f8f80000,0x00000000f8f80000,0x00000000f9000000)
  to   space 512K, 0% used [0x00000000f9000000,0x00000000f9000000,0x00000000f9080000)
 ParOldGen       total 87552K, used 19110K [0x0000000081e00000, 0x0000000087380000, 0x00000000d5f80000)
  object space 87552K, 21% used [0x0000000081e00000,0x00000000830a9bd0,0x0000000087380000)
 Metaspace       used 19382K, capacity 20218K, committed 20480K, reserved 1067008K
  class space    used 2554K, capacity 2748K, committed 2816K, reserved 1048576K
}

