# JRE version: Java(TM) SE Runtime Environment (8.0_92-b14) (build 1.8.0_92-b14)
# Java VM: Java HotSpot(TM) 64-Bit Server VM (25.92-b14 mixed mode windows-amd64 compressed oops)
Heap:
 PSYoungGen      total 30208K, used 11004K [0x00000000d5f80000, 0x00000000d9080000, 0x0000000100000000)
  eden space 29696K, 35% used [0x00000000d5f80000,0x00000000d69bf3a0,0x00000000d7c80000)
  from space 512K, 100% used [0x00000000d7d00000,0x00000000d7d80000,0x00000000d7d80000)
  to   space 10240K, 0% used [0x00000000d8680000,0x00000000d8680000,0x00000000d9080000)
 ParOldGen       total 87552K, used 9757K [0x0000000081e00000, 0x0000000087380000, 0x00000000d5f80000)
  object space 87552K, 11% used [0x0000000081e00000,0x0000000082787508,0x0000000087380000)
 Metaspace       used 18344K, capacity 19200K, committed 19328K, reserved 1067008K
  class space    used 2455K, capacity 2651K, committed 2688K, reserved 1048576K
GC Heap History (10 events):
Event: 57.805 GC heap before
{Heap before GC invocations=7 (full 0):
 PSYoungGen      total 39936K, used 37456K [0x00000000d5f80000, 0x00000000d9000000, 0x0000000100000000)
  eden space 32256K, 100% used [0x00000000d5f80000,0x00000000d7f00000,0x00000000d7f00000)
  from space 7680K, 67% used [0x00000000d8880000,0x00000000d8d94040,0x00000000d9000000)
  to   space 8704K, 0% used [0x00000000d7f00000,0x00000000d7f00000,0x00000000d8780000)
 ParOldGen       total 87552K, used 4605K [0x0000000081e00000, 0x0000000087380000, 0x00000000d5f80000)
  object space 87552K, 5% used [0x0000000081e00000,0x000000008227f530,0x0000000087380000)
 Metaspace       used 18236K, capacity 19074K, committed 19328K, reserved 1067008K
  class space    used 2441K, capacity 2638K, committed 2688K, reserved 1048576K
Event: 57.814 GC heap after
Heap after GC invocations=7 (full 0):
 PSYoungGen      total 40448K, used 448K [0x00000000d5f80000, 0x00000000d9180000, 0x0000000100000000)
  eden space 31744K, 0% used [0x00000000d5f80000,0x00000000d5f80000,0x00000000d7e80000)
  from space 8704K, 5% used [0x00000000d7f00000,0x00000000d7f70000,0x00000000d8780000)
  to   space 9728K, 0% used [0x00000000d8800000,0x00000000d8800000,0x00000000d9180000)
 ParOldGen       total 87552K, used 9405K [0x0000000081e00000, 0x0000000087380000, 0x00000000d5f80000)
  object space 87552K, 10% used [0x0000000081e00000,0x000000008272f4c8,0x0000000087380000)
 Metaspace       used 18236K, capacity 19074K, committed 19328K, reserved 1067008K
  class space    used 2441K, capacity 2638K, committed 2688K, reserved 1048576K
}
Event: 60.145 GC heap before
{Heap before GC invocations=8 (full 0):
 PSYoungGen      total 40448K, used 32192K [0x00000000d5f80000, 0x00000000d9180000, 0x0000000100000000)
  eden space 31744K, 100% used [0x00000000d5f80000,0x00000000d7e80000,0x00000000d7e80000)
  from space 8704K, 5% used [0x00000000d7f00000,0x00000000d7f70000,0x00000000d8780000)
  to   space 9728K, 0% used [0x00000000d8800000,0x00000000d8800000,0x00000000d9180000)
 ParOldGen       total 87552K, used 9405K [0x0000000081e00000, 0x0000000087380000, 0x00000000d5f80000)
  object space 87552K, 10% used [0x0000000081e00000,0x000000008272f4c8,0x0000000087380000)
 Metaspace       used 18236K, capacity 19074K, committed 19328K, reserved 1067008K
  class space    used 2441K, capacity 2638K, committed 2688K, reserved 1048576K
Event: 60.146 GC heap after
Heap after GC invocations=8 (full 0):
 PSYoungGen      total 40448K, used 576K [0x00000000d5f80000, 0x00000000d9100000, 0x0000000100000000)
  eden space 31232K, 0% used [0x00000000d5f80000,0x00000000d5f80000,0x00000000d7e00000)
  from space 9216K, 6% used [0x00000000d8800000,0x00000000d8890000,0x00000000d9100000)
  to   space 9728K, 0% used [0x00000000d7e00000,0x00000000d7e00000,0x00000000d8780000)
 ParOldGen       total 87552K, used 9445K [0x0000000081e00000, 0x0000000087380000, 0x00000000d5f80000)
  object space 87552K, 10% used [0x0000000081e00000,0x00000000827394c8,0x0000000087380000)
 Metaspace       used 18236K, capacity 19074K, committed 19328K, reserved 1067008K
  class space    used 2441K, capacity 2638K, committed 2688K, reserved 1048576K
}
Event: 62.254 GC heap before
{Heap before GC invocations=9 (full 0):
 PSYoungGen      total 40448K, used 31808K [0x00000000d5f80000, 0x00000000d9100000, 0x0000000100000000)
  eden space 31232K, 100% used [0x00000000d5f80000,0x00000000d7e00000,0x00000000d7e00000)
  from space 9216K, 6% used [0x00000000d8800000,0x00000000d8890000,0x00000000d9100000)
  to   space 9728K, 0% used [0x00000000d7e00000,0x00000000d7e00000,0x00000000d8780000)
 ParOldGen       total 87552K, used 9445K [0x0000000081e00000, 0x0000000087380000, 0x00000000d5f80000)
  object space 87552K, 10% used [0x0000000081e00000,0x00000000827394c8,0x0000000087380000)
 Metaspace       used 18247K, capacity 19074K, committed 19328K, reserved 1067008K
  class space    used 2443K, capacity 2638K, committed 2688K, reserved 1048576K
Event: 62.255 GC heap after
Heap after GC invocations=9 (full 0):
 PSYoungGen      total 40448K, used 512K [0x00000000d5f80000, 0x00000000d9180000, 0x0000000100000000)
  eden space 30720K, 0% used [0x00000000d5f80000,0x00000000d5f80000,0x00000000d7d80000)
  from space 9728K, 5% used [0x00000000d7e00000,0x00000000d7e80000,0x00000000d8780000)
  to   space 10240K, 0% used [0x00000000d8780000,0x00000000d8780000,0x00000000d9180000)
 ParOldGen       total 87552K, used 9469K [0x0000000081e00000, 0x0000000087380000, 0x00000000d5f80000)
  object space 87552K, 10% used [0x0000000081e00000,0x000000008273f4c8,0x0000000087380000)
 Metaspace       used 18247K, capacity 19074K, committed 19328K, reserved 1067008K
  class space    used 2443K, capacity 2638K, committed 2688K, reserved 1048576K
}
Event: 66.273 GC heap before
{Heap before GC invocations=10 (full 0):
 PSYoungGen      total 40448K, used 31232K [0x00000000d5f80000, 0x00000000d9180000, 0x0000000100000000)
  eden space 30720K, 100% used [0x00000000d5f80000,0x00000000d7d80000,0x00000000d7d80000)
  from space 9728K, 5% used [0x00000000d7e00000,0x00000000d7e80000,0x00000000d8780000)
  to   space 10240K, 0% used [0x00000000d8780000,0x00000000d8780000,0x00000000d9180000)
 ParOldGen       total 87552K, used 9469K [0x0000000081e00000, 0x0000000087380000, 0x00000000d5f80000)
  object space 87552K, 10% used [0x0000000081e00000,0x000000008273f4c8,0x0000000087380000)
 Metaspace       used 18269K, capacity 19138K, committed 19328K, reserved 1067008K
  class space    used 2443K, capacity 2638K, committed 2688K, reserved 1048576K
Event: 66.275 GC heap after
Heap after GC invocations=10 (full 0):
 PSYoungGen      total 39936K, used 544K [0x00000000d5f80000, 0x00000000d9100000, 0x0000000100000000)
  eden space 30208K, 0% used [0x00000000d5f80000,0x00000000d5f80000,0x00000000d7d00000)
  from space 9728K, 5% used [0x00000000d8780000,0x00000000d8808000,0x00000000d9100000)
  to   space 10240K, 0% used [0x00000000d7d00000,0x00000000d7d00000,0x00000000d8700000)
 ParOldGen       total 87552K, used 9485K [0x0000000081e00000, 0x0000000087380000, 0x00000000d5f80000)
  object space 87552K, 10% used [0x0000000081e00000,0x00000000827434c8,0x0000000087380000)
 Metaspace       used 18269K, capacity 19138K, committed 19328K, reserved 1067008K
  class space    used 2443K, capacity 2638K, committed 2688K, reserved 1048576K
}
Event: 70.031 GC heap before
{Heap before GC invocations=11 (full 0):
 PSYoungGen      total 39936K, used 30752K [0x00000000d5f80000, 0x00000000d9100000, 0x0000000100000000)
  eden space 30208K, 100% used [0x00000000d5f80000,0x00000000d7d00000,0x00000000d7d00000)
  from space 9728K, 5% used [0x00000000d8780000,0x00000000d8808000,0x00000000d9100000)
  to   space 10240K, 0% used [0x00000000d7d00000,0x00000000d7d00000,0x00000000d8700000)
 ParOldGen       total 87552K, used 9485K [0x0000000081e00000, 0x0000000087380000, 0x00000000d5f80000)
  object space 87552K, 10% used [0x0000000081e00000,0x00000000827434c8,0x0000000087380000)
 Metaspace       used 18276K, capacity 19138K, committed 19328K, reserved 1067008K
  class space    used 2443K, capacity 2638K, committed 2688K, reserved 1048576K
Event: 70.032 GC heap after
Heap after GC invocations=11 (full 0):
 PSYoungGen      total 30208K, used 512K [0x00000000d5f80000, 0x00000000d9080000, 0x0000000100000000)
  eden space 29696K, 0% used [0x00000000d5f80000,0x00000000d5f80000,0x00000000d7c80000)
  from space 512K, 100% used [0x00000000d7d00000,0x00000000d7d80000,0x00000000d7d80000)
  to   space 10240K, 0% used [0x00000000d8680000,0x00000000d8680000,0x00000000d9080000)
 ParOldGen       total 87552K, used 9757K [0x0000000081e00000, 0x0000000087380000, 0x00000000d5f80000)
  object space 87552K, 11% used [0x0000000081e00000,0x0000000082787508,0x0000000087380000)
 Metaspace       used 18276K, capacity 19138K, committed 19328K, reserved 1067008K
  class space    used 2443K, capacity 2638K, committed 2688K, reserved 1048576K
}

